{"C:\\Users\\ICW001\\Desktop\\WebPlattformHB\\src\\App-test.jsx": {"path":"C:\\Users\\ICW001\\Desktop\\WebPlattformHB\\src\\App-test.jsx","statementMap":{"0":{"start":{"line":4,"column":2},"end":{"line":37,"column":4}},"1":{"start":{"line":23,"column":25},"end":{"line":23,"column":47}}},"fnMap":{"0":{"name":"App","decl":{"start":{"line":3,"column":9},"end":{"line":3,"column":12}},"loc":{"start":{"line":3,"column":15},"end":{"line":38,"column":1}},"line":3},"1":{"name":"(anonymous_1)","decl":{"start":{"line":23,"column":19},"end":{"line":23,"column":20}},"loc":{"start":{"line":23,"column":25},"end":{"line":23,"column":47}},"line":23}},"branchMap":{},"s":{"0":0,"1":0},"f":{"0":0,"1":0},"b":{}}
,"C:\\Users\\ICW001\\Desktop\\WebPlattformHB\\src\\App.jsx": {"path":"C:\\Users\\ICW001\\Desktop\\WebPlattformHB\\src\\App.jsx","statementMap":{"0":{"start":{"line":23,"column":23},"end":{"line":191,"column":1}},"1":{"start":{"line":24,"column":28},"end":{"line":29,"column":4}},"2":{"start":{"line":31,"column":2},"end":{"line":58,"column":18}},"3":{"start":{"line":32,"column":22},"end":{"line":53,"column":5}},"4":{"start":{"line":33,"column":21},"end":{"line":33,"column":77}},"5":{"start":{"line":34,"column":23},"end":{"line":34,"column":81}},"6":{"start":{"line":35,"column":23},"end":{"line":35,"column":89}},"7":{"start":{"line":37,"column":6},"end":{"line":52,"column":9}},"8":{"start":{"line":40,"column":36},"end":{"line":40,"column":86}},"9":{"start":{"line":44,"column":38},"end":{"line":44,"column":58}},"10":{"start":{"line":45,"column":45},"end":{"line":45,"column":72}},"11":{"start":{"line":49,"column":36},"end":{"line":49,"column":54}},"12":{"start":{"line":51,"column":37},"end":{"line":51,"column":59}},"13":{"start":{"line":51,"column":80},"end":{"line":51,"column":101}},"14":{"start":{"line":55,"column":4},"end":{"line":55,"column":16}},"15":{"start":{"line":56,"column":21},"end":{"line":56,"column":49}},"16":{"start":{"line":57,"column":4},"end":{"line":57,"column":41}},"17":{"start":{"line":57,"column":17},"end":{"line":57,"column":40}},"18":{"start":{"line":60,"column":19},"end":{"line":91,"column":3}},"19":{"start":{"line":61,"column":4},"end":{"line":90,"column":10}},"20":{"start":{"line":93,"column":2},"end":{"line":190,"column":4}},"21":{"start":{"line":194,"column":23},"end":{"line":330,"column":1}},"22":{"start":{"line":195,"column":28},"end":{"line":200,"column":4}},"23":{"start":{"line":202,"column":2},"end":{"line":233,"column":24}},"24":{"start":{"line":203,"column":22},"end":{"line":228,"column":5}},"25":{"start":{"line":204,"column":23},"end":{"line":205,"column":90}},"26":{"start":{"line":205,"column":21},"end":{"line":205,"column":89}},"27":{"start":{"line":206,"column":21},"end":{"line":207,"column":90}},"28":{"start":{"line":207,"column":21},"end":{"line":207,"column":89}},"29":{"start":{"line":208,"column":23},"end":{"line":209,"column":90}},"30":{"start":{"line":209,"column":21},"end":{"line":209,"column":89}},"31":{"start":{"line":211,"column":6},"end":{"line":227,"column":9}},"32":{"start":{"line":214,"column":36},"end":{"line":214,"column":54}},"33":{"start":{"line":215,"column":43},"end":{"line":215,"column":68}},"34":{"start":{"line":219,"column":36},"end":{"line":219,"column":60}},"35":{"start":{"line":223,"column":38},"end":{"line":223,"column":58}},"36":{"start":{"line":224,"column":40},"end":{"line":224,"column":62}},"37":{"start":{"line":226,"column":50},"end":{"line":226,"column":71}},"38":{"start":{"line":230,"column":4},"end":{"line":230,"column":16}},"39":{"start":{"line":231,"column":21},"end":{"line":231,"column":49}},"40":{"start":{"line":232,"column":4},"end":{"line":232,"column":41}},"41":{"start":{"line":232,"column":17},"end":{"line":232,"column":40}},"42":{"start":{"line":235,"column":19},"end":{"line":257,"column":3}},"43":{"start":{"line":236,"column":4},"end":{"line":256,"column":10}},"44":{"start":{"line":259,"column":2},"end":{"line":329,"column":4}},"45":{"start":{"line":310,"column":12},"end":{"line":310,"column":70}},"46":{"start":{"line":332,"column":15},"end":{"line":462,"column":1}},"47":{"start":{"line":333,"column":42},"end":{"line":333,"column":57}},"48":{"start":{"line":335,"column":2},"end":{"line":347,"column":21}},"49":{"start":{"line":336,"column":31},"end":{"line":338,"column":5}},"50":{"start":{"line":337,"column":6},"end":{"line":337,"column":29}},"51":{"start":{"line":340,"column":4},"end":{"line":342,"column":5}},"52":{"start":{"line":341,"column":6},"end":{"line":341,"column":61}},"53":{"start":{"line":344,"column":4},"end":{"line":346,"column":6}},"54":{"start":{"line":345,"column":6},"end":{"line":345,"column":64}},"55":{"start":{"line":349,"column":2},"end":{"line":461,"column":4}},"56":{"start":{"line":367,"column":12},"end":{"line":367,"column":32}},"57":{"start":{"line":368,"column":12},"end":{"line":368,"column":43}},"58":{"start":{"line":416,"column":16},"end":{"line":416,"column":50}},"59":{"start":{"line":417,"column":16},"end":{"line":417,"column":39}},"60":{"start":{"line":438,"column":16},"end":{"line":438,"column":27}},"61":{"start":{"line":439,"column":16},"end":{"line":439,"column":39}},"62":{"start":{"line":464,"column":16},"end":{"line":542,"column":1}},"63":{"start":{"line":465,"column":18},"end":{"line":465,"column":70}},"64":{"start":{"line":467,"column":15},"end":{"line":471,"column":3}},"65":{"start":{"line":468,"column":4},"end":{"line":470,"column":10}},"66":{"start":{"line":473,"column":25},"end":{"line":485,"column":3}},"67":{"start":{"line":487,"column":28},"end":{"line":493,"column":3}},"68":{"start":{"line":495,"column":20},"end":{"line":495,"column":64}},"69":{"start":{"line":497,"column":2},"end":{"line":541,"column":4}},"70":{"start":{"line":516,"column":10},"end":{"line":537,"column":17}},"71":{"start":{"line":519,"column":27},"end":{"line":519,"column":49}},"72":{"start":{"line":544,"column":21},"end":{"line":627,"column":1}},"73":{"start":{"line":545,"column":23},"end":{"line":553,"column":3}},"74":{"start":{"line":555,"column":2},"end":{"line":626,"column":4}},"75":{"start":{"line":629,"column":23},"end":{"line":847,"column":1}},"76":{"start":{"line":630,"column":38},"end":{"line":630,"column":50}},"77":{"start":{"line":631,"column":34},"end":{"line":631,"column":46}},"78":{"start":{"line":632,"column":28},"end":{"line":632,"column":40}},"79":{"start":{"line":633,"column":36},"end":{"line":633,"column":51}},"80":{"start":{"line":635,"column":23},"end":{"line":650,"column":3}},"81":{"start":{"line":636,"column":4},"end":{"line":636,"column":23}},"82":{"start":{"line":637,"column":4},"end":{"line":637,"column":23}},"83":{"start":{"line":638,"column":4},"end":{"line":638,"column":17}},"84":{"start":{"line":640,"column":4},"end":{"line":649,"column":5}},"85":{"start":{"line":641,"column":22},"end":{"line":641,"column":47}},"86":{"start":{"line":642,"column":6},"end":{"line":644,"column":7}},"87":{"start":{"line":643,"column":8},"end":{"line":643,"column":45}},"88":{"start":{"line":646,"column":6},"end":{"line":646,"column":58}},"89":{"start":{"line":648,"column":6},"end":{"line":648,"column":26}},"90":{"start":{"line":652,"column":2},"end":{"line":846,"column":4}},"91":{"start":{"line":704,"column":31},"end":{"line":704,"column":60}},"92":{"start":{"line":716,"column":30},"end":{"line":716,"column":68}},"93":{"start":{"line":717,"column":29},"end":{"line":717,"column":67}},"94":{"start":{"line":740,"column":31},"end":{"line":740,"column":58}},"95":{"start":{"line":752,"column":30},"end":{"line":752,"column":68}},"96":{"start":{"line":753,"column":29},"end":{"line":753,"column":67}},"97":{"start":{"line":788,"column":33},"end":{"line":788,"column":86}},"98":{"start":{"line":789,"column":33},"end":{"line":789,"column":86}},"99":{"start":{"line":809,"column":16},"end":{"line":809,"column":43}},"100":{"start":{"line":810,"column":16},"end":{"line":810,"column":39}},"101":{"start":{"line":827,"column":16},"end":{"line":827,"column":43}},"102":{"start":{"line":828,"column":16},"end":{"line":828,"column":40}},"103":{"start":{"line":850,"column":26},"end":{"line":850,"column":40}},"104":{"start":{"line":851,"column":32},"end":{"line":851,"column":46}},"105":{"start":{"line":852,"column":36},"end":{"line":852,"column":56}},"106":{"start":{"line":853,"column":40},"end":{"line":853,"column":55}},"107":{"start":{"line":855,"column":2},"end":{"line":873,"column":9}},"108":{"start":{"line":856,"column":18},"end":{"line":856,"column":22}},"109":{"start":{"line":857,"column":21},"end":{"line":870,"column":5}},"110":{"start":{"line":858,"column":6},"end":{"line":869,"column":7}},"111":{"start":{"line":859,"column":28},"end":{"line":859,"column":62}},"112":{"start":{"line":860,"column":8},"end":{"line":862,"column":9}},"113":{"start":{"line":861,"column":10},"end":{"line":861,"column":31}},"114":{"start":{"line":864,"column":8},"end":{"line":864,"column":60}},"115":{"start":{"line":866,"column":8},"end":{"line":868,"column":9}},"116":{"start":{"line":867,"column":10},"end":{"line":867,"column":28}},"117":{"start":{"line":871,"column":4},"end":{"line":871,"column":15}},"118":{"start":{"line":872,"column":4},"end":{"line":872,"column":38}},"119":{"start":{"line":872,"column":19},"end":{"line":872,"column":35}},"120":{"start":{"line":875,"column":16},"end":{"line":885,"column":3}},"121":{"start":{"line":876,"column":4},"end":{"line":884,"column":5}},"122":{"start":{"line":877,"column":6},"end":{"line":877,"column":42}},"123":{"start":{"line":878,"column":19},"end":{"line":878,"column":53}},"124":{"start":{"line":879,"column":6},"end":{"line":879,"column":20}},"125":{"start":{"line":880,"column":6},"end":{"line":880,"column":18}},"126":{"start":{"line":882,"column":6},"end":{"line":882,"column":44}},"127":{"start":{"line":883,"column":6},"end":{"line":883,"column":19}},"128":{"start":{"line":887,"column":17},"end":{"line":895,"column":3}},"129":{"start":{"line":888,"column":4},"end":{"line":894,"column":5}},"130":{"start":{"line":889,"column":6},"end":{"line":889,"column":33}},"131":{"start":{"line":890,"column":6},"end":{"line":890,"column":20}},"132":{"start":{"line":891,"column":6},"end":{"line":891,"column":33}},"133":{"start":{"line":893,"column":6},"end":{"line":893,"column":45}},"134":{"start":{"line":897,"column":2},"end":{"line":909,"column":3}},"135":{"start":{"line":898,"column":4},"end":{"line":908,"column":6}},"136":{"start":{"line":911,"column":2},"end":{"line":913,"column":3}},"137":{"start":{"line":912,"column":4},"end":{"line":912,"column":46}},"138":{"start":{"line":915,"column":2},"end":{"line":957,"column":4}},"139":{"start":{"line":918,"column":67},"end":{"line":918,"column":87}},"140":{"start":{"line":919,"column":65},"end":{"line":919,"column":86}}},"fnMap":{"0":{"name":"(anonymous_0)","decl":{"start":{"line":23,"column":23},"end":{"line":23,"column":24}},"loc":{"start":{"line":23,"column":62},"end":{"line":191,"column":1}},"line":23},"1":{"name":"(anonymous_1)","decl":{"start":{"line":31,"column":12},"end":{"line":31,"column":13}},"loc":{"start":{"line":31,"column":18},"end":{"line":58,"column":3}},"line":31},"2":{"name":"(anonymous_2)","decl":{"start":{"line":32,"column":22},"end":{"line":32,"column":23}},"loc":{"start":{"line":32,"column":28},"end":{"line":53,"column":5}},"line":32},"3":{"name":"(anonymous_3)","decl":{"start":{"line":40,"column":31},"end":{"line":40,"column":32}},"loc":{"start":{"line":40,"column":36},"end":{"line":40,"column":86}},"line":40},"4":{"name":"(anonymous_4)","decl":{"start":{"line":44,"column":33},"end":{"line":44,"column":34}},"loc":{"start":{"line":44,"column":38},"end":{"line":44,"column":58}},"line":44},"5":{"name":"(anonymous_5)","decl":{"start":{"line":45,"column":40},"end":{"line":45,"column":41}},"loc":{"start":{"line":45,"column":45},"end":{"line":45,"column":72}},"line":45},"6":{"name":"(anonymous_6)","decl":{"start":{"line":49,"column":31},"end":{"line":49,"column":32}},"loc":{"start":{"line":49,"column":36},"end":{"line":49,"column":54}},"line":49},"7":{"name":"(anonymous_7)","decl":{"start":{"line":51,"column":32},"end":{"line":51,"column":33}},"loc":{"start":{"line":51,"column":37},"end":{"line":51,"column":59}},"line":51},"8":{"name":"(anonymous_8)","decl":{"start":{"line":51,"column":68},"end":{"line":51,"column":69}},"loc":{"start":{"line":51,"column":80},"end":{"line":51,"column":101}},"line":51},"9":{"name":"(anonymous_9)","decl":{"start":{"line":57,"column":11},"end":{"line":57,"column":12}},"loc":{"start":{"line":57,"column":17},"end":{"line":57,"column":40}},"line":57},"10":{"name":"(anonymous_10)","decl":{"start":{"line":60,"column":19},"end":{"line":60,"column":20}},"loc":{"start":{"line":61,"column":4},"end":{"line":90,"column":10}},"line":61},"11":{"name":"(anonymous_11)","decl":{"start":{"line":194,"column":23},"end":{"line":194,"column":24}},"loc":{"start":{"line":194,"column":62},"end":{"line":330,"column":1}},"line":194},"12":{"name":"(anonymous_12)","decl":{"start":{"line":202,"column":12},"end":{"line":202,"column":13}},"loc":{"start":{"line":202,"column":18},"end":{"line":233,"column":3}},"line":202},"13":{"name":"(anonymous_13)","decl":{"start":{"line":203,"column":22},"end":{"line":203,"column":23}},"loc":{"start":{"line":203,"column":28},"end":{"line":228,"column":5}},"line":203},"14":{"name":"(anonymous_14)","decl":{"start":{"line":205,"column":16},"end":{"line":205,"column":17}},"loc":{"start":{"line":205,"column":21},"end":{"line":205,"column":89}},"line":205},"15":{"name":"(anonymous_15)","decl":{"start":{"line":207,"column":16},"end":{"line":207,"column":17}},"loc":{"start":{"line":207,"column":21},"end":{"line":207,"column":89}},"line":207},"16":{"name":"(anonymous_16)","decl":{"start":{"line":209,"column":16},"end":{"line":209,"column":17}},"loc":{"start":{"line":209,"column":21},"end":{"line":209,"column":89}},"line":209},"17":{"name":"(anonymous_17)","decl":{"start":{"line":214,"column":31},"end":{"line":214,"column":32}},"loc":{"start":{"line":214,"column":36},"end":{"line":214,"column":54}},"line":214},"18":{"name":"(anonymous_18)","decl":{"start":{"line":215,"column":38},"end":{"line":215,"column":39}},"loc":{"start":{"line":215,"column":43},"end":{"line":215,"column":68}},"line":215},"19":{"name":"(anonymous_19)","decl":{"start":{"line":219,"column":31},"end":{"line":219,"column":32}},"loc":{"start":{"line":219,"column":36},"end":{"line":219,"column":60}},"line":219},"20":{"name":"(anonymous_20)","decl":{"start":{"line":223,"column":33},"end":{"line":223,"column":34}},"loc":{"start":{"line":223,"column":38},"end":{"line":223,"column":58}},"line":223},"21":{"name":"(anonymous_21)","decl":{"start":{"line":224,"column":35},"end":{"line":224,"column":36}},"loc":{"start":{"line":224,"column":40},"end":{"line":224,"column":62}},"line":224},"22":{"name":"(anonymous_22)","decl":{"start":{"line":226,"column":38},"end":{"line":226,"column":39}},"loc":{"start":{"line":226,"column":50},"end":{"line":226,"column":71}},"line":226},"23":{"name":"(anonymous_23)","decl":{"start":{"line":232,"column":11},"end":{"line":232,"column":12}},"loc":{"start":{"line":232,"column":17},"end":{"line":232,"column":40}},"line":232},"24":{"name":"(anonymous_24)","decl":{"start":{"line":235,"column":19},"end":{"line":235,"column":20}},"loc":{"start":{"line":236,"column":4},"end":{"line":256,"column":10}},"line":236},"25":{"name":"(anonymous_25)","decl":{"start":{"line":309,"column":27},"end":{"line":309,"column":28}},"loc":{"start":{"line":309,"column":33},"end":{"line":311,"column":11}},"line":309},"26":{"name":"(anonymous_26)","decl":{"start":{"line":332,"column":15},"end":{"line":332,"column":16}},"loc":{"start":{"line":332,"column":54},"end":{"line":462,"column":1}},"line":332},"27":{"name":"(anonymous_27)","decl":{"start":{"line":335,"column":12},"end":{"line":335,"column":13}},"loc":{"start":{"line":335,"column":18},"end":{"line":347,"column":3}},"line":335},"28":{"name":"(anonymous_28)","decl":{"start":{"line":336,"column":31},"end":{"line":336,"column":32}},"loc":{"start":{"line":336,"column":42},"end":{"line":338,"column":5}},"line":336},"29":{"name":"(anonymous_29)","decl":{"start":{"line":344,"column":11},"end":{"line":344,"column":12}},"loc":{"start":{"line":344,"column":17},"end":{"line":346,"column":5}},"line":344},"30":{"name":"(anonymous_30)","decl":{"start":{"line":366,"column":19},"end":{"line":366,"column":20}},"loc":{"start":{"line":366,"column":26},"end":{"line":369,"column":11}},"line":366},"31":{"name":"(anonymous_31)","decl":{"start":{"line":415,"column":23},"end":{"line":415,"column":24}},"loc":{"start":{"line":415,"column":29},"end":{"line":418,"column":15}},"line":415},"32":{"name":"(anonymous_32)","decl":{"start":{"line":437,"column":23},"end":{"line":437,"column":24}},"loc":{"start":{"line":437,"column":29},"end":{"line":440,"column":15}},"line":437},"33":{"name":"(anonymous_33)","decl":{"start":{"line":464,"column":16},"end":{"line":464,"column":17}},"loc":{"start":{"line":464,"column":55},"end":{"line":542,"column":1}},"line":464},"34":{"name":"(anonymous_34)","decl":{"start":{"line":467,"column":15},"end":{"line":467,"column":16}},"loc":{"start":{"line":468,"column":4},"end":{"line":470,"column":10}},"line":468},"35":{"name":"(anonymous_35)","decl":{"start":{"line":515,"column":23},"end":{"line":515,"column":24}},"loc":{"start":{"line":516,"column":10},"end":{"line":537,"column":17}},"line":516},"36":{"name":"(anonymous_36)","decl":{"start":{"line":519,"column":21},"end":{"line":519,"column":22}},"loc":{"start":{"line":519,"column":27},"end":{"line":519,"column":49}},"line":519},"37":{"name":"(anonymous_37)","decl":{"start":{"line":544,"column":21},"end":{"line":544,"column":22}},"loc":{"start":{"line":544,"column":44},"end":{"line":627,"column":1}},"line":544},"38":{"name":"(anonymous_38)","decl":{"start":{"line":629,"column":23},"end":{"line":629,"column":24}},"loc":{"start":{"line":629,"column":40},"end":{"line":847,"column":1}},"line":629},"39":{"name":"(anonymous_39)","decl":{"start":{"line":635,"column":23},"end":{"line":635,"column":24}},"loc":{"start":{"line":635,"column":36},"end":{"line":650,"column":3}},"line":635},"40":{"name":"(anonymous_40)","decl":{"start":{"line":704,"column":24},"end":{"line":704,"column":25}},"loc":{"start":{"line":704,"column":31},"end":{"line":704,"column":60}},"line":704},"41":{"name":"(anonymous_41)","decl":{"start":{"line":716,"column":23},"end":{"line":716,"column":24}},"loc":{"start":{"line":716,"column":30},"end":{"line":716,"column":68}},"line":716},"42":{"name":"(anonymous_42)","decl":{"start":{"line":717,"column":22},"end":{"line":717,"column":23}},"loc":{"start":{"line":717,"column":29},"end":{"line":717,"column":67}},"line":717},"43":{"name":"(anonymous_43)","decl":{"start":{"line":740,"column":24},"end":{"line":740,"column":25}},"loc":{"start":{"line":740,"column":31},"end":{"line":740,"column":58}},"line":740},"44":{"name":"(anonymous_44)","decl":{"start":{"line":752,"column":23},"end":{"line":752,"column":24}},"loc":{"start":{"line":752,"column":30},"end":{"line":752,"column":68}},"line":752},"45":{"name":"(anonymous_45)","decl":{"start":{"line":753,"column":22},"end":{"line":753,"column":23}},"loc":{"start":{"line":753,"column":29},"end":{"line":753,"column":67}},"line":753},"46":{"name":"(anonymous_46)","decl":{"start":{"line":788,"column":26},"end":{"line":788,"column":27}},"loc":{"start":{"line":788,"column":33},"end":{"line":788,"column":86}},"line":788},"47":{"name":"(anonymous_47)","decl":{"start":{"line":789,"column":26},"end":{"line":789,"column":27}},"loc":{"start":{"line":789,"column":33},"end":{"line":789,"column":86}},"line":789},"48":{"name":"(anonymous_48)","decl":{"start":{"line":808,"column":23},"end":{"line":808,"column":24}},"loc":{"start":{"line":808,"column":29},"end":{"line":811,"column":15}},"line":808},"49":{"name":"(anonymous_49)","decl":{"start":{"line":826,"column":23},"end":{"line":826,"column":24}},"loc":{"start":{"line":826,"column":29},"end":{"line":829,"column":15}},"line":826},"50":{"name":"App","decl":{"start":{"line":849,"column":9},"end":{"line":849,"column":12}},"loc":{"start":{"line":849,"column":15},"end":{"line":958,"column":1}},"line":849},"51":{"name":"(anonymous_51)","decl":{"start":{"line":855,"column":12},"end":{"line":855,"column":13}},"loc":{"start":{"line":855,"column":18},"end":{"line":873,"column":3}},"line":855},"52":{"name":"(anonymous_52)","decl":{"start":{"line":857,"column":21},"end":{"line":857,"column":22}},"loc":{"start":{"line":857,"column":33},"end":{"line":870,"column":5}},"line":857},"53":{"name":"(anonymous_53)","decl":{"start":{"line":872,"column":11},"end":{"line":872,"column":12}},"loc":{"start":{"line":872,"column":17},"end":{"line":872,"column":37}},"line":872},"54":{"name":"(anonymous_54)","decl":{"start":{"line":875,"column":16},"end":{"line":875,"column":17}},"loc":{"start":{"line":875,"column":38},"end":{"line":885,"column":3}},"line":875},"55":{"name":"(anonymous_55)","decl":{"start":{"line":887,"column":17},"end":{"line":887,"column":18}},"loc":{"start":{"line":887,"column":29},"end":{"line":895,"column":3}},"line":887},"56":{"name":"(anonymous_56)","decl":{"start":{"line":918,"column":61},"end":{"line":918,"column":62}},"loc":{"start":{"line":918,"column":67},"end":{"line":918,"column":87}},"line":918},"57":{"name":"(anonymous_57)","decl":{"start":{"line":919,"column":59},"end":{"line":919,"column":60}},"loc":{"start":{"line":919,"column":65},"end":{"line":919,"column":86}},"line":919}},"branchMap":{"0":{"loc":{"start":{"line":33,"column":32},"end":{"line":33,"column":76}},"type":"binary-expr","locations":[{"start":{"line":33,"column":32},"end":{"line":33,"column":68}},{"start":{"line":33,"column":72},"end":{"line":33,"column":76}}],"line":33},"1":{"loc":{"start":{"line":34,"column":34},"end":{"line":34,"column":80}},"type":"binary-expr","locations":[{"start":{"line":34,"column":34},"end":{"line":34,"column":72}},{"start":{"line":34,"column":76},"end":{"line":34,"column":80}}],"line":34},"2":{"loc":{"start":{"line":35,"column":34},"end":{"line":35,"column":88}},"type":"binary-expr","locations":[{"start":{"line":35,"column":34},"end":{"line":35,"column":80}},{"start":{"line":35,"column":84},"end":{"line":35,"column":88}}],"line":35},"3":{"loc":{"start":{"line":40,"column":36},"end":{"line":40,"column":86}},"type":"binary-expr","locations":[{"start":{"line":40,"column":36},"end":{"line":40,"column":58}},{"start":{"line":40,"column":62},"end":{"line":40,"column":86}}],"line":40},"4":{"loc":{"start":{"line":51,"column":87},"end":{"line":51,"column":100}},"type":"binary-expr","locations":[{"start":{"line":51,"column":87},"end":{"line":51,"column":95}},{"start":{"line":51,"column":99},"end":{"line":51,"column":100}}],"line":51},"5":{"loc":{"start":{"line":60,"column":46},"end":{"line":60,"column":63}},"type":"default-arg","locations":[{"start":{"line":60,"column":54},"end":{"line":60,"column":63}}],"line":60},"6":{"loc":{"start":{"line":72,"column":9},"end":{"line":80,"column":9}},"type":"binary-expr","locations":[{"start":{"line":72,"column":9},"end":{"line":72,"column":14}},{"start":{"line":73,"column":10},"end":{"line":79,"column":17}}],"line":72},"7":{"loc":{"start":{"line":74,"column":19},"end":{"line":74,"column":64}},"type":"cond-expr","locations":[{"start":{"line":74,"column":43},"end":{"line":74,"column":52}},{"start":{"line":74,"column":55},"end":{"line":74,"column":64}}],"line":74},"8":{"loc":{"start":{"line":85,"column":7},"end":{"line":89,"column":7}},"type":"binary-expr","locations":[{"start":{"line":85,"column":7},"end":{"line":85,"column":15}},{"start":{"line":86,"column":8},"end":{"line":88,"column":14}}],"line":85},"9":{"loc":{"start":{"line":100,"column":7},"end":{"line":138,"column":7}},"type":"binary-expr","locations":[{"start":{"line":100,"column":7},"end":{"line":100,"column":31}},{"start":{"line":101,"column":8},"end":{"line":137,"column":14}}],"line":100},"10":{"loc":{"start":{"line":141,"column":7},"end":{"line":143,"column":7}},"type":"binary-expr","locations":[{"start":{"line":141,"column":7},"end":{"line":141,"column":31}},{"start":{"line":142,"column":8},"end":{"line":142,"column":35}}],"line":141},"11":{"loc":{"start":{"line":146,"column":7},"end":{"line":148,"column":7}},"type":"binary-expr","locations":[{"start":{"line":146,"column":7},"end":{"line":146,"column":33}},{"start":{"line":147,"column":8},"end":{"line":147,"column":37}}],"line":146},"12":{"loc":{"start":{"line":151,"column":7},"end":{"line":153,"column":7}},"type":"binary-expr","locations":[{"start":{"line":151,"column":7},"end":{"line":151,"column":31}},{"start":{"line":152,"column":8},"end":{"line":152,"column":47}}],"line":151},"13":{"loc":{"start":{"line":156,"column":7},"end":{"line":158,"column":7}},"type":"binary-expr","locations":[{"start":{"line":156,"column":7},"end":{"line":156,"column":37}},{"start":{"line":157,"column":8},"end":{"line":157,"column":37}}],"line":156},"14":{"loc":{"start":{"line":161,"column":7},"end":{"line":163,"column":7}},"type":"binary-expr","locations":[{"start":{"line":161,"column":7},"end":{"line":161,"column":39}},{"start":{"line":162,"column":8},"end":{"line":162,"column":40}}],"line":161},"15":{"loc":{"start":{"line":166,"column":7},"end":{"line":168,"column":7}},"type":"binary-expr","locations":[{"start":{"line":166,"column":7},"end":{"line":166,"column":37}},{"start":{"line":167,"column":8},"end":{"line":167,"column":37}}],"line":166},"16":{"loc":{"start":{"line":171,"column":7},"end":{"line":173,"column":7}},"type":"binary-expr","locations":[{"start":{"line":171,"column":7},"end":{"line":171,"column":33}},{"start":{"line":172,"column":8},"end":{"line":172,"column":26}}],"line":171},"17":{"loc":{"start":{"line":176,"column":7},"end":{"line":178,"column":7}},"type":"binary-expr","locations":[{"start":{"line":176,"column":7},"end":{"line":176,"column":37}},{"start":{"line":177,"column":8},"end":{"line":177,"column":30}}],"line":176},"18":{"loc":{"start":{"line":181,"column":7},"end":{"line":183,"column":7}},"type":"binary-expr","locations":[{"start":{"line":181,"column":7},"end":{"line":181,"column":37}},{"start":{"line":182,"column":8},"end":{"line":182,"column":30}}],"line":181},"19":{"loc":{"start":{"line":186,"column":7},"end":{"line":188,"column":7}},"type":"binary-expr","locations":[{"start":{"line":186,"column":7},"end":{"line":186,"column":46}},{"start":{"line":187,"column":8},"end":{"line":187,"column":39}}],"line":186},"20":{"loc":{"start":{"line":204,"column":34},"end":{"line":204,"column":90}},"type":"binary-expr","locations":[{"start":{"line":204,"column":34},"end":{"line":204,"column":82}},{"start":{"line":204,"column":86},"end":{"line":204,"column":90}}],"line":204},"21":{"loc":{"start":{"line":205,"column":21},"end":{"line":205,"column":89}},"type":"binary-expr","locations":[{"start":{"line":205,"column":21},"end":{"line":205,"column":54}},{"start":{"line":205,"column":58},"end":{"line":205,"column":89}}],"line":205},"22":{"loc":{"start":{"line":206,"column":32},"end":{"line":206,"column":76}},"type":"binary-expr","locations":[{"start":{"line":206,"column":32},"end":{"line":206,"column":68}},{"start":{"line":206,"column":72},"end":{"line":206,"column":76}}],"line":206},"23":{"loc":{"start":{"line":207,"column":21},"end":{"line":207,"column":89}},"type":"binary-expr","locations":[{"start":{"line":207,"column":21},"end":{"line":207,"column":54}},{"start":{"line":207,"column":58},"end":{"line":207,"column":89}}],"line":207},"24":{"loc":{"start":{"line":208,"column":34},"end":{"line":208,"column":80}},"type":"binary-expr","locations":[{"start":{"line":208,"column":34},"end":{"line":208,"column":72}},{"start":{"line":208,"column":76},"end":{"line":208,"column":80}}],"line":208},"25":{"loc":{"start":{"line":209,"column":21},"end":{"line":209,"column":89}},"type":"binary-expr","locations":[{"start":{"line":209,"column":21},"end":{"line":209,"column":54}},{"start":{"line":209,"column":58},"end":{"line":209,"column":89}}],"line":209},"26":{"loc":{"start":{"line":226,"column":57},"end":{"line":226,"column":70}},"type":"binary-expr","locations":[{"start":{"line":226,"column":57},"end":{"line":226,"column":65}},{"start":{"line":226,"column":69},"end":{"line":226,"column":70}}],"line":226},"27":{"loc":{"start":{"line":235,"column":46},"end":{"line":235,"column":63}},"type":"default-arg","locations":[{"start":{"line":235,"column":54},"end":{"line":235,"column":63}}],"line":235},"28":{"loc":{"start":{"line":251,"column":7},"end":{"line":255,"column":7}},"type":"binary-expr","locations":[{"start":{"line":251,"column":7},"end":{"line":251,"column":15}},{"start":{"line":252,"column":8},"end":{"line":254,"column":14}}],"line":251},"29":{"loc":{"start":{"line":263,"column":64},"end":{"line":263,"column":100}},"type":"binary-expr","locations":[{"start":{"line":263,"column":64},"end":{"line":263,"column":81}},{"start":{"line":263,"column":85},"end":{"line":263,"column":100}}],"line":263},"30":{"loc":{"start":{"line":266,"column":7},"end":{"line":304,"column":7}},"type":"binary-expr","locations":[{"start":{"line":266,"column":7},"end":{"line":266,"column":31}},{"start":{"line":267,"column":8},"end":{"line":303,"column":14}}],"line":266},"31":{"loc":{"start":{"line":306,"column":7},"end":{"line":324,"column":7}},"type":"binary-expr","locations":[{"start":{"line":306,"column":7},"end":{"line":306,"column":39}},{"start":{"line":307,"column":8},"end":{"line":323,"column":14}}],"line":306},"32":{"loc":{"start":{"line":325,"column":7},"end":{"line":325,"column":70}},"type":"binary-expr","locations":[{"start":{"line":325,"column":7},"end":{"line":325,"column":37}},{"start":{"line":325,"column":41},"end":{"line":325,"column":70}}],"line":325},"33":{"loc":{"start":{"line":326,"column":7},"end":{"line":326,"column":68}},"type":"binary-expr","locations":[{"start":{"line":326,"column":7},"end":{"line":326,"column":31}},{"start":{"line":326,"column":35},"end":{"line":326,"column":68}}],"line":326},"34":{"loc":{"start":{"line":327,"column":7},"end":{"line":327,"column":72}},"type":"binary-expr","locations":[{"start":{"line":327,"column":7},"end":{"line":327,"column":33}},{"start":{"line":327,"column":37},"end":{"line":327,"column":72}}],"line":327},"35":{"loc":{"start":{"line":340,"column":4},"end":{"line":342,"column":5}},"type":"if","locations":[{"start":{"line":340,"column":4},"end":{"line":342,"column":5}},{"start":{},"end":{}}],"line":340},"36":{"loc":{"start":{"line":382,"column":11},"end":{"line":382,"column":35}},"type":"binary-expr","locations":[{"start":{"line":382,"column":11},"end":{"line":382,"column":21}},{"start":{"line":382,"column":25},"end":{"line":382,"column":35}}],"line":382},"37":{"loc":{"start":{"line":382,"column":39},"end":{"line":382,"column":111}},"type":"cond-expr","locations":[{"start":{"line":382,"column":94},"end":{"line":382,"column":101}},{"start":{"line":382,"column":104},"end":{"line":382,"column":111}}],"line":382},"38":{"loc":{"start":{"line":382,"column":39},"end":{"line":382,"column":91}},"type":"binary-expr","locations":[{"start":{"line":382,"column":39},"end":{"line":382,"column":61}},{"start":{"line":382,"column":65},"end":{"line":382,"column":91}}],"line":382},"39":{"loc":{"start":{"line":386,"column":9},"end":{"line":458,"column":9}},"type":"binary-expr","locations":[{"start":{"line":386,"column":9},"end":{"line":386,"column":21}},{"start":{"line":387,"column":10},"end":{"line":457,"column":16}}],"line":386},"40":{"loc":{"start":{"line":405,"column":17},"end":{"line":405,"column":41}},"type":"binary-expr","locations":[{"start":{"line":405,"column":17},"end":{"line":405,"column":27}},{"start":{"line":405,"column":31},"end":{"line":405,"column":41}}],"line":405},"41":{"loc":{"start":{"line":408,"column":17},"end":{"line":408,"column":46}},"type":"binary-expr","locations":[{"start":{"line":408,"column":17},"end":{"line":408,"column":28}},{"start":{"line":408,"column":32},"end":{"line":408,"column":46}}],"line":408},"42":{"loc":{"start":{"line":411,"column":17},"end":{"line":411,"column":52}},"type":"binary-expr","locations":[{"start":{"line":411,"column":17},"end":{"line":411,"column":30}},{"start":{"line":411,"column":34},"end":{"line":411,"column":52}}],"line":411},"43":{"loc":{"start":{"line":465,"column":18},"end":{"line":465,"column":70}},"type":"binary-expr","locations":[{"start":{"line":465,"column":18},"end":{"line":465,"column":40}},{"start":{"line":465,"column":44},"end":{"line":465,"column":70}}],"line":465},"44":{"loc":{"start":{"line":495,"column":20},"end":{"line":495,"column":64}},"type":"cond-expr","locations":[{"start":{"line":495,"column":30},"end":{"line":495,"column":44}},{"start":{"line":495,"column":47},"end":{"line":495,"column":64}}],"line":495},"45":{"loc":{"start":{"line":526,"column":21},"end":{"line":526,"column":64}},"type":"cond-expr","locations":[{"start":{"line":526,"column":46},"end":{"line":526,"column":52}},{"start":{"line":526,"column":55},"end":{"line":526,"column":64}}],"line":526},"46":{"loc":{"start":{"line":528,"column":31},"end":{"line":528,"column":98}},"type":"cond-expr","locations":[{"start":{"line":528,"column":56},"end":{"line":528,"column":82}},{"start":{"line":528,"column":85},"end":{"line":528,"column":98}}],"line":528},"47":{"loc":{"start":{"line":529,"column":26},"end":{"line":529,"column":96}},"type":"cond-expr","locations":[{"start":{"line":529,"column":51},"end":{"line":529,"column":70}},{"start":{"line":529,"column":73},"end":{"line":529,"column":96}}],"line":529},"48":{"loc":{"start":{"line":546,"column":8},"end":{"line":546,"column":33}},"type":"binary-expr","locations":[{"start":{"line":546,"column":8},"end":{"line":546,"column":18}},{"start":{"line":546,"column":22},"end":{"line":546,"column":33}}],"line":546},"49":{"loc":{"start":{"line":642,"column":6},"end":{"line":644,"column":7}},"type":"if","locations":[{"start":{"line":642,"column":6},"end":{"line":644,"column":7}},{"start":{},"end":{}}],"line":642},"50":{"loc":{"start":{"line":759,"column":11},"end":{"line":770,"column":11}},"type":"binary-expr","locations":[{"start":{"line":759,"column":11},"end":{"line":759,"column":16}},{"start":{"line":760,"column":12},"end":{"line":769,"column":18}}],"line":759},"51":{"loc":{"start":{"line":778,"column":26},"end":{"line":778,"column":59}},"type":"cond-expr","locations":[{"start":{"line":778,"column":38},"end":{"line":778,"column":47}},{"start":{"line":778,"column":50},"end":{"line":778,"column":59}}],"line":778},"52":{"loc":{"start":{"line":784,"column":22},"end":{"line":784,"column":59}},"type":"cond-expr","locations":[{"start":{"line":784,"column":34},"end":{"line":784,"column":47}},{"start":{"line":784,"column":50},"end":{"line":784,"column":59}}],"line":784},"53":{"loc":{"start":{"line":788,"column":33},"end":{"line":788,"column":86}},"type":"binary-expr","locations":[{"start":{"line":788,"column":33},"end":{"line":788,"column":43}},{"start":{"line":788,"column":48},"end":{"line":788,"column":85}}],"line":788},"54":{"loc":{"start":{"line":789,"column":33},"end":{"line":789,"column":86}},"type":"binary-expr","locations":[{"start":{"line":789,"column":33},"end":{"line":789,"column":43}},{"start":{"line":789,"column":48},"end":{"line":789,"column":85}}],"line":789},"55":{"loc":{"start":{"line":791,"column":13},"end":{"line":791,"column":55}},"type":"cond-expr","locations":[{"start":{"line":791,"column":25},"end":{"line":791,"column":45}},{"start":{"line":791,"column":48},"end":{"line":791,"column":55}}],"line":791},"56":{"loc":{"start":{"line":860,"column":8},"end":{"line":862,"column":9}},"type":"if","locations":[{"start":{"line":860,"column":8},"end":{"line":862,"column":9}},{"start":{},"end":{}}],"line":860},"57":{"loc":{"start":{"line":866,"column":8},"end":{"line":868,"column":9}},"type":"if","locations":[{"start":{"line":866,"column":8},"end":{"line":868,"column":9}},{"start":{},"end":{}}],"line":866},"58":{"loc":{"start":{"line":897,"column":2},"end":{"line":909,"column":3}},"type":"if","locations":[{"start":{"line":897,"column":2},"end":{"line":909,"column":3}},{"start":{},"end":{}}],"line":897},"59":{"loc":{"start":{"line":911,"column":2},"end":{"line":913,"column":3}},"type":"if","locations":[{"start":{"line":911,"column":2},"end":{"line":913,"column":3}},{"start":{},"end":{}}],"line":911},"60":{"loc":{"start":{"line":919,"column":9},"end":{"line":919,"column":90}},"type":"binary-expr","locations":[{"start":{"line":919,"column":9},"end":{"line":919,"column":20}},{"start":{"line":919,"column":24},"end":{"line":919,"column":90}}],"line":919},"61":{"loc":{"start":{"line":924,"column":12},"end":{"line":926,"column":57}},"type":"cond-expr","locations":[{"start":{"line":925,"column":12},"end":{"line":925,"column":54}},{"start":{"line":926,"column":12},"end":{"line":926,"column":57}}],"line":924},"62":{"loc":{"start":{"line":924,"column":12},"end":{"line":924,"column":64}},"type":"binary-expr","locations":[{"start":{"line":924,"column":12},"end":{"line":924,"column":34}},{"start":{"line":924,"column":38},"end":{"line":924,"column":64}}],"line":924},"63":{"loc":{"start":{"line":930,"column":12},"end":{"line":932,"column":57}},"type":"cond-expr","locations":[{"start":{"line":931,"column":12},"end":{"line":931,"column":92}},{"start":{"line":932,"column":12},"end":{"line":932,"column":57}}],"line":930},"64":{"loc":{"start":{"line":930,"column":12},"end":{"line":930,"column":64}},"type":"binary-expr","locations":[{"start":{"line":930,"column":12},"end":{"line":930,"column":34}},{"start":{"line":930,"column":38},"end":{"line":930,"column":64}}],"line":930},"65":{"loc":{"start":{"line":936,"column":12},"end":{"line":938,"column":57}},"type":"cond-expr","locations":[{"start":{"line":937,"column":12},"end":{"line":937,"column":92}},{"start":{"line":938,"column":12},"end":{"line":938,"column":57}}],"line":936},"66":{"loc":{"start":{"line":936,"column":12},"end":{"line":936,"column":64}},"type":"binary-expr","locations":[{"start":{"line":936,"column":12},"end":{"line":936,"column":34}},{"start":{"line":936,"column":38},"end":{"line":936,"column":64}}],"line":936},"67":{"loc":{"start":{"line":942,"column":12},"end":{"line":944,"column":54}},"type":"cond-expr","locations":[{"start":{"line":943,"column":12},"end":{"line":943,"column":92}},{"start":{"line":944,"column":12},"end":{"line":944,"column":54}}],"line":942},"68":{"loc":{"start":{"line":942,"column":12},"end":{"line":942,"column":67}},"type":"binary-expr","locations":[{"start":{"line":942,"column":12},"end":{"line":942,"column":37}},{"start":{"line":942,"column":41},"end":{"line":942,"column":67}}],"line":942},"69":{"loc":{"start":{"line":950,"column":12},"end":{"line":952,"column":54}},"type":"cond-expr","locations":[{"start":{"line":951,"column":12},"end":{"line":951,"column":46}},{"start":{"line":952,"column":12},"end":{"line":952,"column":54}}],"line":950},"70":{"loc":{"start":{"line":950,"column":12},"end":{"line":950,"column":67}},"type":"binary-expr","locations":[{"start":{"line":950,"column":12},"end":{"line":950,"column":37}},{"start":{"line":950,"column":41},"end":{"line":950,"column":67}}],"line":950}},"s":{"0":0,"1":0,"2":0,"3":0,"4":0,"5":0,"6":0,"7":0,"8":0,"9":0,"10":0,"11":0,"12":0,"13":0,"14":0,"15":0,"16":0,"17":0,"18":0,"19":0,"20":0,"21":0,"22":0,"23":0,"24":0,"25":0,"26":0,"27":0,"28":0,"29":0,"30":0,"31":0,"32":0,"33":0,"34":0,"35":0,"36":0,"37":0,"38":0,"39":0,"40":0,"41":0,"42":0,"43":0,"44":0,"45":0,"46":0,"47":0,"48":0,"49":0,"50":0,"51":0,"52":0,"53":0,"54":0,"55":0,"56":0,"57":0,"58":0,"59":0,"60":0,"61":0,"62":0,"63":0,"64":0,"65":0,"66":0,"67":0,"68":0,"69":0,"70":0,"71":0,"72":0,"73":0,"74":0,"75":0,"76":0,"77":0,"78":0,"79":0,"80":0,"81":0,"82":0,"83":0,"84":0,"85":0,"86":0,"87":0,"88":0,"89":0,"90":0,"91":0,"92":0,"93":0,"94":0,"95":0,"96":0,"97":0,"98":0,"99":0,"100":0,"101":0,"102":0,"103":0,"104":0,"105":0,"106":0,"107":0,"108":0,"109":0,"110":0,"111":0,"112":0,"113":0,"114":0,"115":0,"116":0,"117":0,"118":0,"119":0,"120":0,"121":0,"122":0,"123":0,"124":0,"125":0,"126":0,"127":0,"128":0,"129":0,"130":0,"131":0,"132":0,"133":0,"134":0,"135":0,"136":0,"137":0,"138":0,"139":0,"140":0},"f":{"0":0,"1":0,"2":0,"3":0,"4":0,"5":0,"6":0,"7":0,"8":0,"9":0,"10":0,"11":0,"12":0,"13":0,"14":0,"15":0,"16":0,"17":0,"18":0,"19":0,"20":0,"21":0,"22":0,"23":0,"24":0,"25":0,"26":0,"27":0,"28":0,"29":0,"30":0,"31":0,"32":0,"33":0,"34":0,"35":0,"36":0,"37":0,"38":0,"39":0,"40":0,"41":0,"42":0,"43":0,"44":0,"45":0,"46":0,"47":0,"48":0,"49":0,"50":0,"51":0,"52":0,"53":0,"54":0,"55":0,"56":0,"57":0},"b":{"0":[0,0],"1":[0,0],"2":[0,0],"3":[0,0],"4":[0,0],"5":[0],"6":[0,0],"7":[0,0],"8":[0,0],"9":[0,0],"10":[0,0],"11":[0,0],"12":[0,0],"13":[0,0],"14":[0,0],"15":[0,0],"16":[0,0],"17":[0,0],"18":[0,0],"19":[0,0],"20":[0,0],"21":[0,0],"22":[0,0],"23":[0,0],"24":[0,0],"25":[0,0],"26":[0,0],"27":[0],"28":[0,0],"29":[0,0],"30":[0,0],"31":[0,0],"32":[0,0],"33":[0,0],"34":[0,0],"35":[0,0],"36":[0,0],"37":[0,0],"38":[0,0],"39":[0,0],"40":[0,0],"41":[0,0],"42":[0,0],"43":[0,0],"44":[0,0],"45":[0,0],"46":[0,0],"47":[0,0],"48":[0,0],"49":[0,0],"50":[0,0],"51":[0,0],"52":[0,0],"53":[0,0],"54":[0,0],"55":[0,0],"56":[0,0],"57":[0,0],"58":[0,0],"59":[0,0],"60":[0,0],"61":[0,0],"62":[0,0],"63":[0,0],"64":[0,0],"65":[0,0],"66":[0,0],"67":[0,0],"68":[0,0],"69":[0,0],"70":[0,0]}}
,"C:\\Users\\ICW001\\Desktop\\WebPlattformHB\\src\\components\\admin\\AdminDashboard.jsx": {"path":"C:\\Users\\ICW001\\Desktop\\WebPlattformHB\\src\\components\\admin\\AdminDashboard.jsx","statementMap":{"0":{"start":{"line":6,"column":23},"end":{"line":647,"column":1}},"1":{"start":{"line":7,"column":36},"end":{"line":7,"column":57}},"2":{"start":{"line":8,"column":40},"end":{"line":8,"column":52}},"3":{"start":{"line":9,"column":34},"end":{"line":9,"column":46}},"4":{"start":{"line":10,"column":38},"end":{"line":10,"column":50}},"5":{"start":{"line":11,"column":30},"end":{"line":11,"column":42}},"6":{"start":{"line":12,"column":32},"end":{"line":12,"column":46}},"7":{"start":{"line":13,"column":34},"end":{"line":13,"column":48}},"8":{"start":{"line":14,"column":42},"end":{"line":14,"column":56}},"9":{"start":{"line":16,"column":2},"end":{"line":18,"column":9}},"10":{"start":{"line":17,"column":4},"end":{"line":17,"column":18}},"11":{"start":{"line":20,"column":22},"end":{"line":88,"column":3}},"12":{"start":{"line":21,"column":4},"end":{"line":87,"column":5}},"13":{"start":{"line":22,"column":22},"end":{"line":22,"column":57}},"14":{"start":{"line":24,"column":6},"end":{"line":43,"column":8}},"15":{"start":{"line":25,"column":19},"end":{"line":25,"column":38}},"16":{"start":{"line":27,"column":8},"end":{"line":31,"column":9}},"17":{"start":{"line":28,"column":32},"end":{"line":28,"column":104}},"18":{"start":{"line":29,"column":10},"end":{"line":29,"column":81}},"19":{"start":{"line":30,"column":10},"end":{"line":30,"column":75}},"20":{"start":{"line":33,"column":8},"end":{"line":37,"column":9}},"21":{"start":{"line":34,"column":34},"end":{"line":34,"column":108}},"22":{"start":{"line":35,"column":10},"end":{"line":35,"column":83}},"23":{"start":{"line":36,"column":10},"end":{"line":36,"column":77}},"24":{"start":{"line":39,"column":8},"end":{"line":42,"column":9}},"25":{"start":{"line":40,"column":30},"end":{"line":40,"column":79}},"26":{"start":{"line":41,"column":10},"end":{"line":41,"column":69}},"27":{"start":{"line":45,"column":6},"end":{"line":83,"column":8}},"28":{"start":{"line":46,"column":19},"end":{"line":46,"column":38}},"29":{"start":{"line":49,"column":39},"end":{"line":49,"column":82}},"30":{"start":{"line":50,"column":33},"end":{"line":50,"column":82}},"31":{"start":{"line":51,"column":8},"end":{"line":53,"column":10}},"32":{"start":{"line":52,"column":10},"end":{"line":52,"column":48}},"33":{"start":{"line":56,"column":8},"end":{"line":62,"column":9}},"34":{"start":{"line":57,"column":38},"end":{"line":57,"column":78}},"35":{"start":{"line":58,"column":32},"end":{"line":58,"column":75}},"36":{"start":{"line":59,"column":10},"end":{"line":61,"column":12}},"37":{"start":{"line":60,"column":12},"end":{"line":60,"column":47}},"38":{"start":{"line":65,"column":8},"end":{"line":71,"column":9}},"39":{"start":{"line":66,"column":40},"end":{"line":66,"column":82}},"40":{"start":{"line":67,"column":34},"end":{"line":67,"column":81}},"41":{"start":{"line":68,"column":10},"end":{"line":70,"column":12}},"42":{"start":{"line":69,"column":12},"end":{"line":69,"column":49}},"43":{"start":{"line":74,"column":8},"end":{"line":80,"column":9}},"44":{"start":{"line":75,"column":36},"end":{"line":75,"column":74}},"45":{"start":{"line":76,"column":30},"end":{"line":76,"column":69}},"46":{"start":{"line":77,"column":10},"end":{"line":79,"column":12}},"47":{"start":{"line":78,"column":12},"end":{"line":78,"column":45}},"48":{"start":{"line":82,"column":8},"end":{"line":82,"column":26}},"49":{"start":{"line":85,"column":6},"end":{"line":85,"column":50}},"50":{"start":{"line":86,"column":6},"end":{"line":86,"column":24}},"51":{"start":{"line":90,"column":22},"end":{"line":109,"column":3}},"52":{"start":{"line":91,"column":20},"end":{"line":91,"column":55}},"53":{"start":{"line":92,"column":4},"end":{"line":108,"column":6}},"54":{"start":{"line":93,"column":17},"end":{"line":93,"column":36}},"55":{"start":{"line":94,"column":26},"end":{"line":94,"column":67}},"56":{"start":{"line":95,"column":20},"end":{"line":95,"column":55}},"57":{"start":{"line":97,"column":6},"end":{"line":101,"column":7}},"58":{"start":{"line":98,"column":8},"end":{"line":98,"column":31}},"59":{"start":{"line":100,"column":8},"end":{"line":100,"column":31}},"60":{"start":{"line":103,"column":6},"end":{"line":107,"column":8}},"61":{"start":{"line":104,"column":8},"end":{"line":104,"column":22}},"62":{"start":{"line":105,"column":8},"end":{"line":105,"column":26}},"63":{"start":{"line":106,"column":8},"end":{"line":106,"column":30}},"64":{"start":{"line":111,"column":23},"end":{"line":130,"column":3}},"65":{"start":{"line":112,"column":20},"end":{"line":112,"column":55}},"66":{"start":{"line":113,"column":4},"end":{"line":129,"column":6}},"67":{"start":{"line":114,"column":17},"end":{"line":114,"column":36}},"68":{"start":{"line":115,"column":26},"end":{"line":115,"column":69}},"69":{"start":{"line":116,"column":20},"end":{"line":116,"column":57}},"70":{"start":{"line":118,"column":6},"end":{"line":122,"column":7}},"71":{"start":{"line":119,"column":8},"end":{"line":119,"column":32}},"72":{"start":{"line":121,"column":8},"end":{"line":121,"column":32}},"73":{"start":{"line":124,"column":6},"end":{"line":128,"column":8}},"74":{"start":{"line":125,"column":8},"end":{"line":125,"column":22}},"75":{"start":{"line":126,"column":8},"end":{"line":126,"column":26}},"76":{"start":{"line":127,"column":8},"end":{"line":127,"column":30}},"77":{"start":{"line":132,"column":42},"end":{"line":135,"column":3}},"78":{"start":{"line":133,"column":4},"end":{"line":133,"column":36}},"79":{"start":{"line":134,"column":4},"end":{"line":134,"column":27}},"80":{"start":{"line":137,"column":36},"end":{"line":140,"column":3}},"81":{"start":{"line":138,"column":4},"end":{"line":138,"column":29}},"82":{"start":{"line":139,"column":4},"end":{"line":139,"column":28}},"83":{"start":{"line":142,"column":28},"end":{"line":163,"column":3}},"84":{"start":{"line":143,"column":31},"end":{"line":143,"column":77}},"85":{"start":{"line":143,"column":54},"end":{"line":143,"column":76}},"86":{"start":{"line":145,"column":4},"end":{"line":148,"column":5}},"87":{"start":{"line":146,"column":6},"end":{"line":146,"column":64}},"88":{"start":{"line":147,"column":6},"end":{"line":147,"column":13}},"89":{"start":{"line":150,"column":19},"end":{"line":150,"column":56}},"90":{"start":{"line":151,"column":4},"end":{"line":154,"column":5}},"91":{"start":{"line":152,"column":6},"end":{"line":152,"column":57}},"92":{"start":{"line":153,"column":6},"end":{"line":153,"column":13}},"93":{"start":{"line":156,"column":4},"end":{"line":160,"column":5}},"94":{"start":{"line":157,"column":6},"end":{"line":157,"column":36}},"95":{"start":{"line":159,"column":6},"end":{"line":159,"column":38}},"96":{"start":{"line":162,"column":4},"end":{"line":162,"column":72}},"97":{"start":{"line":165,"column":25},"end":{"line":190,"column":3}},"98":{"start":{"line":166,"column":19},"end":{"line":177,"column":5}},"99":{"start":{"line":179,"column":4},"end":{"line":189,"column":6}},"100":{"start":{"line":192,"column":2},"end":{"line":198,"column":3}},"101":{"start":{"line":193,"column":4},"end":{"line":197,"column":6}},"102":{"start":{"line":200,"column":2},"end":{"line":212,"column":3}},"103":{"start":{"line":201,"column":4},"end":{"line":211,"column":6}},"104":{"start":{"line":207,"column":10},"end":{"line":207,"column":28}},"105":{"start":{"line":208,"column":10},"end":{"line":208,"column":32}},"106":{"start":{"line":214,"column":2},"end":{"line":226,"column":3}},"107":{"start":{"line":215,"column":4},"end":{"line":225,"column":6}},"108":{"start":{"line":221,"column":10},"end":{"line":221,"column":28}},"109":{"start":{"line":222,"column":10},"end":{"line":222,"column":32}},"110":{"start":{"line":228,"column":2},"end":{"line":646,"column":4}},"111":{"start":{"line":259,"column":10},"end":{"line":273,"column":19}},"112":{"start":{"line":261,"column":27},"end":{"line":261,"column":48}},"113":{"start":{"line":305,"column":31},"end":{"line":305,"column":53}},"114":{"start":{"line":306,"column":38},"end":{"line":306,"column":52}},"115":{"start":{"line":325,"column":34},"end":{"line":325,"column":111}},"116":{"start":{"line":328,"column":20},"end":{"line":342,"column":25}},"117":{"start":{"line":371,"column":18},"end":{"line":397,"column":23}},"118":{"start":{"line":383,"column":39},"end":{"line":383,"column":82}},"119":{"start":{"line":411,"column":29},"end":{"line":411,"column":51}},"120":{"start":{"line":439,"column":18},"end":{"line":486,"column":23}},"121":{"start":{"line":453,"column":28},"end":{"line":453,"column":53}},"122":{"start":{"line":454,"column":28},"end":{"line":454,"column":51}},"123":{"start":{"line":470,"column":43},"end":{"line":470,"column":77}},"124":{"start":{"line":500,"column":29},"end":{"line":500,"column":52}},"125":{"start":{"line":529,"column":18},"end":{"line":561,"column":23}},"126":{"start":{"line":545,"column":26},"end":{"line":545,"column":52}},"127":{"start":{"line":546,"column":26},"end":{"line":546,"column":50}},"128":{"start":{"line":580,"column":31},"end":{"line":580,"column":55}},"129":{"start":{"line":594,"column":31},"end":{"line":594,"column":57}},"130":{"start":{"line":611,"column":64},"end":{"line":611,"column":86}},"131":{"start":{"line":627,"column":31},"end":{"line":627,"column":53}},"132":{"start":{"line":629,"column":20},"end":{"line":638,"column":25}}},"fnMap":{"0":{"name":"(anonymous_0)","decl":{"start":{"line":6,"column":23},"end":{"line":6,"column":24}},"loc":{"start":{"line":6,"column":47},"end":{"line":647,"column":1}},"line":6},"1":{"name":"(anonymous_1)","decl":{"start":{"line":16,"column":12},"end":{"line":16,"column":13}},"loc":{"start":{"line":16,"column":18},"end":{"line":18,"column":3}},"line":16},"2":{"name":"(anonymous_2)","decl":{"start":{"line":20,"column":22},"end":{"line":20,"column":23}},"loc":{"start":{"line":20,"column":34},"end":{"line":88,"column":3}},"line":20},"3":{"name":"(anonymous_3)","decl":{"start":{"line":24,"column":32},"end":{"line":24,"column":33}},"loc":{"start":{"line":24,"column":43},"end":{"line":43,"column":7}},"line":24},"4":{"name":"(anonymous_4)","decl":{"start":{"line":45,"column":26},"end":{"line":45,"column":27}},"loc":{"start":{"line":45,"column":37},"end":{"line":83,"column":7}},"line":45},"5":{"name":"(anonymous_5)","decl":{"start":{"line":51,"column":46},"end":{"line":51,"column":47}},"loc":{"start":{"line":51,"column":53},"end":{"line":53,"column":9}},"line":51},"6":{"name":"(anonymous_6)","decl":{"start":{"line":59,"column":45},"end":{"line":59,"column":46}},"loc":{"start":{"line":59,"column":52},"end":{"line":61,"column":11}},"line":59},"7":{"name":"(anonymous_7)","decl":{"start":{"line":68,"column":47},"end":{"line":68,"column":48}},"loc":{"start":{"line":68,"column":54},"end":{"line":70,"column":11}},"line":68},"8":{"name":"(anonymous_8)","decl":{"start":{"line":77,"column":43},"end":{"line":77,"column":44}},"loc":{"start":{"line":77,"column":50},"end":{"line":79,"column":11}},"line":77},"9":{"name":"(anonymous_9)","decl":{"start":{"line":90,"column":22},"end":{"line":90,"column":23}},"loc":{"start":{"line":90,"column":45},"end":{"line":109,"column":3}},"line":90},"10":{"name":"(anonymous_10)","decl":{"start":{"line":92,"column":24},"end":{"line":92,"column":25}},"loc":{"start":{"line":92,"column":35},"end":{"line":108,"column":5}},"line":92},"11":{"name":"(anonymous_11)","decl":{"start":{"line":103,"column":31},"end":{"line":103,"column":32}},"loc":{"start":{"line":103,"column":37},"end":{"line":107,"column":7}},"line":103},"12":{"name":"(anonymous_12)","decl":{"start":{"line":111,"column":23},"end":{"line":111,"column":24}},"loc":{"start":{"line":111,"column":47},"end":{"line":130,"column":3}},"line":111},"13":{"name":"(anonymous_13)","decl":{"start":{"line":113,"column":24},"end":{"line":113,"column":25}},"loc":{"start":{"line":113,"column":35},"end":{"line":129,"column":5}},"line":113},"14":{"name":"(anonymous_14)","decl":{"start":{"line":124,"column":31},"end":{"line":124,"column":32}},"loc":{"start":{"line":124,"column":37},"end":{"line":128,"column":7}},"line":124},"15":{"name":"(anonymous_15)","decl":{"start":{"line":132,"column":42},"end":{"line":132,"column":43}},"loc":{"start":{"line":132,"column":62},"end":{"line":135,"column":3}},"line":132},"16":{"name":"(anonymous_16)","decl":{"start":{"line":137,"column":36},"end":{"line":137,"column":37}},"loc":{"start":{"line":137,"column":49},"end":{"line":140,"column":3}},"line":137},"17":{"name":"(anonymous_17)","decl":{"start":{"line":142,"column":28},"end":{"line":142,"column":29}},"loc":{"start":{"line":142,"column":40},"end":{"line":163,"column":3}},"line":142},"18":{"name":"(anonymous_18)","decl":{"start":{"line":143,"column":49},"end":{"line":143,"column":50}},"loc":{"start":{"line":143,"column":54},"end":{"line":143,"column":76}},"line":143},"19":{"name":"(anonymous_19)","decl":{"start":{"line":165,"column":25},"end":{"line":165,"column":26}},"loc":{"start":{"line":165,"column":55},"end":{"line":190,"column":3}},"line":165},"20":{"name":"(anonymous_20)","decl":{"start":{"line":206,"column":18},"end":{"line":206,"column":19}},"loc":{"start":{"line":206,"column":24},"end":{"line":209,"column":9}},"line":206},"21":{"name":"(anonymous_21)","decl":{"start":{"line":220,"column":18},"end":{"line":220,"column":19}},"loc":{"start":{"line":220,"column":24},"end":{"line":223,"column":9}},"line":220},"22":{"name":"(anonymous_22)","decl":{"start":{"line":258,"column":14},"end":{"line":258,"column":15}},"loc":{"start":{"line":259,"column":10},"end":{"line":273,"column":19}},"line":259},"23":{"name":"(anonymous_23)","decl":{"start":{"line":261,"column":21},"end":{"line":261,"column":22}},"loc":{"start":{"line":261,"column":27},"end":{"line":261,"column":48}},"line":261},"24":{"name":"(anonymous_24)","decl":{"start":{"line":305,"column":26},"end":{"line":305,"column":27}},"loc":{"start":{"line":305,"column":31},"end":{"line":305,"column":53}},"line":305},"25":{"name":"(anonymous_25)","decl":{"start":{"line":306,"column":26},"end":{"line":306,"column":27}},"loc":{"start":{"line":306,"column":38},"end":{"line":306,"column":52}},"line":306},"26":{"name":"(anonymous_26)","decl":{"start":{"line":325,"column":24},"end":{"line":325,"column":25}},"loc":{"start":{"line":325,"column":34},"end":{"line":325,"column":111}},"line":325},"27":{"name":"(anonymous_27)","decl":{"start":{"line":327,"column":23},"end":{"line":327,"column":24}},"loc":{"start":{"line":328,"column":20},"end":{"line":342,"column":25}},"line":328},"28":{"name":"(anonymous_28)","decl":{"start":{"line":370,"column":33},"end":{"line":370,"column":34}},"loc":{"start":{"line":371,"column":18},"end":{"line":397,"column":23}},"line":371},"29":{"name":"(anonymous_29)","decl":{"start":{"line":383,"column":33},"end":{"line":383,"column":34}},"loc":{"start":{"line":383,"column":39},"end":{"line":383,"column":82}},"line":383},"30":{"name":"(anonymous_30)","decl":{"start":{"line":411,"column":23},"end":{"line":411,"column":24}},"loc":{"start":{"line":411,"column":29},"end":{"line":411,"column":51}},"line":411},"31":{"name":"(anonymous_31)","decl":{"start":{"line":438,"column":30},"end":{"line":438,"column":31}},"loc":{"start":{"line":439,"column":18},"end":{"line":486,"column":23}},"line":439},"32":{"name":"(anonymous_32)","decl":{"start":{"line":452,"column":35},"end":{"line":452,"column":36}},"loc":{"start":{"line":452,"column":41},"end":{"line":455,"column":27}},"line":452},"33":{"name":"(anonymous_33)","decl":{"start":{"line":470,"column":37},"end":{"line":470,"column":38}},"loc":{"start":{"line":470,"column":43},"end":{"line":470,"column":77}},"line":470},"34":{"name":"(anonymous_34)","decl":{"start":{"line":500,"column":23},"end":{"line":500,"column":24}},"loc":{"start":{"line":500,"column":29},"end":{"line":500,"column":52}},"line":500},"35":{"name":"(anonymous_35)","decl":{"start":{"line":528,"column":32},"end":{"line":528,"column":33}},"loc":{"start":{"line":529,"column":18},"end":{"line":561,"column":23}},"line":529},"36":{"name":"(anonymous_36)","decl":{"start":{"line":544,"column":33},"end":{"line":544,"column":34}},"loc":{"start":{"line":544,"column":39},"end":{"line":547,"column":25}},"line":544},"37":{"name":"(anonymous_37)","decl":{"start":{"line":580,"column":25},"end":{"line":580,"column":26}},"loc":{"start":{"line":580,"column":31},"end":{"line":580,"column":55}},"line":580},"38":{"name":"(anonymous_38)","decl":{"start":{"line":594,"column":25},"end":{"line":594,"column":26}},"loc":{"start":{"line":594,"column":31},"end":{"line":594,"column":57}},"line":594},"39":{"name":"(anonymous_39)","decl":{"start":{"line":611,"column":59},"end":{"line":611,"column":60}},"loc":{"start":{"line":611,"column":64},"end":{"line":611,"column":86}},"line":611},"40":{"name":"(anonymous_40)","decl":{"start":{"line":627,"column":26},"end":{"line":627,"column":27}},"loc":{"start":{"line":627,"column":31},"end":{"line":627,"column":53}},"line":627},"41":{"name":"(anonymous_41)","decl":{"start":{"line":628,"column":23},"end":{"line":628,"column":24}},"loc":{"start":{"line":629,"column":20},"end":{"line":638,"column":25}},"line":629}},"branchMap":{"0":{"loc":{"start":{"line":27,"column":8},"end":{"line":31,"column":9}},"type":"if","locations":[{"start":{"line":27,"column":8},"end":{"line":31,"column":9}},{"start":{},"end":{}}],"line":27},"1":{"loc":{"start":{"line":33,"column":8},"end":{"line":37,"column":9}},"type":"if","locations":[{"start":{"line":33,"column":8},"end":{"line":37,"column":9}},{"start":{},"end":{}}],"line":33},"2":{"loc":{"start":{"line":39,"column":8},"end":{"line":42,"column":9}},"type":"if","locations":[{"start":{"line":39,"column":8},"end":{"line":42,"column":9}},{"start":{},"end":{}}],"line":39},"3":{"loc":{"start":{"line":52,"column":25},"end":{"line":52,"column":46}},"type":"binary-expr","locations":[{"start":{"line":52,"column":25},"end":{"line":52,"column":40}},{"start":{"line":52,"column":44},"end":{"line":52,"column":46}}],"line":52},"4":{"loc":{"start":{"line":56,"column":8},"end":{"line":62,"column":9}},"type":"if","locations":[{"start":{"line":56,"column":8},"end":{"line":62,"column":9}},{"start":{},"end":{}}],"line":56},"5":{"loc":{"start":{"line":60,"column":24},"end":{"line":60,"column":45}},"type":"binary-expr","locations":[{"start":{"line":60,"column":24},"end":{"line":60,"column":39}},{"start":{"line":60,"column":43},"end":{"line":60,"column":45}}],"line":60},"6":{"loc":{"start":{"line":65,"column":8},"end":{"line":71,"column":9}},"type":"if","locations":[{"start":{"line":65,"column":8},"end":{"line":71,"column":9}},{"start":{},"end":{}}],"line":65},"7":{"loc":{"start":{"line":69,"column":26},"end":{"line":69,"column":47}},"type":"binary-expr","locations":[{"start":{"line":69,"column":26},"end":{"line":69,"column":41}},{"start":{"line":69,"column":45},"end":{"line":69,"column":47}}],"line":69},"8":{"loc":{"start":{"line":74,"column":8},"end":{"line":80,"column":9}},"type":"if","locations":[{"start":{"line":74,"column":8},"end":{"line":80,"column":9}},{"start":{},"end":{}}],"line":74},"9":{"loc":{"start":{"line":78,"column":22},"end":{"line":78,"column":43}},"type":"binary-expr","locations":[{"start":{"line":78,"column":22},"end":{"line":78,"column":37}},{"start":{"line":78,"column":41},"end":{"line":78,"column":43}}],"line":78},"10":{"loc":{"start":{"line":97,"column":6},"end":{"line":101,"column":7}},"type":"if","locations":[{"start":{"line":97,"column":6},"end":{"line":101,"column":7}},{"start":{"line":99,"column":13},"end":{"line":101,"column":7}}],"line":97},"11":{"loc":{"start":{"line":118,"column":6},"end":{"line":122,"column":7}},"type":"if","locations":[{"start":{"line":118,"column":6},"end":{"line":122,"column":7}},{"start":{"line":120,"column":13},"end":{"line":122,"column":7}}],"line":118},"12":{"loc":{"start":{"line":145,"column":4},"end":{"line":148,"column":5}},"type":"if","locations":[{"start":{"line":145,"column":4},"end":{"line":148,"column":5}},{"start":{},"end":{}}],"line":145},"13":{"loc":{"start":{"line":151,"column":4},"end":{"line":154,"column":5}},"type":"if","locations":[{"start":{"line":151,"column":4},"end":{"line":154,"column":5}},{"start":{},"end":{}}],"line":151},"14":{"loc":{"start":{"line":156,"column":4},"end":{"line":160,"column":5}},"type":"if","locations":[{"start":{"line":156,"column":4},"end":{"line":160,"column":5}},{"start":{"line":158,"column":11},"end":{"line":160,"column":5}}],"line":156},"15":{"loc":{"start":{"line":165,"column":34},"end":{"line":165,"column":50}},"type":"default-arg","locations":[{"start":{"line":165,"column":41},"end":{"line":165,"column":50}}],"line":165},"16":{"loc":{"start":{"line":185,"column":25},"end":{"line":185,"column":52}},"type":"binary-expr","locations":[{"start":{"line":185,"column":25},"end":{"line":185,"column":39}},{"start":{"line":185,"column":43},"end":{"line":185,"column":52}}],"line":185},"17":{"loc":{"start":{"line":192,"column":2},"end":{"line":198,"column":3}},"type":"if","locations":[{"start":{"line":192,"column":2},"end":{"line":198,"column":3}},{"start":{},"end":{}}],"line":192},"18":{"loc":{"start":{"line":200,"column":2},"end":{"line":212,"column":3}},"type":"if","locations":[{"start":{"line":200,"column":2},"end":{"line":212,"column":3}},{"start":{},"end":{}}],"line":200},"19":{"loc":{"start":{"line":203,"column":17},"end":{"line":203,"column":55}},"type":"cond-expr","locations":[{"start":{"line":203,"column":36},"end":{"line":203,"column":48}},{"start":{"line":203,"column":51},"end":{"line":203,"column":55}}],"line":203},"20":{"loc":{"start":{"line":204,"column":24},"end":{"line":204,"column":68}},"type":"cond-expr","locations":[{"start":{"line":204,"column":49},"end":{"line":204,"column":61}},{"start":{"line":204,"column":64},"end":{"line":204,"column":68}}],"line":204},"21":{"loc":{"start":{"line":214,"column":2},"end":{"line":226,"column":3}},"type":"if","locations":[{"start":{"line":214,"column":2},"end":{"line":226,"column":3}},{"start":{},"end":{}}],"line":214},"22":{"loc":{"start":{"line":217,"column":18},"end":{"line":217,"column":85}},"type":"cond-expr","locations":[{"start":{"line":217,"column":66},"end":{"line":217,"column":78}},{"start":{"line":217,"column":81},"end":{"line":217,"column":85}}],"line":217},"23":{"loc":{"start":{"line":218,"column":17},"end":{"line":218,"column":85}},"type":"cond-expr","locations":[{"start":{"line":218,"column":66},"end":{"line":218,"column":78}},{"start":{"line":218,"column":81},"end":{"line":218,"column":85}}],"line":218},"24":{"loc":{"start":{"line":266,"column":28},"end":{"line":266,"column":97}},"type":"cond-expr","locations":[{"start":{"line":266,"column":52},"end":{"line":266,"column":71}},{"start":{"line":266,"column":74},"end":{"line":266,"column":97}}],"line":266},"25":{"loc":{"start":{"line":267,"column":21},"end":{"line":267,"column":66}},"type":"cond-expr","locations":[{"start":{"line":267,"column":45},"end":{"line":267,"column":54}},{"start":{"line":267,"column":57},"end":{"line":267,"column":66}}],"line":267},"26":{"loc":{"start":{"line":269,"column":26},"end":{"line":269,"column":67}},"type":"cond-expr","locations":[{"start":{"line":269,"column":50},"end":{"line":269,"column":56}},{"start":{"line":269,"column":59},"end":{"line":269,"column":67}}],"line":269},"27":{"loc":{"start":{"line":278,"column":7},"end":{"line":348,"column":7}},"type":"binary-expr","locations":[{"start":{"line":278,"column":7},"end":{"line":278,"column":32}},{"start":{"line":279,"column":8},"end":{"line":347,"column":14}}],"line":278},"28":{"loc":{"start":{"line":325,"column":43},"end":{"line":325,"column":70}},"type":"binary-expr","locations":[{"start":{"line":325,"column":43},"end":{"line":325,"column":54}},{"start":{"line":325,"column":58},"end":{"line":325,"column":70}}],"line":325},"29":{"loc":{"start":{"line":325,"column":83},"end":{"line":325,"column":110}},"type":"binary-expr","locations":[{"start":{"line":325,"column":83},"end":{"line":325,"column":94}},{"start":{"line":325,"column":98},"end":{"line":325,"column":110}}],"line":325},"30":{"loc":{"start":{"line":330,"column":34},"end":{"line":330,"column":67}},"type":"binary-expr","locations":[{"start":{"line":330,"column":34},"end":{"line":330,"column":48}},{"start":{"line":330,"column":52},"end":{"line":330,"column":67}}],"line":330},"31":{"loc":{"start":{"line":333,"column":25},"end":{"line":334,"column":87}},"type":"cond-expr","locations":[{"start":{"line":333,"column":41},"end":{"line":333,"column":57}},{"start":{"line":334,"column":25},"end":{"line":334,"column":87}}],"line":333},"32":{"loc":{"start":{"line":334,"column":25},"end":{"line":334,"column":87}},"type":"cond-expr","locations":[{"start":{"line":334,"column":65},"end":{"line":334,"column":74}},{"start":{"line":334,"column":77},"end":{"line":334,"column":87}}],"line":334},"33":{"loc":{"start":{"line":337,"column":25},"end":{"line":337,"column":80}},"type":"binary-expr","locations":[{"start":{"line":337,"column":25},"end":{"line":337,"column":62}},{"start":{"line":337,"column":66},"end":{"line":337,"column":80}}],"line":337},"34":{"loc":{"start":{"line":351,"column":7},"end":{"line":403,"column":7}},"type":"binary-expr","locations":[{"start":{"line":351,"column":7},"end":{"line":351,"column":39}},{"start":{"line":352,"column":8},"end":{"line":402,"column":14}}],"line":351},"35":{"loc":{"start":{"line":406,"column":7},"end":{"line":492,"column":7}},"type":"binary-expr","locations":[{"start":{"line":406,"column":7},"end":{"line":406,"column":31}},{"start":{"line":407,"column":8},"end":{"line":491,"column":14}}],"line":406},"36":{"loc":{"start":{"line":468,"column":25},"end":{"line":483,"column":25}},"type":"binary-expr","locations":[{"start":{"line":468,"column":25},"end":{"line":468,"column":56}},{"start":{"line":469,"column":26},"end":{"line":482,"column":35}}],"line":468},"37":{"loc":{"start":{"line":495,"column":7},"end":{"line":567,"column":7}},"type":"binary-expr","locations":[{"start":{"line":495,"column":7},"end":{"line":495,"column":33}},{"start":{"line":496,"column":8},"end":{"line":566,"column":14}}],"line":495},"38":{"loc":{"start":{"line":570,"column":7},"end":{"line":644,"column":7}},"type":"binary-expr","locations":[{"start":{"line":570,"column":7},"end":{"line":570,"column":28}},{"start":{"line":571,"column":8},"end":{"line":643,"column":14}}],"line":570}},"s":{"0":0,"1":0,"2":0,"3":0,"4":0,"5":0,"6":0,"7":0,"8":0,"9":0,"10":0,"11":0,"12":0,"13":0,"14":0,"15":0,"16":0,"17":0,"18":0,"19":0,"20":0,"21":0,"22":0,"23":0,"24":0,"25":0,"26":0,"27":0,"28":0,"29":0,"30":0,"31":0,"32":0,"33":0,"34":0,"35":0,"36":0,"37":0,"38":0,"39":0,"40":0,"41":0,"42":0,"43":0,"44":0,"45":0,"46":0,"47":0,"48":0,"49":0,"50":0,"51":0,"52":0,"53":0,"54":0,"55":0,"56":0,"57":0,"58":0,"59":0,"60":0,"61":0,"62":0,"63":0,"64":0,"65":0,"66":0,"67":0,"68":0,"69":0,"70":0,"71":0,"72":0,"73":0,"74":0,"75":0,"76":0,"77":0,"78":0,"79":0,"80":0,"81":0,"82":0,"83":0,"84":0,"85":0,"86":0,"87":0,"88":0,"89":0,"90":0,"91":0,"92":0,"93":0,"94":0,"95":0,"96":0,"97":0,"98":0,"99":0,"100":0,"101":0,"102":0,"103":0,"104":0,"105":0,"106":0,"107":0,"108":0,"109":0,"110":0,"111":0,"112":0,"113":0,"114":0,"115":0,"116":0,"117":0,"118":0,"119":0,"120":0,"121":0,"122":0,"123":0,"124":0,"125":0,"126":0,"127":0,"128":0,"129":0,"130":0,"131":0,"132":0},"f":{"0":0,"1":0,"2":0,"3":0,"4":0,"5":0,"6":0,"7":0,"8":0,"9":0,"10":0,"11":0,"12":0,"13":0,"14":0,"15":0,"16":0,"17":0,"18":0,"19":0,"20":0,"21":0,"22":0,"23":0,"24":0,"25":0,"26":0,"27":0,"28":0,"29":0,"30":0,"31":0,"32":0,"33":0,"34":0,"35":0,"36":0,"37":0,"38":0,"39":0,"40":0,"41":0},"b":{"0":[0,0],"1":[0,0],"2":[0,0],"3":[0,0],"4":[0,0],"5":[0,0],"6":[0,0],"7":[0,0],"8":[0,0],"9":[0,0],"10":[0,0],"11":[0,0],"12":[0,0],"13":[0,0],"14":[0,0],"15":[0],"16":[0,0],"17":[0,0],"18":[0,0],"19":[0,0],"20":[0,0],"21":[0,0],"22":[0,0],"23":[0,0],"24":[0,0],"25":[0,0],"26":[0,0],"27":[0,0],"28":[0,0],"29":[0,0],"30":[0,0],"31":[0,0],"32":[0,0],"33":[0,0],"34":[0,0],"35":[0,0],"36":[0,0],"37":[0,0],"38":[0,0]}}
,"C:\\Users\\ICW001\\Desktop\\WebPlattformHB\\src\\components\\admin\\AdminPanel.jsx": {"path":"C:\\Users\\ICW001\\Desktop\\WebPlattformHB\\src\\components\\admin\\AdminPanel.jsx","statementMap":{"0":{"start":{"line":4,"column":19},"end":{"line":129,"column":1}},"1":{"start":{"line":5,"column":34},"end":{"line":5,"column":48}},"2":{"start":{"line":6,"column":40},"end":{"line":6,"column":52}},"3":{"start":{"line":7,"column":32},"end":{"line":7,"column":46}},"4":{"start":{"line":9,"column":2},"end":{"line":11,"column":9}},"5":{"start":{"line":10,"column":4},"end":{"line":10,"column":15}},"6":{"start":{"line":13,"column":19},"end":{"line":27,"column":3}},"7":{"start":{"line":14,"column":4},"end":{"line":26,"column":5}},"8":{"start":{"line":15,"column":42},"end":{"line":18,"column":8}},"9":{"start":{"line":20,"column":6},"end":{"line":20,"column":32}},"10":{"start":{"line":21,"column":6},"end":{"line":21,"column":46}},"11":{"start":{"line":23,"column":6},"end":{"line":23,"column":57}},"12":{"start":{"line":25,"column":6},"end":{"line":25,"column":24}},"13":{"start":{"line":29,"column":32},"end":{"line":71,"column":3}},"14":{"start":{"line":30,"column":28},"end":{"line":61,"column":5}},"15":{"start":{"line":63,"column":4},"end":{"line":70,"column":5}},"16":{"start":{"line":64,"column":6},"end":{"line":64,"column":52}},"17":{"start":{"line":65,"column":6},"end":{"line":65,"column":35}},"18":{"start":{"line":66,"column":6},"end":{"line":66,"column":41}},"19":{"start":{"line":68,"column":6},"end":{"line":68,"column":57}},"20":{"start":{"line":69,"column":6},"end":{"line":69,"column":49}},"21":{"start":{"line":73,"column":2},"end":{"line":75,"column":3}},"22":{"start":{"line":74,"column":4},"end":{"line":74,"column":70}},"23":{"start":{"line":77,"column":2},"end":{"line":128,"column":4}}},"fnMap":{"0":{"name":"(anonymous_0)","decl":{"start":{"line":4,"column":19},"end":{"line":4,"column":20}},"loc":{"start":{"line":4,"column":25},"end":{"line":129,"column":1}},"line":4},"1":{"name":"(anonymous_1)","decl":{"start":{"line":9,"column":12},"end":{"line":9,"column":13}},"loc":{"start":{"line":9,"column":18},"end":{"line":11,"column":3}},"line":9},"2":{"name":"(anonymous_2)","decl":{"start":{"line":13,"column":19},"end":{"line":13,"column":20}},"loc":{"start":{"line":13,"column":31},"end":{"line":27,"column":3}},"line":13},"3":{"name":"(anonymous_3)","decl":{"start":{"line":29,"column":32},"end":{"line":29,"column":33}},"loc":{"start":{"line":29,"column":44},"end":{"line":71,"column":3}},"line":29}},"branchMap":{"0":{"loc":{"start":{"line":73,"column":2},"end":{"line":75,"column":3}},"type":"if","locations":[{"start":{"line":73,"column":2},"end":{"line":75,"column":3}},{"start":{},"end":{}}],"line":73},"1":{"loc":{"start":{"line":83,"column":9},"end":{"line":112,"column":9}},"type":"cond-expr","locations":[{"start":{"line":84,"column":10},"end":{"line":93,"column":16}},{"start":{"line":95,"column":10},"end":{"line":111,"column":16}}],"line":83}},"s":{"0":0,"1":0,"2":0,"3":0,"4":0,"5":0,"6":0,"7":0,"8":0,"9":0,"10":0,"11":0,"12":0,"13":0,"14":0,"15":0,"16":0,"17":0,"18":0,"19":0,"20":0,"21":0,"22":0,"23":0},"f":{"0":0,"1":0,"2":0,"3":0},"b":{"0":[0,0],"1":[0,0]}}
,"C:\\Users\\ICW001\\Desktop\\WebPlattformHB\\src\\components\\admin\\AnlageAnlegen.jsx": {"path":"C:\\Users\\ICW001\\Desktop\\WebPlattformHB\\src\\components\\admin\\AnlageAnlegen.jsx","statementMap":{"0":{"start":{"line":4,"column":22},"end":{"line":655,"column":1}},"1":{"start":{"line":5,"column":38},"end":{"line":11,"column":4}},"2":{"start":{"line":12,"column":32},"end":{"line":12,"column":44}},"3":{"start":{"line":13,"column":32},"end":{"line":13,"column":44}},"4":{"start":{"line":14,"column":48},"end":{"line":14,"column":60}},"5":{"start":{"line":15,"column":48},"end":{"line":15,"column":60}},"6":{"start":{"line":16,"column":62},"end":{"line":16,"column":74}},"7":{"start":{"line":17,"column":42},"end":{"line":17,"column":57}},"8":{"start":{"line":18,"column":32},"end":{"line":18,"column":44}},"9":{"start":{"line":19,"column":44},"end":{"line":19,"column":58}},"10":{"start":{"line":20,"column":21},"end":{"line":20,"column":47}},"11":{"start":{"line":22,"column":2},"end":{"line":31,"column":9}},"12":{"start":{"line":23,"column":4},"end":{"line":29,"column":5}},"13":{"start":{"line":24,"column":6},"end":{"line":24,"column":92}},"14":{"start":{"line":24,"column":29},"end":{"line":24,"column":89}},"15":{"start":{"line":25,"column":6},"end":{"line":25,"column":20}},"16":{"start":{"line":27,"column":6},"end":{"line":27,"column":20}},"17":{"start":{"line":28,"column":6},"end":{"line":28,"column":20}},"18":{"start":{"line":30,"column":4},"end":{"line":30,"column":24}},"19":{"start":{"line":33,"column":22},"end":{"line":63,"column":3}},"20":{"start":{"line":34,"column":4},"end":{"line":45,"column":5}},"21":{"start":{"line":35,"column":23},"end":{"line":37,"column":8}},"22":{"start":{"line":38,"column":6},"end":{"line":42,"column":7}},"23":{"start":{"line":39,"column":21},"end":{"line":39,"column":42}},"24":{"start":{"line":40,"column":8},"end":{"line":40,"column":25}},"25":{"start":{"line":41,"column":8},"end":{"line":41,"column":15}},"26":{"start":{"line":44,"column":6},"end":{"line":44,"column":53}},"27":{"start":{"line":48,"column":19},"end":{"line":48,"column":56}},"28":{"start":{"line":49,"column":20},"end":{"line":49,"column":81}},"29":{"start":{"line":51,"column":21},"end":{"line":51,"column":23}},"30":{"start":{"line":52,"column":4},"end":{"line":52,"column":48}},"31":{"start":{"line":52,"column":16},"end":{"line":52,"column":48}},"32":{"start":{"line":55,"column":26},"end":{"line":60,"column":10}},"33":{"start":{"line":56,"column":6},"end":{"line":58,"column":7}},"34":{"start":{"line":56,"column":25},"end":{"line":56,"column":63}},"35":{"start":{"line":57,"column":8},"end":{"line":57,"column":25}},"36":{"start":{"line":59,"column":6},"end":{"line":59,"column":17}},"37":{"start":{"line":62,"column":4},"end":{"line":62,"column":30}},"38":{"start":{"line":65,"column":22},"end":{"line":93,"column":3}},"39":{"start":{"line":66,"column":4},"end":{"line":92,"column":5}},"40":{"start":{"line":67,"column":23},"end":{"line":69,"column":8}},"41":{"start":{"line":70,"column":6},"end":{"line":78,"column":7}},"42":{"start":{"line":71,"column":21},"end":{"line":71,"column":42}},"43":{"start":{"line":72,"column":25},"end":{"line":74,"column":16}},"44":{"start":{"line":73,"column":29},"end":{"line":73,"column":83}},"45":{"start":{"line":75,"column":8},"end":{"line":75,"column":29}},"46":{"start":{"line":76,"column":8},"end":{"line":76,"column":37}},"47":{"start":{"line":77,"column":8},"end":{"line":77,"column":77}},"48":{"start":{"line":80,"column":21},"end":{"line":80,"column":67}},"49":{"start":{"line":81,"column":22},"end":{"line":81,"column":81}},"50":{"start":{"line":83,"column":23},"end":{"line":83,"column":25}},"51":{"start":{"line":84,"column":6},"end":{"line":84,"column":50}},"52":{"start":{"line":84,"column":18},"end":{"line":84,"column":50}},"53":{"start":{"line":85,"column":6},"end":{"line":85,"column":71}},"54":{"start":{"line":85,"column":30},"end":{"line":85,"column":71}},"55":{"start":{"line":87,"column":23},"end":{"line":89,"column":20}},"56":{"start":{"line":88,"column":33},"end":{"line":88,"column":87}},"57":{"start":{"line":90,"column":6},"end":{"line":90,"column":27}},"58":{"start":{"line":91,"column":6},"end":{"line":91,"column":35}},"59":{"start":{"line":95,"column":28},"end":{"line":112,"column":3}},"60":{"start":{"line":96,"column":23},"end":{"line":96,"column":89}},"61":{"start":{"line":97,"column":20},"end":{"line":97,"column":79}},"62":{"start":{"line":98,"column":21},"end":{"line":98,"column":48}},"63":{"start":{"line":100,"column":18},"end":{"line":107,"column":10}},"64":{"start":{"line":101,"column":20},"end":{"line":101,"column":59}},"65":{"start":{"line":102,"column":6},"end":{"line":105,"column":7}},"66":{"start":{"line":103,"column":20},"end":{"line":103,"column":38}},"67":{"start":{"line":104,"column":8},"end":{"line":104,"column":37}},"68":{"start":{"line":106,"column":6},"end":{"line":106,"column":17}},"69":{"start":{"line":109,"column":19},"end":{"line":109,"column":28}},"70":{"start":{"line":110,"column":22},"end":{"line":110,"column":37}},"71":{"start":{"line":111,"column":4},"end":{"line":111,"column":64}},"72":{"start":{"line":111,"column":27},"end":{"line":111,"column":61}},"73":{"start":{"line":114,"column":28},"end":{"line":116,"column":3}},"74":{"start":{"line":115,"column":4},"end":{"line":115,"column":57}},"75":{"start":{"line":115,"column":27},"end":{"line":115,"column":54}},"76":{"start":{"line":118,"column":23},"end":{"line":136,"column":3}},"77":{"start":{"line":119,"column":4},"end":{"line":122,"column":5}},"78":{"start":{"line":120,"column":6},"end":{"line":120,"column":55}},"79":{"start":{"line":121,"column":6},"end":{"line":121,"column":19}},"80":{"start":{"line":123,"column":4},"end":{"line":126,"column":5}},"81":{"start":{"line":124,"column":6},"end":{"line":124,"column":58}},"82":{"start":{"line":125,"column":6},"end":{"line":125,"column":19}},"83":{"start":{"line":127,"column":4},"end":{"line":130,"column":5}},"84":{"start":{"line":128,"column":6},"end":{"line":128,"column":48}},"85":{"start":{"line":129,"column":6},"end":{"line":129,"column":19}},"86":{"start":{"line":131,"column":4},"end":{"line":134,"column":5}},"87":{"start":{"line":132,"column":6},"end":{"line":132,"column":49}},"88":{"start":{"line":133,"column":6},"end":{"line":133,"column":19}},"89":{"start":{"line":135,"column":4},"end":{"line":135,"column":16}},"90":{"start":{"line":138,"column":23},"end":{"line":217,"column":3}},"91":{"start":{"line":139,"column":4},"end":{"line":139,"column":23}},"92":{"start":{"line":141,"column":4},"end":{"line":143,"column":5}},"93":{"start":{"line":142,"column":6},"end":{"line":142,"column":13}},"94":{"start":{"line":145,"column":4},"end":{"line":145,"column":26}},"95":{"start":{"line":146,"column":4},"end":{"line":146,"column":19}},"96":{"start":{"line":148,"column":4},"end":{"line":216,"column":5}},"97":{"start":{"line":149,"column":23},"end":{"line":160,"column":8}},"98":{"start":{"line":162,"column":6},"end":{"line":189,"column":7}},"99":{"start":{"line":163,"column":8},"end":{"line":163,"column":57}},"100":{"start":{"line":165,"column":26},"end":{"line":165,"column":47}},"101":{"start":{"line":166,"column":30},"end":{"line":166,"column":96}},"102":{"start":{"line":167,"column":8},"end":{"line":167,"column":38}},"103":{"start":{"line":168,"column":8},"end":{"line":168,"column":8
[...]
line":22,"column":6},"end":{"line":44,"column":9}},"6":{"start":{"line":25,"column":10},"end":{"line":32,"column":11}},"7":{"start":{"line":26,"column":36},"end":{"line":29,"column":14}},"8":{"start":{"line":30,"column":12},"end":{"line":30,"column":66}},"9":{"start":{"line":31,"column":12},"end":{"line":31,"column":60}},"10":{"start":{"line":35,"column":10},"end":{"line":37,"column":11}},"11":{"start":{"line":36,"column":12},"end":{"line":36,"column":65}},"12":{"start":{"line":40,"column":10},"end":{"line":42,"column":11}},"13":{"start":{"line":41,"column":12},"end":{"line":41,"column":64}},"14":{"start":{"line":46,"column":6},"end":{"line":46,"column":61}},"15":{"start":{"line":47,"column":6},"end":{"line":47,"column":56}},"16":{"start":{"line":52,"column":23},"end":{"line":56,"column":5}},"17":{"start":{"line":57,"column":4},"end":{"line":57,"column":56}},"18":{"start":{"line":61,"column":4},"end":{"line":61,"column":73}},"19":{"start":{"line":65,"column":23},"end":{"line":65,"column":59}},"20":{"start":{"line":66,"column":4},"end":{"line":69,"column":5}},"21":{"start":{"line":67,"column":6},"end":{"line":67,"column":31}},"22":{"start":{"line":68,"column":6},"end":{"line":68,"column":51}},"23":{"start":{"line":73,"column":4},"end":{"line":73,"column":52}},"24":{"start":{"line":77,"column":4},"end":{"line":77,"column":46}},"25":{"start":{"line":81,"column":30},"end":{"line":81,"column":50}}},"fnMap":{"0":{"name":"(anonymous_0)","decl":{"start":{"line":16,"column":2},"end":{"line":16,"column":3}},"loc":{"start":{"line":16,"column":16},"end":{"line":18,"column":3}},"line":16},"1":{"name":"(anonymous_1)","decl":{"start":{"line":20,"column":2},"end":{"line":20,"column":3}},"loc":{"start":{"line":20,"column":15},"end":{"line":49,"column":3}},"line":20},"2":{"name":"(anonymous_2)","decl":{"start":{"line":23,"column":8},"end":{"line":23,"column":9}},"loc":{"start":{"line":23,"column":20},"end":{"line":43,"column":9}},"line":23},"3":{"name":"(anonymous_3)","decl":{"start":{"line":51,"column":2},"end":{"line":51,"column":3}},"loc":{"start":{"line":51,"column":33},"end":{"line":58,"column":3}},"line":51},"4":{"name":"(anonymous_4)","decl":{"start":{"line":60,"column":2},"end":{"line":60,"column":3}},"loc":{"start":{"line":60,"column":22},"end":{"line":62,"column":3}},"line":60},"5":{"name":"(anonymous_5)","decl":{"start":{"line":64,"column":2},"end":{"line":64,"column":3}},"loc":{"start":{"line":64,"column":23},"end":{"line":70,"column":3}},"line":64},"6":{"name":"(anonymous_6)","decl":{"start":{"line":72,"column":2},"end":{"line":72,"column":3}},"loc":{"start":{"line":72,"column":31},"end":{"line":74,"column":3}},"line":72},"7":{"name":"(anonymous_7)","decl":{"start":{"line":76,"column":2},"end":{"line":76,"column":3}},"loc":{"start":{"line":76,"column":36},"end":{"line":78,"column":3}},"line":76}},"branchMap":{"0":{"loc":{"start":{"line":25,"column":10},"end":{"line":32,"column":11}},"type":"if","locations":[{"start":{"line":25,"column":10},"end":{"line":32,"column":11}},{"start":{},"end":{}}],"line":25},"1":{"loc":{"start":{"line":35,"column":10},"end":{"line":37,"column":11}},"type":"if","locations":[{"start":{"line":35,"column":10},"end":{"line":37,"column":11}},{"start":{},"end":{}}],"line":35},"2":{"loc":{"start":{"line":40,"column":10},"end":{"line":42,"column":11}},"type":"if","locations":[{"start":{"line":40,"column":10},"end":{"line":42,"column":11}},{"start":{},"end":{}}],"line":40},"3":{"loc":{"start":{"line":66,"column":4},"end":{"line":69,"column":5}},"type":"if","locations":[{"start":{"line":66,"column":4},"end":{"line":69,"column":5}},{"start":{},"end":{}}],"line":66},"4":{"loc":{"start":{"line":76,"column":20},"end":{"line":76,"column":34}},"type":"default-arg","locations":[{"start":{"line":76,"column":25},"end":{"line":76,"column":34}}],"line":76}},"s":{"0":0,"1":0,"2":0,"3":0,"4":0,"5":0,"6":0,"7":0,"8":0,"9":0,"10":0,"11":0,"12":0,"13":0,"14":0,"15":0,"16":0,"17":0,"18":0,"19":0,"20":0,"21":0,"22":0,"23":0,"24":0,"25":0},"f":{"0":0,"1":0,"2":0,"3":0,"4":0,"5":0,"6":0,"7":0},"b":{"0":[0,0],"1":[0,0],"2":[0,0],"3":[0,0],"4":[0]}}
,"C:\\Users\\ICW001\\Desktop\\WebPlattformHB\\src\\services\\sync.js": {"path":"C:\\Users\\ICW001\\Desktop\\WebPlattformHB\\src\\services\\sync.js","statementMap":{"0":{"start":{"line":3,"column":4},"end":{"line":3,"column":37}},"1":{"start":{"line":4,"column":4},"end":{"line":4,"column":24}},"2":{"start":{"line":5,"column":4},"end":{"line":5,"column":31}},"3":{"start":{"line":9,"column":4},"end":{"line":12,"column":7}},"4":{"start":{"line":10,"column":6},"end":{"line":10,"column":27}},"5":{"start":{"line":11,"column":6},"end":{"line":11,"column":30}},"6":{"start":{"line":14,"column":4},"end":{"line":16,"column":7}},"7":{"start":{"line":15,"column":6},"end":{"line":15,"column":28}},"8":{"start":{"line":20,"column":23},"end":{"line":25,"column":5}},"9":{"start":{"line":27,"column":4},"end":{"line":27,"column":36}},"10":{"start":{"line":29,"column":4},"end":{"line":31,"column":5}},"11":{"start":{"line":30,"column":6},"end":{"line":30,"column":36}},"12":{"start":{"line":33,"column":4},"end":{"line":33,"column":25}},"13":{"start":{"line":37,"column":4},"end":{"line":37,"column":62}},"14":{"start":{"line":37,"column":55},"end":{"line":37,"column":62}},"15":{"start":{"line":39,"column":19},"end":{"line":39,"column":38}},"16":{"start":{"line":40,"column":4},"end":{"line":40,"column":24}},"17":{"start":{"line":42,"column":4},"end":{"line":51,"column":5}},"18":{"start":{"line":43,"column":6},"end":{"line":50,"column":7}},"19":{"start":{"line":44,"column":8},"end":{"line":44,"column":34}},"20":{"start":{"line":46,"column":8},"end":{"line":49,"column":9}},"21":{"start":{"line":47,"column":10},"end":{"line":47,"column":25}},"22":{"start":{"line":48,"column":10},"end":{"line":48,"column":36}},"23":{"start":{"line":56,"column":4},"end":{"line":56,"column":39}},"24":{"start":{"line":57,"column":4},"end":{"line":57,"column":61}},"25":{"start":{"line":57,"column":34},"end":{"line":57,"column":59}},"26":{"start":{"line":61,"column":4},"end":{"line":61,"column":33}},"27":{"start":{"line":65,"column":27},"end":{"line":65,"column":44}}},"fnMap":{"0":{"name":"(anonymous_0)","decl":{"start":{"line":2,"column":2},"end":{"line":2,"column":3}},"loc":{"start":{"line":2,"column":16},"end":{"line":6,"column":3}},"line":2},"1":{"name":"(anonymous_1)","decl":{"start":{"line":8,"column":2},"end":{"line":8,"column":3}},"loc":{"start":{"line":8,"column":24},"end":{"line":17,"column":3}},"line":8},"2":{"name":"(anonymous_2)","decl":{"start":{"line":9,"column":38},"end":{"line":9,"column":39}},"loc":{"start":{"line":9,"column":44},"end":{"line":12,"column":5}},"line":9},"3":{"name":"(anonymous_3)","decl":{"start":{"line":14,"column":39},"end":{"line":14,"column":40}},"loc":{"start":{"line":14,"column":45},"end":{"line":16,"column":5}},"line":14},"4":{"name":"(anonymous_4)","decl":{"start":{"line":19,"column":2},"end":{"line":19,"column":3}},"loc":{"start":{"line":19,"column":25},"end":{"line":34,"column":3}},"line":19},"5":{"name":"(anonymous_5)","decl":{"start":{"line":36,"column":2},"end":{"line":36,"column":3}},"loc":{"start":{"line":36,"column":27},"end":{"line":52,"column":3}},"line":36},"6":{"name":"(anonymous_6)","decl":{"start":{"line":54,"column":2},"end":{"line":54,"column":3}},"loc":{"start":{"line":54,"column":23},"end":{"line":58,"column":3}},"line":54},"7":{"name":"(anonymous_7)","decl":{"start":{"line":57,"column":23},"end":{"line":57,"column":24}},"loc":{"start":{"line":57,"column":34},"end":{"line":57,"column":59}},"line":57},"8":{"name":"(anonymous_8)","decl":{"start":{"line":60,"column":2},"end":{"line":60,"column":3}},"loc":{"start":{"line":60,"column":20},"end":{"line":62,"column":3}},"line":60}},"branchMap":{"0":{"loc":{"start":{"line":29,"column":4},"end":{"line":31,"column":5}},"type":"if","locations":[{"start":{"line":29,"column":4},"end":{"line":31,"column":5}},{"start":{},"end":{}}],"line":29},"1":{"loc":{"start":{"line":37,"column":4},"end":{"line":37,"column":62}},"type":"if","locations":[{"start":{"line":37,"column":4},"end":{"line":37,"column":62}},{"start":{},"end":{}}],"line":37},"2":{"loc":{"start":{"line":37,"column":8},"end":{"line":37,"column":53}},"type":"binary-expr","locations":[{"start":{"line":37,"column":8},"end":{"line":37,"column":22}},{"start":{"line":37,"column":26},"end":{"line":37,"column":53}}],"line":37},"3":{"loc":{"start":{"line":46,"column":8},"end":{"line":49,"column":9}},"type":"if","locations":[{"start":{"line":46,"column":8},"end":{"line":49,"column":9}},{"start":{},"end":{}}],"line":46}},"s":{"0":0,"1":0,"2":0,"3":0,"4":0,"5":0,"6":0,"7":0,"8":0,"9":0,"10":0,"11":0,"12":0,"13":0,"14":0,"15":0,"16":0,"17":0,"18":0,"19":0,"20":0,"21":0,"22":0,"23":0,"24":0,"25":0,"26":0,"27":0},"f":{"0":0,"1":0,"2":0,"3":0,"4":0,"5":0,"6":0,"7":0,"8":0},"b":{"0":[0,0],"1":[0,0],"2":[0,0],"3":[0,0]}}
,"C:\\Users\\ICW001\\Desktop\\WebPlattformHB\\src\\services\\syncService.js": {"path":"C:\\Users\\ICW001\\Desktop\\WebPlattformHB\\src\\services\\syncService.js","statementMap":{"0":{"start":{"line":5,"column":4},"end":{"line":5,"column":37}},"1":{"start":{"line":6,"column":4},"end":{"line":6,"column":24}},"2":{"start":{"line":8,"column":4},"end":{"line":11,"column":7}},"3":{"start":{"line":9,"column":6},"end":{"line":9,"column":27}},"4":{"start":{"line":10,"column":6},"end":{"line":10,"column":37}},"5":{"start":{"line":13,"column":4},"end":{"line":16,"column":7}},"6":{"start":{"line":14,"column":6},"end":{"line":14,"column":28}},"7":{"start":{"line":15,"column":6},"end":{"line":15,"column":38}},"8":{"start":{"line":20,"column":4},"end":{"line":20,"column":34}},"9":{"start":{"line":24,"column":4},"end":{"line":24,"column":64}},"10":{"start":{"line":24,"column":48},"end":{"line":24,"column":62}},"11":{"start":{"line":28,"column":4},"end":{"line":28,"column":57}},"12":{"start":{"line":28,"column":39},"end":{"line":28,"column":55}},"13":{"start":{"line":33,"column":4},"end":{"line":33,"column":11}},"14":{"start":{"line":37,"column":4},"end":{"line":40,"column":6}},"15":{"start":{"line":44,"column":27},"end":{"line":44,"column":44}}},"fnMap":{"0":{"name":"(anonymous_0)","decl":{"start":{"line":4,"column":2},"end":{"line":4,"column":3}},"loc":{"start":{"line":4,"column":16},"end":{"line":17,"column":3}},"line":4},"1":{"name":"(anonymous_1)","decl":{"start":{"line":8,"column":38},"end":{"line":8,"column":39}},"loc":{"start":{"line":8,"column":44},"end":{"line":11,"column":5}},"line":8},"2":{"name":"(anonymous_2)","decl":{"start":{"line":13,"column":39},"end":{"line":13,"column":40}},"loc":{"start":{"line":13,"column":45},"end":{"line":16,"column":5}},"line":13},"3":{"name":"(anonymous_3)","decl":{"start":{"line":19,"column":2},"end":{"line":19,"column":3}},"loc":{"start":{"line":19,"column":24},"end":{"line":21,"column":3}},"line":19},"4":{"name":"(anonymous_4)","decl":{"start":{"line":23,"column":2},"end":{"line":23,"column":3}},"loc":{"start":{"line":23,"column":27},"end":{"line":25,"column":3}},"line":23},"5":{"name":"(anonymous_5)","decl":{"start":{"line":24,"column":43},"end":{"line":24,"column":44}},"loc":{"start":{"line":24,"column":48},"end":{"line":24,"column":62}},"line":24},"6":{"name":"(anonymous_6)","decl":{"start":{"line":27,"column":2},"end":{"line":27,"column":3}},"loc":{"start":{"line":27,"column":26},"end":{"line":29,"column":3}},"line":27},"7":{"name":"(anonymous_7)","decl":{"start":{"line":28,"column":27},"end":{"line":28,"column":28}},"loc":{"start":{"line":28,"column":39},"end":{"line":28,"column":55}},"line":28},"8":{"name":"(anonymous_8)","decl":{"start":{"line":31,"column":2},"end":{"line":31,"column":3}},"loc":{"start":{"line":31,"column":22},"end":{"line":34,"column":3}},"line":31},"9":{"name":"(anonymous_9)","decl":{"start":{"line":36,"column":2},"end":{"line":36,"column":3}},"loc":{"start":{"line":36,"column":14},"end":{"line":41,"column":3}},"line":36}},"branchMap":{},"s":{"0":1,"1":1,"2":1,"3":1,"4":1,"5":1,"6":3,"7":3,"8":2,"9":2,"10":2,"11":4,"12":2,"13":1,"14":2,"15":1},"f":{"0":1,"1":1,"2":3,"3":2,"4":2,"5":2,"6":4,"7":2,"8":1,"9":2},"b":{},"_coverageSchema":"1a1c01bbd47fc00a2c39e90264f33305004495a9","hash":"64b350d77703ec259426637372003e5e03d02691"}
,"C:\\Users\\ICW001\\Desktop\\WebPlattformHB\\src\\utils\\performance.js": {"path":"C:\\Users\\ICW001\\Desktop\\WebPlattformHB\\src\\utils\\performance.js","statementMap":{"0":{"start":{"line":2,"column":34},"end":{"line":27,"column":1}},"1":{"start":{"line":7,"column":4},"end":{"line":7,"column":55}},"2":{"start":{"line":12,"column":4},"end":{"line":15,"column":5}},"3":{"start":{"line":13,"column":6},"end":{"line":13,"column":50}},"4":{"start":{"line":14,"column":6},"end":{"line":14,"column":89}},"5":{"start":{"line":20,"column":4},"end":{"line":20,"column":24}},"6":{"start":{"line":25,"column":4},"end":{"line":25,"column":32}},"7":{"start":{"line":30,"column":31},"end":{"line":52,"column":1}},"8":{"start":{"line":31,"column":2},"end":{"line":31,"column":56}},"9":{"start":{"line":34,"column":17},"end":{"line":40,"column":3}},"10":{"start":{"line":35,"column":4},"end":{"line":39,"column":7}},"11":{"start":{"line":36,"column":22},"end":{"line":36,"column":49}},"12":{"start":{"line":37,"column":6},"end":{"line":37,"column":57}},"13":{"start":{"line":37,"column":32},"end":{"line":37,"column":56}},"14":{"start":{"line":38,"column":6},"end":{"line":38,"column":58}},"15":{"start":{"line":38,"column":30},"end":{"line":38,"column":57}},"16":{"start":{"line":43,"column":17},"end":{"line":47,"column":3}},"17":{"start":{"line":44,"column":4},"end":{"line":46,"column":45}},"18":{"start":{"line":45,"column":18},"end":{"line":45,"column":38}},"19":{"start":{"line":46,"column":19},"end":{"line":46,"column":43}},"20":{"start":{"line":49,"column":2},"end":{"line":51,"column":66}},"21":{"start":{"line":50,"column":21},"end":{"line":50,"column":59}},"22":{"start":{"line":51,"column":20},"end":{"line":51,"column":64}}},"fnMap":{"0":{"name":"(anonymous_0)","decl":{"start":{"line":6,"column":2},"end":{"line":6,"column":3}},"loc":{"start":{"line":6,"column":15},"end":{"line":8,"column":3}},"line":6},"1":{"name":"(anonymous_1)","decl":{"start":{"line":11,"column":2},"end":{"line":11,"column":3}},"loc":{"start":{"line":11,"column":13},"end":{"line":16,"column":3}},"line":11},"2":{"name":"(anonymous_2)","decl":{"start":{"line":19,"column":2},"end":{"line":19,"column":3}},"loc":{"start":{"line":19,"column":15},"end":{"line":21,"column":3}},"line":19},"3":{"name":"(anonymous_3)","decl":{"start":{"line":24,"column":2},"end":{"line":24,"column":3}},"loc":{"start":{"line":24,"column":15},"end":{"line":26,"column":3}},"line":24},"4":{"name":"(anonymous_4)","decl":{"start":{"line":30,"column":31},"end":{"line":30,"column":32}},"loc":{"start":{"line":30,"column":37},"end":{"line":52,"column":1}},"line":30},"5":{"name":"(anonymous_5)","decl":{"start":{"line":34,"column":17},"end":{"line":34,"column":18}},"loc":{"start":{"line":34,"column":23},"end":{"line":40,"column":3}},"line":34},"6":{"name":"(anonymous_6)","decl":{"start":{"line":35,"column":23},"end":{"line":35,"column":24}},"loc":{"start":{"line":35,"column":44},"end":{"line":39,"column":5}},"line":35},"7":{"name":"(anonymous_7)","decl":{"start":{"line":37,"column":26},"end":{"line":37,"column":27}},"loc":{"start":{"line":37,"column":32},"end":{"line":37,"column":56}},"line":37},"8":{"name":"(anonymous_8)","decl":{"start":{"line":38,"column":24},"end":{"line":38,"column":25}},"loc":{"start":{"line":38,"column":30},"end":{"line":38,"column":57}},"line":38},"9":{"name":"(anonymous_9)","decl":{"start":{"line":43,"column":17},"end":{"line":43,"column":18}},"loc":{"start":{"line":43,"column":23},"end":{"line":47,"column":3}},"line":43},"10":{"name":"(anonymous_10)","decl":{"start":{"line":45,"column":12},"end":{"line":45,"column":13}},"loc":{"start":{"line":45,"column":18},"end":{"line":45,"column":38}},"line":45},"11":{"name":"(anonymous_11)","decl":{"start":{"line":46,"column":13},"end":{"line":46,"column":14}},"loc":{"start":{"line":46,"column":19},"end":{"line":46,"column":43}},"line":46},"12":{"name":"(anonymous_12)","decl":{"start":{"line":50,"column":10},"end":{"line":50,"column":11}},"loc":{"start":{"line":50,"column":21},"end":{"line":50,"column":59}},"line":50},"13":{"name":"(anonymous_13)","decl":{"start":{"line":51,"column":11},"end":{"line":51,"column":12}},"loc":{"start":{"line":51,"column":20},"end":{"line":51,"column":64}},"line":51}},"branchMap":{"0":{"loc":{"start":{"line":12,"column":4},"end":{"line":15,"column":5}},"type":"if","locations":[{"start":{"line":12,"column":4},"end":{"line":15,"column":5}},{"start":{},"end":{}}],"line":12}},"s":{"0":0,"1":0,"2":0,"3":0,"4":0,"5":0,"6":0,"7":0,"8":0,"9":0,"10":0,"11":0,"12":0,"13":0,"14":0,"15":0,"16":0,"17":0,"18":0,"19":0,"20":0,"21":0,"22":0},"f":{"0":0,"1":0,"2":0,"3":0,"4":0,"5":0,"6":0,"7":0,"8":0,"9":0,"10":0,"11":0,"12":0,"13":0},"b":{"0":[0,0]}}
,"C:\\Users\\ICW001\\Desktop\\WebPlattformHB\\src\\utils\\security.js": {"path":"C:\\Users\\ICW001\\Desktop\\WebPlattformHB\\src\\utils\\security.js","statementMap":{"0":{"start":{"line":2,"column":24},"end":{"line":53,"column":1}},"1":{"start":{"line":5,"column":4},"end":{"line":5,"column":48}},"2":{"start":{"line":5,"column":35},"end":{"line":5,"column":48}},"3":{"start":{"line":7,"column":4},"end":{"line":12,"column":14}},"4":{"start":{"line":17,"column":25},"end":{"line":17,"column":65}},"5":{"start":{"line":18,"column":4},"end":{"line":18,"column":44}},"6":{"start":{"line":23,"column":20},"end":{"line":23,"column":35}},"7":{"start":{"line":24,"column":4},"end":{"line":24,"column":32}},"8":{"start":{"line":29,"column":4},"end":{"line":30,"column":57}},"9":{"start":{"line":36,"column":4},"end":{"line":41,"column":5}},"10":{"start":{"line":37,"column":6},"end":{"line":37,"column":40}},"11":{"start":{"line":39,"column":6},"end":{"line":39,"column":48}},"12":{"start":{"line":40,"column":6},"end":{"line":40,"column":18}},"13":{"start":{"line":46,"column":4},"end":{"line":51,"column":5}},"14":{"start":{"line":47,"column":6},"end":{"line":47,"column":45}},"15":{"start":{"line":49,"column":6},"end":{"line":49,"column":48}},"16":{"start":{"line":50,"column":6},"end":{"line":50,"column":27}}},"fnMap":{"0":{"name":"(anonymous_0)","decl":{"start":{"line":4,"column":17},"end":{"line":4,"column":18}},"loc":{"start":{"line":4,"column":28},"end":{"line":13,"column":3}},"line":4},"1":{"name":"(anonymous_1)","decl":{"start":{"line":16,"column":20},"end":{"line":16,"column":21}},"loc":{"start":{"line":16,"column":30},"end":{"line":19,"column":3}},"line":16},"2":{"name":"(anonymous_2)","decl":{"start":{"line":22,"column":20},"end":{"line":22,"column":21}},"loc":{"start":{"line":22,"column":30},"end":{"line":25,"column":3}},"line":22},"3":{"name":"(anonymous_3)","decl":{"start":{"line":28,"column":17},"end":{"line":28,"column":18}},"loc":{"start":{"line":28,"column":31},"end":{"line":31,"column":3}},"line":28},"4":{"name":"(anonymous_4)","decl":{"start":{"line":34,"column":20},"end":{"line":34,"column":21}},"loc":{"start":{"line":34,"column":30},"end":{"line":42,"column":3}},"line":34},"5":{"name":"(anonymous_5)","decl":{"start":{"line":45,"column":20},"end":{"line":45,"column":21}},"loc":{"start":{"line":45,"column":39},"end":{"line":52,"column":3}},"line":45}},"branchMap":{"0":{"loc":{"start":{"line":5,"column":4},"end":{"line":5,"column":48}},"type":"if","locations":[{"start":{"line":5,"column":4},"end":{"line":5,"column":48}},{"start":{},"end":{}}],"line":5},"1":{"loc":{"start":{"line":29,"column":11},"end":{"line":30,"column":56}},"type":"binary-expr","locations":[{"start":{"line":29,"column":11},"end":{"line":29,"column":64}},{"start":{"line":30,"column":11},"end":{"line":30,"column":56}}],"line":29}},"s":{"0":0,"1":0,"2":0,"3":0,"4":0,"5":0,"6":0,"7":0,"8":0,"9":0,"10":0,"11":0,"12":0,"13":0,"14":0,"15":0,"16":0},"f":{"0":0,"1":0,"2":0,"3":0,"4":0,"5":0},"b":{"0":[0,0],"1":[0,0]}}
}
