TN:
SF:src\App-test.jsx
FN:3,App
FN:23,(anonymous_1)
FNF:2
FNH:0
FNDA:0,App
FNDA:0,(anonymous_1)
DA:4,0
DA:23,0
LF:2
LH:0
BRF:0
BRH:0
end_of_record
TN:
SF:src\App.jsx
FN:23,(anonymous_0)
FN:31,(anonymous_1)
FN:32,(anonymous_2)
FN:40,(anonymous_3)
FN:44,(anonymous_4)
FN:45,(anonymous_5)
FN:49,(anonymous_6)
FN:51,(anonymous_7)
FN:51,(anonymous_8)
FN:57,(anonymous_9)
FN:60,(anonymous_10)
FN:194,(anonymous_11)
FN:202,(anonymous_12)
FN:203,(anonymous_13)
FN:205,(anonymous_14)
FN:207,(anonymous_15)
FN:209,(anonymous_16)
FN:214,(anonymous_17)
FN:215,(anonymous_18)
FN:219,(anonymous_19)
FN:223,(anonymous_20)
FN:224,(anonymous_21)
FN:226,(anonymous_22)
FN:232,(anonymous_23)
FN:235,(anonymous_24)
FN:309,(anonymous_25)
FN:332,(anonymous_26)
FN:335,(anonymous_27)
FN:336,(anonymous_28)
FN:344,(anonymous_29)
FN:366,(anonymous_30)
FN:415,(anonymous_31)
FN:437,(anonymous_32)
FN:464,(anonymous_33)
FN:467,(anonymous_34)
FN:515,(anonymous_35)
FN:519,(anonymous_36)
FN:544,(anonymous_37)
FN:629,(anonymous_38)
FN:635,(anonymous_39)
FN:704,(anonymous_40)
FN:716,(anonymous_41)
FN:717,(anonymous_42)
FN:740,(anonymous_43)
FN:752,(anonymous_44)
FN:753,(anonymous_45)
FN:788,(anonymous_46)
FN:789,(anonymous_47)
FN:808,(anonymous_48)
FN:826,(anonymous_49)
FN:849,App
FN:855,(anonymous_51)
FN:857,(anonymous_52)
FN:872,(anonymous_53)
FN:875,(anonymous_54)
FN:887,(anonymous_55)
FN:918,(anonymous_56)
FN:919,(anonymous_57)
FNF:58
FNH:0
FNDA:0,(anonymous_0)
FNDA:0,(anonymous_1)
FNDA:0,(anonymous_2)
FNDA:0,(anonymous_3)
FNDA:0,(anonymous_4)
FNDA:0,(anonymous_5)
FNDA:0,(anonymous_6)
FNDA:0,(anonymous_7)
FNDA:0,(anonymous_8)
FNDA:0,(anonymous_9)
FNDA:0,(anonymous_10)
FNDA:0,(anonymous_11)
FNDA:0,(anonymous_12)
FNDA:0,(anonymous_13)
FNDA:0,(anonymous_14)
FNDA:0,(anonymous_15)
FNDA:0,(anonymous_16)
FNDA:0,(anonymous_17)
FNDA:0,(anonymous_18)
FNDA:0,(anonymous_19)
FNDA:0,(anonymous_20)
FNDA:0,(anonymous_21)
FNDA:0,(anonymous_22)
FNDA:0,(anonymous_23)
FNDA:0,(anonymous_24)
FNDA:0,(anonymous_25)
FNDA:0,(anonymous_26)
FNDA:0,(anonymous_27)
FNDA:0,(anonymous_28)
FNDA:0,(anonymous_29)
FNDA:0,(anonymous_30)
FNDA:0,(anonymous_31)
FNDA:0,(anonymous_32)
FNDA:0,(anonymous_33)
FNDA:0,(anonymous_34)
FNDA:0,(anonymous_35)
FNDA:0,(anonymous_36)
FNDA:0,(anonymous_37)
FNDA:0,(anonymous_38)
FNDA:0,(anonymous_39)
FNDA:0,(anonymous_40)
FNDA:0,(anonymous_41)
FNDA:0,(anonymous_42)
FNDA:0,(anonymous_43)
FNDA:0,(anonymous_44)
FNDA:0,(anonymous_45)
FNDA:0,(anonymous_46)
FNDA:0,(anonymous_47)
FNDA:0,(anonymous_48)
FNDA:0,(anonymous_49)
FNDA:0,App
FNDA:0,(anonymous_51)
FNDA:0,(anonymous_52)
FNDA:0,(anonymous_53)
FNDA:0,(anonymous_54)
FNDA:0,(anonymous_55)
FNDA:0,(anonymous_56)
FNDA:0,(anonymous_57)
DA:23,0
DA:24,0
DA:31,0
DA:32,0
DA:33,0
DA:34,0
DA:35,0
DA:37,0
DA:40,0
DA:44,0
DA:45,0
DA:49,0
DA:51,0
DA:55,0
DA:56,0
DA:57,0
DA:60,0
DA:61,0
DA:93,0
DA:194,0
DA:195,0
DA:202,0
DA:203,0
DA:204,0
DA:205,0
DA:206,0
DA:207,0
DA:208,0
DA:209,0
DA:211,0
DA:214,0
DA:215,0
DA:219,0
DA:223,0
DA:224,0
DA:226,0
DA:230,0
DA:231,0
DA:232,0
DA:235,0
DA:236,0
DA:259,0
DA:310,0
DA:332,0
DA:333,0
DA:335,0
DA:336,0
DA:337,0
DA:340,0
DA:341,0
DA:344,0
DA:345,0
DA:349,0
DA:367,0
DA:368,0
DA:416,0
DA:417,0
DA:438,0
DA:439,0
DA:464,0
DA:465,0
DA:467,0
DA:468,0
DA:473,0
DA:487,0
DA:495,0
DA:497,0
DA:516,0
DA:519,0
DA:544,0
DA:545,0
DA:555,0
DA:629,0
DA:630,0
DA:631,0
DA:632,0
DA:633,0
DA:635,0
DA:636,0
DA:637,0
DA:638,0
DA:640,0
DA:641,0
DA:642,0
DA:643,0
DA:646,0
DA:648,0
DA:652,0
DA:704,0
DA:716,0
DA:717,0
DA:740,0
DA:752,0
DA:753,0
DA:788,0
DA:789,0
DA:809,0
DA:810,0
DA:827,0
DA:828,0
DA:850,0
DA:851,0
DA:852,0
DA:853,0
DA:855,0
DA:856,0
DA:857,0
DA:858,0
DA:859,0
DA:860,0
DA:861,0
DA:864,0
DA:866,0
DA:867,0
DA:871,0
DA:872,0
DA:875,0
DA:876,0
DA:877,0
DA:878,0
DA:879,0
DA:880,0
DA:882,0
DA:883,0
DA:887,0
DA:888,0
DA:889,0
DA:890,0
DA:891,0
DA:893,0
DA:897,0
DA:898,0
DA:911,0
DA:912,0
DA:915,0
DA:918,0
DA:919,0
LF:137
LH:0
BRDA:33,0,0,0
BRDA:33,0,1,0
BRDA:34,1,0,0
BRDA:34,1,1,0
BRDA:35,2,0,0
BRDA:35,2,1,0
BRDA:40,3,0,0
BRDA:40,3,1,0
BRDA:51,4,0,0
BRDA:51,4,1,0
BRDA:60,5,0,0
BRDA:72,6,0,0
BRDA:72,6,1,0
BRDA:74,7,0,0
BRDA:74,7,1,0
BRDA:85,8,0,0
BRDA:85,8,1,0
BRDA:100,9,0,0
BRDA:100,9,1,0
BRDA:141,10,0,0
BRDA:141,10,1,0
BRDA:146,11,0,0
BRDA:146,11,1,0
BRDA:151,12,0,0
BRDA:151,12,1,0
BRDA:156,13,0,0
BRDA:156,13,1,0
BRDA:161,14,0,0
BRDA:161,14,1,0
BRDA:166,15,0,0
BRDA:166,15,1,0
BRDA:171,16,0,0
BRDA:171,16,1,0
BRDA:176,17,0,0
BRDA:176,17,1,0
BRDA:181,18,0,0
BRDA:181,18,1,0
BRDA:186,19,0,0
BRDA:186,19,1,0
BRDA:204,20,0,0
BRDA:204,20,1,0
BRDA:205,21,0,0
BRDA:205,21,1,0
BRDA:206,22,0,0
BRDA:206,22,1,0
BRDA:207,23,0,0
BRDA:207,23,1,0
BRDA:208,24,0,0
BRDA:208,24,1,0
BRDA:209,25,0,0
BRDA:209,25,1,0
BRDA:226,26,0,0
BRDA:226,26,1,0
BRDA:235,27,0,0
BRDA:251,28,0,0
BRDA:251,28,1,0
BRDA:263,29,0,0
BRDA:263,29,1,0
BRDA:266,30,0,0
BRDA:266,30,1,0
BRDA:306,31,0,0
BRDA:306,31,1,0
BRDA:325,32,0,0
BRDA:325,32,1,0
BRDA:326,33,0,0
BRDA:326,33,1,0
BRDA:327,34,0,0
BRDA:327,34,1,0
BRDA:340,35,0,0
BRDA:340,35,1,0
BRDA:382,36,0,0
BRDA:382,36,1,0
BRDA:382,37,0,0
BRDA:382,37,1,0
BRDA:382,38,0,0
BRDA:382,38,1,0
BRDA:386,39,0,0
BRDA:386,39,1,0
BRDA:405,40,0,0
BRDA:405,40,1,0
BRDA:408,41,0,0
BRDA:408,41,1,0
BRDA:411,42,0,0
BRDA:411,42,1,0
BRDA:465,43,0,0
BRDA:465,43,1,0
BRDA:495,44,0,0
BRDA:495,44,1,0
BRDA:526,45,0,0
BRDA:526,45,1,0
BRDA:528,46,0,0
BRDA:528,46,1,0
BRDA:529,47,0,0
BRDA:529,47,1,0
BRDA:546,48,0,0
BRDA:546,48,1,0
BRDA:642,49,0,0
BRDA:642,49,1,0
BRDA:759,50,0,0
BRDA:759,50,1,0
BRDA:778,51,0,0
BRDA:778,51,1,0
BRDA:784,52,0,0
BRDA:784,52,1,0
BRDA:788,53,0,0
BRDA:788,53,1,0
BRDA:789,54,0,0
BRDA:789,54,1,0
BRDA:791,55,0,0
BRDA:791,55,1,0
BRDA:860,56,0,0
BRDA:860,56,1,0
BRDA:866,57,0,0
BRDA:866,57,1,0
BRDA:897,58,0,0
BRDA:897,58,1,0
BRDA:911,59,0,0
BRDA:911,59,1,0
BRDA:919,60,0,0
BRDA:919,60,1,0
BRDA:924,61,0,0
BRDA:924,61,1,0
BRDA:924,62,0,0
BRDA:924,62,1,0
BRDA:930,63,0,0
BRDA:930,63,1,0
BRDA:930,64,0,0
BRDA:930,64,1,0
BRDA:936,65,0,0
BRDA:936,65,1,0
BRDA:936,66,0,0
BRDA:936,66,1,0
BRDA:942,67,0,0
BRDA:942,67,1,0
BRDA:942,68,0,0
BRDA:942,68,1,0
BRDA:950,69,0,0
BRDA:950,69,1,0
BRDA:950,70,0,0
BRDA:950,70,1,0
BRF:140
BRH:0
end_of_record
TN:
SF:src\components\admin\AdminDashboard.jsx
FN:6,(anonymous_0)
FN:16,(anonymous_1)
FN:20,(anonymous_2)
FN:24,(anonymous_3)
FN:45,(anonymous_4)
FN:51,(anonymous_5)
FN:59,(anonymous_6)
FN:68,(anonymous_7)
FN:77,(anonymous_8)
FN:90,(anonymous_9)
FN:92,(anonymous_10)
FN:103,(anonymous_11)
FN:111,(anonymous_12)
FN:113,(anonymous_13)
FN:124,(anonymous_14)
FN:132,(anonymous_15)
FN:137,(anonymous_16)
FN:142,(anonymous_17)
FN:143,(anonymous_18)
FN:165,(anonymous_19)
FN:206,(anonymous_20)
FN:220,(anonymous_21)
FN:258,(anonymous_22)
FN:261,(anonymous_23)
FN:305,(anonymous_24)
FN:306,(anonymous_25)
FN:325,(anonymous_26)
FN:327,(anonymous_27)
FN:370,(anonymous_28)
FN:383,(anonymous_29)
FN:411,(anonymous_30)
FN:438,(anonymous_31)
FN:452,(anonymous_32)
FN:470,(anonymous_33)
FN:500,(anonymous_34)
FN:528,(anonymous_35)
FN:544,(anonymous_36)
FN:580,(anonymous_37)
FN:594,(anonymous_38)
FN:611,(anonymous_39)
FN:627,(anonymous_40)
FN:628,(anonymous_41)
FNF:42
FNH:0
FNDA:0,(anonymous_0)
FNDA:0,(anonymous_1)
FNDA:0,(anonymous_2)
FNDA:0,(anonymous_3)
FNDA:0,(anonymous_4)
FNDA:0,(anonymous_5)
FNDA:0,(anonymous_6)
FNDA:0,(anonymous_7)
FNDA:0,(anonymous_8)
FNDA:0,(anonymous_9)
FNDA:0,(anonymous_10)
FNDA:0,(anonymous_11)
FNDA:0,(anonymous_12)
FNDA:0,(anonymous_13)
FNDA:0,(anonymous_14)
FNDA:0,(anonymous_15)
FNDA:0,(anonymous_16)
FNDA:0,(anonymous_17)
FNDA:0,(anonymous_18)
FNDA:0,(anonymous_19)
FNDA:0,(anonymous_20)
FNDA:0,(anonymous_21)
FNDA:0,(anonymous_22)
FNDA:0,(anonymous_23)
FNDA:0,(anonymous_24)
FNDA:0,(anonymous_25)
FNDA:0,(anonymous_26)
FNDA:0,(anonymous_27)
FNDA:0,(anonymous_28)
FNDA:0,(anonymous_29)
FNDA:0,(anonymous_30)
FNDA:0,(anonymous_31)
FNDA:0,(anonymous_32)
FNDA:0,(anonymous_33)
FNDA:0,(anonymous_34)
FNDA:0,(anonymous_35)
FNDA:0,(anonymous_36)
FNDA:0,(anonymous_37)
FNDA:0,(anonymous_38)
FNDA:0,(anonymous_39)
FNDA:0,(anonymous_40)
FNDA:0,(anonymous_41)
DA:6,0
DA:7,0
DA:8,0
DA:9,0
DA:10,0
DA:11,0
DA:12,0
DA:13,0
DA:14,0
DA:16,0
DA:17,0
DA:20,0
DA:21,0
DA:22,0
DA:24,0
DA:25,0
DA:27,0
DA:28,0
DA:29,0
DA:30,0
DA:33,0
DA:34,0
DA:35,0
DA:36,0
DA:39,0
DA:40,0
DA:41,0
DA:45,0
DA:46,0
DA:49,0
DA:50,0
DA:51,0
DA:52,0
DA:56,0
DA:57,0
DA:58,0
DA:59,0
DA:60,0
DA:65,0
DA:66,0
DA:67,0
DA:68,0
DA:69,0
DA:74,0
DA:75,0
DA:76,0
DA:77,0
DA:78,0
DA:82,0
DA:85,0
DA:86,0
DA:90,0
DA:91,0
DA:92,0
DA:93,0
DA:94,0
DA:95,0
DA:97,0
DA:98,0
DA:100,0
DA:103,0
DA:104,0
DA:105,0
DA:106,0
DA:111,0
DA:112,0
DA:113,0
DA:114,0
DA:115,0
DA:116,0
DA:118,0
DA:119,0
DA:121,0
DA:124,0
DA:125,0
DA:126,0
DA:127,0
DA:132,0
DA:133,0
DA:134,0
DA:137,0
DA:138,0
DA:139,0
DA:142,0
DA:143,0
DA:145,0
DA:146,0
DA:147,0
DA:150,0
DA:151,0
DA:152,0
DA:153,0
DA:156,0
DA:157,0
DA:159,0
DA:162,0
DA:165,0
DA:166,0
DA:179,0
DA:192,0
DA:193,0
DA:200,0
DA:201,0
DA:207,0
DA:208,0
DA:214,0
DA:215,0
DA:221,0
DA:222,0
DA:228,0
DA:259,0
DA:261,0
DA:305,0
DA:306,0
DA:325,0
DA:328,0
DA:371,0
DA:383,0
DA:411,0
DA:439,0
DA:453,0
DA:454,0
DA:470,0
DA:500,0
DA:529,0
DA:545,0
DA:546,0
DA:580,0
DA:594,0
DA:611,0
DA:627,0
DA:629,0
LF:132
LH:0
BRDA:27,0,0,0
BRDA:27,0,1,0
BRDA:33,1,0,0
BRDA:33,1,1,0
BRDA:39,2,0,0
BRDA:39,2,1,0
BRDA:52,3,0,0
BRDA:52,3,1,0
BRDA:56,4,0,0
BRDA:56,4,1,0
BRDA:60,5,0,0
BRDA:60,5,1,0
BRDA:65,6,0,0
BRDA:65,6,1,0
BRDA:69,7,0,0
BRDA:69,7,1,0
BRDA:74,8,0,0
BRDA:74,8,1,0
BRDA:78,9,0,0
BRDA:78,9,1,0
BRDA:97,10,0,0
BRDA:97,10,1,0
BRDA:118,11,0,0
BRDA:118,11,1,0
BRDA:145,12,0,0
BRDA:145,12,1,0
BRDA:151,13,0,0
BRDA:151,13,1,0
BRDA:156,14,0,0
BRDA:156,14,1,0
BRDA:165,15,0,0
BRDA:185,16,0,0
BRDA:185,16,1,0
BRDA:192,17,0,0
BRDA:192,17,1,0
BRDA:200,18,0,0
BRDA:200,18,1,0
BRDA:203,19,0,0
BRDA:203,19,1,0
BRDA:204,20,0,0
BRDA:204,20,1,0
BRDA:214,21,0,0
BRDA:214,21,1,0
BRDA:217,22,0,0
BRDA:217,22,1,0
BRDA:218,23,0,0
BRDA:218,23,1,0
BRDA:266,24,0,0
BRDA:266,24,1,0
BRDA:267,25,0,0
BRDA:267,25,1,0
BRDA:269,26,0,0
BRDA:269,26,1,0
BRDA:278,27,0,0
BRDA:278,27,1,0
BRDA:325,28,0,0
BRDA:325,28,1,0
BRDA:325,29,0,0
BRDA:325,29,1,0
BRDA:330,30,0,0
BRDA:330,30,1,0
BRDA:333,31,0,0
BRDA:333,31,1,0
BRDA:334,32,0,0
BRDA:334,32,1,0
BRDA:337,33,0,0
BRDA:337,33,1,0
BRDA:351,34,0,0
BRDA:351,34,1,0
BRDA:406,35,0,0
BRDA:406,35,1,0
BRDA:468,36,0,0
BRDA:468,36,1,0
BRDA:495,37,0,0
BRDA:495,37,1,0
BRDA:570,38,0,0
BRDA:570,38,1,0
BRF:77
BRH:0
end_of_record
TN:
SF:src\components\admin\AdminPanel.jsx
FN:4,(anonymous_0)
FN:9,(anonymous_1)
FN:13,(anonymous_2)
FN:29,(anonymous_3)
FNF:4
FNH:0
FNDA:0,(anonymous_0)
FNDA:0,(anonymous_1)
FNDA:0,(anonymous_2)
FNDA:0,(anonymous_3)
DA:4,0
DA:5,0
DA:6,0
DA:7,0
DA:9,0
DA:10,0
DA:13,0
DA:14,0
DA:15,0
DA:20,0
DA:21,0
DA:23,0
DA:25,0
DA:29,0
DA:30,0
DA:63,0
DA:64,0
DA:65,0
DA:66,0
DA:68,0
DA:69,0
DA:73,0
DA:74,0
DA:77,0
LF:24
LH:0
BRDA:73,0,0,0
BRDA:73,0,1,0
BRDA:83,1,0,0
BRDA:83,1,1,0
BRF:4
BRH:0
end_of_record
TN:
SF:src\components\admin\AnlageAnlegen.jsx
FN:4,(anonymous_0)
FN:22,(anonymous_1)
FN:24,(anonymous_2)
FN:33,(anonymous_3)
FN:55,(anonymous_4)
FN:56,(anonymous_5)
FN:65,(anonymous_6)
FN:73,(anonymous_7)
FN:88,(anonymous_8)
FN:95,(anonymous_9)
FN:100,(anonymous_10)
FN:111,(anonymous_11)
FN:114,(anonymous_12)
FN:115,(anonymous_13)
FN:118,(anonymous_14)
FN:138,(anonymous_15)
FN:219,(anonymous_16)
FN:232,(anonymous_17)
FN:236,(anonymous_18)
FN:240,(anonymous_19)
FN:251,(anonymous_20)
FN:255,(anonymous_21)
FN:260,(anonymous_22)
FN:265,(anonymous_23)
FN:271,(anonymous_24)
FN:281,(anonymous_25)
FN:284,(anonymous_26)
FN:288,(anonymous_27)
FN:339,(anonymous_28)
FN:350,(anonymous_29)
FN:388,(anonymous_30)
FN:408,(anonymous_31)
FN:429,(anonymous_32)
FN:442,(anonymous_33)
FN:535,(anonymous_34)
FN:545,(anonymous_35)
FN:560,(anonymous_36)
FN:590,(anonymous_37)
FN:619,(anonymous_38)
FN:633,(anonymous_39)
FNF:40
FNH:0
FNDA:0,(anonymous_0)
FNDA:0,(anonymous_1)
FNDA:0,(anonymous_2)
FNDA:0,(anonymous_3)
FNDA:0,(anonymous_4)
FNDA:0,(anonymous_5)
FNDA:0,(anonymous_6)
FNDA:0,(anonymous_7)
FNDA:0,(anonymous_8)
FNDA:0,(anonymous_9)
FNDA:0,(anonymous_10)
FNDA:0,(anonymous_11)
FNDA:0,(anonymous_12)
FNDA:0,(anonymous_13)
FNDA:0,(anonymous_14)
FNDA:0,(anonymous_15)
FNDA:0,(anonymous_16)
FNDA:0,(anonymous_17)
FNDA:0,(anonymous_18)
FNDA:0,(anonymous_19)
FNDA:0,(anonymous_20)
FNDA:0,(anonymous_21)
FNDA:0,(anonymous_22)
FNDA:0,(anonymous_23)
FNDA:0,(anonymous_24)
FNDA:0,(anonymous_25)
FNDA:0,(anonymous_26)
FNDA:0,(anonymous_27)
FNDA:0,(anonymous_28)
FNDA:0,(anonymous_29)
FNDA:0,(anonymous_30)
FNDA:0,(anonymous_31)
FNDA:0,(anonymous_32)
FNDA:0,(anonymous_33)
FNDA:0,(anonymous_34)
FNDA:0,(anonymous_35)
FNDA:0,(anonymous_36)
FNDA:0,(anonymous_37)
FNDA:0,(anonymous_38)
FNDA:0,(anonymous_39)
DA:4,0
DA:5,0
DA:12,0
DA:13,0
DA:14,0
DA:15,0
DA:16,0
DA:17,0
DA:18,0
DA:19,0
DA:20,0
DA:22,0
DA:23,0
DA:24,0
DA:25,0
DA:27,0
DA:28,0
DA:30,0
DA:33,0
DA:34,0
DA:35,0
DA:38,0
DA:39,0
DA:40,0
DA:41,0
DA:44,0
DA:48,0
DA:49,0
DA:51,0
DA:52,0
DA:55,0
DA:56,0
DA:57,0
DA:59,0
DA:62,0
DA:65,0
DA:66,0
DA:67,0
DA:70,0
DA:71,0
DA:72,0
DA:73,0
DA:75,0
DA:76,0
DA:77,0
DA:80,0
DA:81,0
DA:83,0
DA:84,0
DA:85,0
DA:87,0
DA:88,0
DA:90,0
DA:91,0
DA:95,0
DA:96,0
DA:97,0
DA:98,0
DA:100,0
DA:101,0
DA:102,0
DA:103,0
DA:104,0
DA:106,0
DA:109,0
DA:110,0
DA:111,0
DA:114,0
DA:115,0
DA:118,0
DA:119,0
DA:120,0
DA:121,0
DA:123,0
DA:124,0
DA:125,0
DA:127,0
DA:128,0
DA:129,0
DA:131,0
DA:132,0
DA:133,0
DA:135,0
DA:138,0
DA:139,0
DA:141,0
DA:142,0
DA:145,0
DA:146,0
DA:148,0
DA:149,0
DA:162,0
DA:163,0
DA:165,0
DA:166,0
DA:167,0
DA:168,0
DA:170,0
DA:172,0
DA:179,0
DA:181,0
DA:182,0
DA:183,0
DA:184,0
DA:185,0
DA:187,0
DA:191,0
DA:199,0
DA:200,0
DA:201,0
DA:203,0
DA:205,0
DA:212,0
DA:213,0
DA:215,0
DA:219,0
DA:220,0
DA:221,0
DA:228,0
DA:229,0
DA:232,0
DA:233,0
DA:235,0
DA:236,0
DA:239,0
DA:240,0
DA:241,0
DA:248,0
DA:251,0
DA:252,0
DA:255,0
DA:256,0
DA:257,0
DA:260,0
DA:261,0
DA:262,0
DA:264,0
DA:265,0
DA:266,0
DA:268,0
DA:270,0
DA:271,0
DA:272,0
DA:274,0
DA:276,0
DA:277,0
DA:278,0
DA:281,0
DA:282,0
DA:284,0
DA:285,0
DA:287,0
DA:288,0
DA:289,0
DA:291,0
DA:294,0
DA:339,0
DA:351,0
DA:388,0
DA:408,0
DA:429,0
DA:443,0
DA:444,0
DA:535,0
DA:546,0
DA:560,0
DA:591,0
DA:619,0
DA:633,0
LF:169
LH:0
BRDA:23,0,0,0
BRDA:23,0,1,0
BRDA:24,1,0,0
BRDA:24,1,1,0
BRDA:38,2,0,0
BRDA:38,2,1,0
BRDA:49,3,0,0
BRDA:49,3,1,0
BRDA:52,4,0,0
BRDA:52,4,1,0
BRDA:56,5,0,0
BRDA:56,5,1,0
BRDA:70,6,0,0
BRDA:70,6,1,0
BRDA:72,7,0,0
BRDA:72,7,1,0
BRDA:73,8,0,0
BRDA:73,8,1,0
BRDA:81,9,0,0
BRDA:81,9,1,0
BRDA:84,10,0,0
BRDA:84,10,1,0
BRDA:85,11,0,0
BRDA:85,11,1,0
BRDA:87,12,0,0
BRDA:87,12,1,0
BRDA:88,13,0,0
BRDA:88,13,1,0
BRDA:96,14,0,0
BRDA:96,14,1,0
BRDA:97,15,0,0
BRDA:97,15,1,0
BRDA:102,16,0,0
BRDA:102,16,1,0
BRDA:104,17,0,0
BRDA:104,17,1,0
BRDA:119,18,0,0
BRDA:119,18,1,0
BRDA:123,19,0,0
BRDA:123,19,1,0
BRDA:127,20,0,0
BRDA:127,20,1,0
BRDA:131,21,0,0
BRDA:131,21,1,0
BRDA:141,22,0,0
BRDA:141,22,1,0
BRDA:162,23,0,0
BRDA:162,23,1,0
BRDA:166,24,0,0
BRDA:166,24,1,0
BRDA:174,25,0,0
BRDA:174,25,1,0
BRDA:174,26,0,0
BRDA:174,26,1,0
BRDA:182,27,0,0
BRDA:182,27,1,0
BRDA:182,28,0,0
BRDA:182,28,1,0
BRDA:184,29,0,0
BRDA:184,29,1,0
BRDA:184,30,0,0
BRDA:184,30,1,0
BRDA:199,31,0,0
BRDA:199,31,1,0
BRDA:207,32,0,0
BRDA:207,32,1,0
BRDA:207,33,0,0
BRDA:207,33,1,0
BRDA:223,34,0,0
BRDA:223,34,1,0
BRDA:223,35,0,0
BRDA:223,35,1,0
BRDA:235,36,0,0
BRDA:235,36,1,0
BRDA:239,37,0,0
BRDA:239,37,1,0
BRDA:241,38,0,0
BRDA:241,38,1,0
BRDA:241,38,2,0
BRDA:241,38,3,0
BRDA:262,39,0,0
BRDA:262,39,1,0
BRDA:266,40,0,0
BRDA:266,40,1,0
BRDA:270,41,0,0
BRDA:270,41,1,0
BRDA:272,42,0,0
BRDA:272,42,1,0
BRDA:282,43,0,0
BRDA:282,43,1,0
BRDA:287,44,0,0
BRDA:287,44,1,0
BRDA:310,45,0,0
BRDA:310,45,1,0
BRDA:332,46,0,0
BRDA:332,46,1,0
BRDA:351,47,0,0
BRDA:351,47,1,0
BRDA:359,48,0,0
BRDA:359,48,1,0
BRDA:444,49,0,0
BRDA:444,49,1,0
BRDA:461,50,0,0
BRDA:461,50,1,0
BRDA:466,51,0,0
BRDA:466,51,1,0
BRDA:467,52,0,0
BRDA:467,52,1,0
BRDA:468,53,0,0
BRDA:468,53,1,0
BRDA:496,54,0,0
BRDA:496,54,1,0
BRDA:499,55,0,0
BRDA:499,55,1,0
BRDA:502,56,0,0
BRDA:502,56,1,0
BRDA:502,57,0,0
BRDA:502,57,1,0
BRDA:527,58,0,0
BRDA:527,58,1,0
BRDA:546,59,0,0
BRDA:546,59,1,0
BRDA:570,60,0,0
BRDA:570,60,1,0
BRDA:570,60,2,0
BRDA:585,61,0,0
BRDA:585,61,1,0
BRDA:587,62,0,0
BRDA:587,62,1,0
BRDA:601,63,0,0
BRDA:601,63,1,0
BRF:131
BRH:0
end_of_record
TN:
SF:src\components\admin\ClientManagement.jsx
FN:5,(anonymous_0)
FN:13,(anonymous_1)
FN:17,(anonymous_2)
FN:23,(anonymous_3)
FN:28,(anonymous_4)
FN:111,(anonymous_5)
FN:117,(anonymous_6)
FN:122,(anonymous_7)
FN:123,(anonymous_8)
FN:134,(anonymous_9)
FN:137,(anonymous_10)
FN:144,(anonymous_11)
FN:149,(anonymous_12)
FN:158,(anonymous_13)
FN:178,(anonymous_14)
FN:182,(anonymous_15)
FN:186,(anonymous_16)
FN:190,(anonymous_17)
FN:194,(anonymous_18)
FN:198,(anonymous_19)
FN:202,(anonymous_20)
FN:206,(anonymous_21)
FN:253,(anonymous_22)
FN:286,(anonymous_23)
FN:290,(anonymous_24)
FN:303,(anonymous_25)
FN:317,(anonymous_26)
FN:331,(anonymous_27)
FNF:28
FNH:0
FNDA:0,(anonymous_0)
FNDA:0,(anonymous_1)
FNDA:0,(anonymous_2)
FNDA:0,(anonymous_3)
FNDA:0,(anonymous_4)
FNDA:0,(anonymous_5)
FNDA:0,(anonymous_6)
FNDA:0,(anonymous_7)
FNDA:0,(anonymous_8)
FNDA:0,(anonymous_9)
FNDA:0,(anonymous_10)
FNDA:0,(anonymous_11)
FNDA:0,(anonymous_12)
FNDA:0,(anonymous_13)
FNDA:0,(anonymous_14)
FNDA:0,(anonymous_15)
FNDA:0,(anonymous_16)
FNDA:0,(anonymous_17)
FNDA:0,(anonymous_18)
FNDA:0,(anonymous_19)
FNDA:0,(anonymous_20)
FNDA:0,(anonymous_21)
FNDA:0,(anonymous_22)
FNDA:0,(anonymous_23)
FNDA:0,(anonymous_24)
FNDA:0,(anonymous_25)
FNDA:0,(anonymous_26)
FNDA:0,(anonymous_27)
DA:5,0
DA:6,0
DA:7,0
DA:8,0
DA:9,0
DA:10,0
DA:11,0
DA:13,0
DA:14,0
DA:17,0
DA:18,0
DA:21,0
DA:23,0
DA:24,0
DA:28,0
DA:29,0
DA:30,0
DA:31,0
DA:32,0
DA:34,0
DA:38,0
DA:40,0
DA:41,0
DA:42,0
DA:45,0
DA:46,0
DA:48,0
DA:49,0
DA:51,0
DA:52,0
DA:55,0
DA:58,0
DA:59,0
DA:60,0
DA:63,0
DA:102,0
DA:103,0
DA:104,0
DA:107,0
DA:111,0
DA:112,0
DA:117,0
DA:118,0
DA:119,0
DA:122,0
DA:123,0
DA:124,0
DA:126,0
DA:127,0
DA:129,0
DA:130,0
DA:131,0
DA:134,0
DA:135,0
DA:137,0
DA:138,0
DA:139,0
DA:141,0
DA:144,0
DA:145,0
DA:148,0
DA:149,0
DA:152,0
DA:153,0
DA:158,0
DA:178,0
DA:182,0
DA:186,0
DA:190,0
DA:194,0
DA:198,0
DA:202,0
DA:206,0
DA:233,0
DA:234,0
DA:241,0
DA:253,0
DA:287,0
DA:290,0
DA:303,0
DA:317,0
DA:331,0
LF:82
LH:0
BRDA:40,0,0,0
BRDA:40,0,1,0
BRDA:45,1,0,0
BRDA:45,1,1,0
BRDA:59,2,0,0
BRDA:59,2,1,0
BRDA:112,3,0,0
BRDA:112,3,1,0
BRDA:112,3,2,0
BRDA:124,4,0,0
BRDA:124,4,1,0
BRDA:135,5,0,0
BRDA:135,5,1,0
BRDA:148,6,0,0
BRDA:148,6,1,0
BRDA:152,7,0,0
BRDA:152,7,1,0
BRDA:233,8,0,0
BRDA:233,8,1,0
BRDA:279,9,0,0
BRDA:279,9,1,0
BRDA:288,10,0,0
BRDA:288,10,1,0
BRDA:298,11,0,0
BRDA:298,11,1,0
BRDA:361,12,0,0
BRDA:361,12,1,0
BRF:27
BRH:0
end_of_record
TN:
SF:src\components\admin\CustomerDetailsPage.jsx
FN:3,(anonymous_0)
FN:7,(anonymous_1)
FN:11,(anonymous_2)
FN:27,(anonymous_3)
FN:134,(anonymous_4)
FNF:5
FNH:0
FNDA:0,(anonymous_0)
FNDA:0,(anonymous_1)
FNDA:0,(anonymous_2)
FNDA:0,(anonymous_3)
FNDA:0,(anonymous_4)
DA:3,0
DA:4,0
DA:5,0
DA:7,0
DA:8,0
DA:11,0
DA:12,0
DA:13,0
DA:15,0
DA:16,0
DA:18,0
DA:19,0
DA:20,0
DA:22,0
DA:23,0
DA:27,0
DA:28,0
DA:32,0
DA:33,0
DA:34,0
DA:36,0
DA:38,0
DA:39,0
DA:41,0
DA:45,0
DA:135,0
LF:26
LH:0
BRDA:16,0,0,0
BRDA:16,0,1,0
BRDA:19,1,0,0
BRDA:19,1,1,0
BRDA:22,2,0,0
BRDA:22,2,1,0
BRDA:28,3,0,0
BRDA:28,3,1,0
BRDA:77,4,0,0
BRDA:77,4,1,0
BRDA:81,5,0,0
BRDA:81,5,1,0
BRDA:85,6,0,0
BRDA:85,6,1,0
BRDA:90,7,0,0
BRDA:90,7,1,0
BRDA:90,8,0,0
BRDA:90,8,1,0
BRDA:90,8,2,0
BRDA:98,9,0,0
BRDA:98,9,1,0
BRDA:110,10,0,0
BRDA:110,10,1,0
BRDA:114,11,0,0
BRDA:114,11,1,0
BRDA:135,12,0,0
BRDA:135,12,1,0
BRDA:137,13,0,0
BRDA:137,13,1,0
BRDA:145,14,0,0
BRDA:145,14,1,0
BRF:31
BRH:0
end_of_record
TN:
SF:src\components\admin\EnhancedAdminDashboard.jsx
FN:8,(anonymous_0)
FN:20,(anonymous_1)
FN:24,(anonymous_2)
FN:55,(anonymous_3)
FN:59,(anonymous_4)
FN:60,(anonymous_5)
FN:62,(anonymous_6)
FN:66,(anonymous_7)
FN:67,(anonymous_8)
FN:81,(anonymous_9)
FN:82,(anonymous_10)
FN:84,(anonymous_11)
FN:89,(anonymous_12)
FN:125,(anonymous_13)
FN:128,(anonymous_14)
FN:176,(anonymous_15)
FN:186,(anonymous_16)
FN:186,(anonymous_17)
FN:226,(anonymous_18)
FN:303,(anonymous_19)
FN:305,(anonymous_20)
FN:320,(anonymous_21)
FN:326,(anonymous_22)
FNF:23
FNH:0
FNDA:0,(anonymous_0)
FNDA:0,(anonymous_1)
FNDA:0,(anonymous_2)
FNDA:0,(anonymous_3)
FNDA:0,(anonymous_4)
FNDA:0,(anonymous_5)
FNDA:0,(anonymous_6)
FNDA:0,(anonymous_7)
FNDA:0,(anonymous_8)
FNDA:0,(anonymous_9)
FNDA:0,(anonymous_10)
FNDA:0,(anonymous_11)
FNDA:0,(anonymous_12)
FNDA:0,(anonymous_13)
FNDA:0,(anonymous_14)
FNDA:0,(anonymous_15)
FNDA:0,(anonymous_16)
FNDA:0,(anonymous_17)
FNDA:0,(anonymous_18)
FNDA:0,(anonymous_19)
FNDA:0,(anonymous_20)
FNDA:0,(anonymous_21)
FNDA:0,(anonymous_22)
DA:8,0
DA:9,0
DA:14,0
DA:15,0
DA:16,0
DA:17,0
DA:18,0
DA:20,0
DA:21,0
DA:24,0
DA:26,0
DA:37,0
DA:49,0
DA:50,0
DA:52,0
DA:55,0
DA:59,0
DA:60,0
DA:62,0
DA:66,0
DA:67,0
DA:68,0
DA:69,0
DA:70,0
DA:73,0
DA:74,0
DA:76,0
DA:77,0
DA:81,0
DA:82,0
DA:83,0
DA:84,0
DA:89,0
DA:90,0
DA:111,0
DA:126,0
DA:128,0
DA:177,0
DA:186,0
DA:187,0
DA:227,0
DA:304,0
DA:305,0
DA:307,0
DA:321,0
DA:326,0
LF:46
LH:0
BRDA:68,0,0,0
BRDA:68,0,1,0
BRDA:83,1,0,0
BRDA:83,1,1,0
BRDA:89,2,0,0
BRDA:103,3,0,0
BRDA:103,3,1,0
BRDA:115,4,0,0
BRDA:115,4,1,0
BRDA:133,5,0,0
BRDA:133,5,1,0
BRDA:134,6,0,0
BRDA:134,6,1,0
BRDA:136,7,0,0
BRDA:136,7,1,0
BRDA:146,8,0,0
BRDA:146,8,1,0
BRDA:198,9,0,0
BRDA:198,9,1,0
BRDA:266,10,0,0
BRDA:266,10,1,0
BRDA:276,11,0,0
BRDA:276,11,1,0
BRDA:280,12,0,0
BRDA:280,12,1,0
BRDA:304,13,0,0
BRDA:304,13,1,0
BRF:27
BRH:0
end_of_record
TN:
SF:src\components\admin\InvoiceModule.jsx
FN:5,(anonymous_0)
FN:38,(anonymous_1)
FN:44,(anonymous_2)
FN:61,(anonymous_3)
FN:62,(anonymous_4)
FN:71,(anonymous_5)
FN:78,(anonymous_6)
FN:79,(anonymous_7)
FN:88,(anonymous_8)
FN:91,(anonymous_9)
FN:98,(anonymous_10)
FN:113,(anonymous_11)
FN:118,(anonymous_12)
FN:130,(anonymous_13)
FN:130,(anonymous_14)
FN:137,(anonymous_15)
FN:140,(anonymous_16)
FN:147,(anonymous_17)
FN:153,(anonymous_18)
FN:154,(anonymous_19)
FN:170,(anonymous_20)
FN:171,(anonymous_21)
FN:178,(anonymous_22)
FN:212,(anonymous_23)
FN:217,(anonymous_24)
FN:256,(anonymous_25)
FN:258,(anonymous_26)
FN:265,(anonymous_27)
FN:283,(anonymous_28)
FN:299,(anonymous_29)
FN:325,(anonymous_30)
FN:360,(anonymous_31)
FN:396,(anonymous_32)
FN:409,(anonymous_33)
FN:446,(anonymous_34)
FN:466,(anonymous_35)
FN:466,(anonymous_36)
FN:475,(anonymous_37)
FN:476,(anonymous_38)
FN:483,(anonymous_39)
FN:496,(anonymous_40)
FN:496,(anonymous_41)
FN:508,(anonymous_42)
FN:509,(anonymous_43)
FN:511,(anonymous_44)
FN:518,(anonymous_45)
FN:524,(anonymous_46)
FN:539,(anonymous_47)
FN:539,(anonymous_48)
FN:542,(anonymous_49)
FN:553,(anonymous_50)
FN:553,(anonymous_51)
FN:563,(anonymous_52)
FN:614,(anonymous_53)
FN:614,(anonymous_54)
FN:630,(anonymous_55)
FN:678,(anonymous_56)
FN:693,(anonymous_57)
FN:702,(anonymous_58)
FN:715,(anonymous_59)
FN:731,(anonymous_60)
FN:765,(anonymous_61)
FN:765,(anonymous_62)
FN:779,(anonymous_63)
FN:782,(anonymous_64)
FN:789,(anonymous_65)
FNF:66
FNH:0
FNDA:0,(anonymous_0)
FNDA:0,(anonymous_1)
FNDA:0,(anonymous_2)
FNDA:0,(anonymous_3)
FNDA:0,(anonymous_4)
FNDA:0,(anonymous_5)
FNDA:0,(anonymous_6)
FNDA:0,(anonymous_7)
FNDA:0,(anonymous_8)
FNDA:0,(anonymous_9)
FNDA:0,(anonymous_10)
FNDA:0,(anonymous_11)
FNDA:0,(anonymous_12)
FNDA:0,(anonymous_13)
FNDA:0,(anonymous_14)
FNDA:0,(anonymous_15)
FNDA:0,(anonymous_16)
FNDA:0,(anonymous_17)
FNDA:0,(anonymous_18)
FNDA:0,(anonymous_19)
FNDA:0,(anonymous_20)
FNDA:0,(anonymous_21)
FNDA:0,(anonymous_22)
FNDA:0,(anonymous_23)
FNDA:0,(anonymous_24)
FNDA:0,(anonymous_25)
FNDA:0,(anonymous_26)
FNDA:0,(anonymous_27)
FNDA:0,(anonymous_28)
FNDA:0,(anonymous_29)
FNDA:0,(anonymous_30)
FNDA:0,(anonymous_31)
FNDA:0,(anonymous_32)
FNDA:0,(anonymous_33)
FNDA:0,(anonymous_34)
FNDA:0,(anonymous_35)
FNDA:0,(anonymous_36)
FNDA:0,(anonymous_37)
FNDA:0,(anonymous_38)
FNDA:0,(anonymous_39)
FNDA:0,(anonymous_40)
FNDA:0,(anonymous_41)
FNDA:0,(anonymous_42)
FNDA:0,(anonymous_43)
FNDA:0,(anonymous_44)
FNDA:0,(anonymous_45)
FNDA:0,(anonymous_46)
FNDA:0,(anonymous_47)
FNDA:0,(anonymous_48)
FNDA:0,(anonymous_49)
FNDA:0,(anonymous_50)
FNDA:0,(anonymous_51)
FNDA:0,(anonymous_52)
FNDA:0,(anonymous_53)
FNDA:0,(anonymous_54)
FNDA:0,(anonymous_55)
FNDA:0,(anonymous_56)
FNDA:0,(anonymous_57)
FNDA:0,(anonymous_58)
FNDA:0,(anonymous_59)
FNDA:0,(anonymous_60)
FNDA:0,(anonymous_61)
FNDA:0,(anonymous_62)
FNDA:0,(anonymous_63)
FNDA:0,(anonymous_64)
FNDA:0,(anonymous_65)
DA:5,0
DA:6,0
DA:7,0
DA:8,0
DA:9,0
DA:10,0
DA:11,0
DA:12,0
DA:14,0
DA:25,0
DA:32,0
DA:38,0
DA:39,0
DA:40,0
DA:41,0
DA:44,0
DA:45,0
DA:46,0
DA:49,0
DA:50,0
DA:51,0
DA:52,0
DA:55,0
DA:56,0
DA:58,0
DA:59,0
DA:60,0
DA:61,0
DA:62,0
DA:64,0
DA:67,0
DA:71,0
DA:72,0
DA:73,0
DA:76,0
DA:77,0
DA:78,0
DA:79,0
DA:81,0
DA:85,0
DA:86,0
DA:87,0
DA:88,0
DA:89,0
DA:91,0
DA:93,0
DA:98,0
DA:99,0
DA:100,0
DA:103,0
DA:104,0
DA:105,0
DA:108,0
DA:109,0
DA:111,0
DA:112,0
DA:113,0
DA:118,0
DA:119,0
DA:120,0
DA:121,0
DA:124,0
DA:125,0
DA:128,0
DA:129,0
DA:130,0
DA:134,0
DA:135,0
DA:136,0
DA:137,0
DA:138,0
DA:140,0
DA:142,0
DA:147,0
DA:148,0
DA:149,0
DA:150,0
DA:153,0
DA:154,0
DA:155,0
DA:167,0
DA:170,0
DA:171,0
DA:172,0
DA:173,0
DA:175,0
DA:178,0
DA:179,0
DA:180,0
DA:181,0
DA:184,0
DA:185,0
DA:186,0
DA:189,0
DA:190,0
DA:192,0
DA:202,0
DA:203,0
DA:204,0
DA:206,0
DA:207,0
DA:208,0
DA:211,0
DA:212,0
DA:213,0
DA:216,0
DA:217,0
DA:218,0
DA:220,0
DA:223,0
DA:224,0
DA:233,0
DA:234,0
DA:236,0
DA:242,0
DA:245,0
DA:246,0
DA:247,0
DA:248,0
DA:249,0
DA:251,0
DA:252,0
DA:256,0
DA:257,0
DA:258,0
DA:259,0
DA:261,0
DA:262,0
DA:264,0
DA:265,0
DA:266,0
DA:268,0
DA:270,0
DA:271,0
DA:280,0
DA:281,0
DA:283,0
DA:289,0
DA:292,0
DA:294,0
DA:295,0
DA:299,0
DA:300,0
DA:302,0
DA:306,0
DA:307,0
DA:308,0
DA:309,0
DA:310,0
DA:311,0
DA:312,0
DA:313,0
DA:314,0
DA:315,0
DA:317,0
DA:320,0
DA:323,0
DA:324,0
DA:325,0
DA:327,0
DA:360,0
DA:389,0
DA:391,0
DA:396,0
DA:397,0
DA:409,0
DA:410,0
DA:417,0
DA:430,0
DA:431,0
DA:433,0
DA:446,0
DA:466,0
DA:476,0
DA:477,0
DA:484,0
DA:496,0
DA:509,0
DA:510,0
DA:511,0
DA:518,0
DA:525,0
DA:539,0
DA:543,0
DA:553,0
DA:564,0
DA:614,0
DA:630,0
DA:663,0
DA:678,0
DA:693,0
DA:703,0
DA:716,0
DA:731,0
DA:765,0
DA:766,0
DA:779,0
DA:783,0
DA:789,0
LF:199
LH:0
BRDA:49,0,0,0
BRDA:49,0,1,0
BRDA:56,1,0,0
BRDA:56,1,1,0
BRDA:59,2,0,0
BRDA:59,2,1,0
BRDA:60,3,0,0
BRDA:60,3,1,0
BRDA:76,4,0,0
BRDA:76,4,1,0
BRDA:79,5,0,0
BRDA:79,5,1,0
BRDA:86,6,0,0
BRDA:86,6,1,0
BRDA:89,7,0,0
BRDA:89,7,1,0
BRDA:89,7,2,0
BRDA:103,8,0,0
BRDA:103,8,1,0
BRDA:109,9,0,0
BRDA:109,9,1,0
BRDA:111,10,0,0
BRDA:111,10,1,0
BRDA:112,11,0,0
BRDA:112,11,1,0
BRDA:119,12,0,0
BRDA:119,12,1,0
BRDA:128,13,0,0
BRDA:128,13,1,0
BRDA:135,14,0,0
BRDA:135,14,1,0
BRDA:138,15,0,0
BRDA:138,15,1,0
BRDA:138,15,2,0
BRDA:159,16,0,0
BRDA:159,16,1,0
BRDA:160,17,0,0
BRDA:160,17,1,0
BRDA:164,18,0,0
BRDA:164,18,1,0
BRDA:179,19,0,0
BRDA:179,19,1,0
BRDA:184,20,0,0
BRDA:184,20,1,0
BRDA:184,21,0,0
BRDA:184,21,1,0
BRDA:202,22,0,0
BRDA:202,22,1,0
BRDA:206,23,0,0
BRDA:206,23,1,0
BRDA:211,24,0,0
BRDA:211,24,1,0
BRDA:216,25,0,0
BRDA:216,25,1,0
BRDA:218,26,0,0
BRDA:218,26,1,0
BRDA:233,27,0,0
BRDA:233,27,1,0
BRDA:259,28,0,0
BRDA:259,28,1,0
BRDA:264,29,0,0
BRDA:264,29,1,0
BRDA:266,30,0,0
BRDA:266,30,1,0
BRDA:280,31,0,0
BRDA:280,31,1,0
BRDA:306,32,0,0
BRDA:306,32,1,0
BRDA:324,33,0,0
BRDA:324,33,1,0
BRDA:345,34,0,0
BRDA:345,34,1,0
BRDA:365,35,0,0
BRDA:365,35,1,0
BRDA:366,36,0,0
BRDA:366,36,1,0
BRDA:373,37,0,0
BRDA:373,37,1,0
BRDA:374,38,0,0
BRDA:374,38,1,0
BRDA:375,39,0,0
BRDA:375,39,1,0
BRDA:379,40,0,0
BRDA:379,40,1,0
BRDA:423,41,0,0
BRDA:423,41,1,0
BRDA:430,42,0,0
BRDA:430,42,1,0
BRDA:465,43,0,0
BRDA:465,43,1,0
BRDA:484,44,0,0
BRDA:484,44,1,0
BRDA:503,45,0,0
BRDA:503,45,1,0
BRDA:503,45,2,0
BRDA:510,46,0,0
BRDA:510,46,1,0
BRDA:514,47,0,0
BRDA:514,47,1,0
BRDA:515,48,0,0
BRDA:515,48,1,0
BRDA:526,49,0,0
BRDA:526,49,1,0
BRDA:564,50,0,0
BRDA:564,50,1,0
BRDA:577,51,0,0
BRDA:577,51,1,0
BRDA:578,52,0,0
BRDA:578,52,1,0
BRDA:703,53,0,0
BRDA:703,53,1,0
BRDA:711,54,0,0
BRDA:711,54,1,0
BRDA:765,55,0,0
BRDA:765,55,1,0
BRDA:773,56,0,0
BRDA:773,56,1,0
BRF:117
BRH:0
end_of_record
TN:
SF:src\components\admin\InvoiceStyleForm.jsx
FN:3,(anonymous_0)
FN:19,(anonymous_1)
FN:95,(anonymous_2)
FN:95,(anonymous_3)
FN:106,(anonymous_4)
FN:234,(anonymous_5)
FN:234,(anonymous_6)
FN:260,(anonymous_7)
FN:260,(anonymous_8)
FN:333,(anonymous_9)
FN:346,(anonymous_10)
FN:443,(anonymous_11)
FN:452,(anonymous_12)
FN:467,(anonymous_13)
FN:484,(anonymous_14)
FN:506,(anonymous_15)
FN:531,(anonymous_16)
FN:557,(anonymous_17)
FN:646,(anonymous_18)
FNF:19
FNH:0
FNDA:0,(anonymous_0)
FNDA:0,(anonymous_1)
FNDA:0,(anonymous_2)
FNDA:0,(anonymous_3)
FNDA:0,(anonymous_4)
FNDA:0,(anonymous_5)
FNDA:0,(anonymous_6)
FNDA:0,(anonymous_7)
FNDA:0,(anonymous_8)
FNDA:0,(anonymous_9)
FNDA:0,(anonymous_10)
FNDA:0,(anonymous_11)
FNDA:0,(anonymous_12)
FNDA:0,(anonymous_13)
FNDA:0,(anonymous_14)
FNDA:0,(anonymous_15)
FNDA:0,(anonymous_16)
FNDA:0,(anonymous_17)
FNDA:0,(anonymous_18)
DA:3,0
DA:18,0
DA:19,0
DA:21,0
DA:95,0
DA:107,0
DA:234,0
DA:260,0
DA:333,0
DA:346,0
DA:444,0
DA:452,0
DA:467,0
DA:484,0
DA:506,0
DA:531,0
DA:557,0
DA:646,0
LF:18
LH:0
BRDA:4,0,0,0
BRDA:70,1,0,0
BRDA:70,1,1,0
BRDA:107,2,0,0
BRDA:107,2,1,0
BRDA:108,3,0,0
BRDA:108,3,1,0
BRDA:126,4,0,0
BRDA:126,4,1,0
BRDA:143,5,0,0
BRDA:143,5,1,0
BRDA:157,6,0,0
BRDA:157,6,1,0
BRDA:259,7,0,0
BRDA:259,7,1,0
BRDA:337,8,0,0
BRDA:337,8,1,0
BRDA:338,9,0,0
BRDA:338,9,1,0
BRDA:350,10,0,0
BRDA:350,10,1,0
BRDA:351,11,0,0
BRDA:351,11,1,0
BRDA:467,12,0,0
BRDA:467,12,1,0
BRDA:484,13,0,0
BRDA:484,13,1,0
BRDA:505,14,0,0
BRDA:505,14,1,0
BRDA:506,15,0,0
BRDA:506,15,1,0
BRDA:530,16,0,0
BRDA:530,16,1,0
BRDA:531,17,0,0
BRDA:531,17,1,0
BRDA:661,18,0,0
BRDA:661,18,1,0
BRF:37
BRH:0
end_of_record
TN:
SF:src\components\admin\KundenAnlegen.jsx
FN:4,(anonymous_0)
FN:16,(anonymous_1)
FN:25,(anonymous_2)
FN:28,(anonymous_3)
FN:32,(anonymous_4)
FN:38,(anonymous_5)
FN:39,(anonymous_6)
FN:42,(anonymous_7)
FN:51,(anonymous_8)
FN:158,(anonymous_9)
FN:171,(anonymous_10)
FN:194,(anonymous_11)
FN:214,(anonymous_12)
FN:234,(anonymous_13)
FN:254,(anonymous_14)
FN:275,(anonymous_15)
FN:288,(anonymous_16)
FN:321,(anonymous_17)
FNF:18
FNH:0
FNDA:0,(anonymous_0)
FNDA:0,(anonymous_1)
FNDA:0,(anonymous_2)
FNDA:0,(anonymous_3)
FNDA:0,(anonymous_4)
FNDA:0,(anonymous_5)
FNDA:0,(anonymous_6)
FNDA:0,(anonymous_7)
FNDA:0,(anonymous_8)
FNDA:0,(anonymous_9)
FNDA:0,(anonymous_10)
FNDA:0,(anonymous_11)
FNDA:0,(anonymous_12)
FNDA:0,(anonymous_13)
FNDA:0,(anonymous_14)
FNDA:0,(anonymous_15)
FNDA:0,(anonymous_16)
FNDA:0,(anonymous_17)
DA:4,0
DA:5,0
DA:13,0
DA:14,0
DA:16,0
DA:17,0
DA:18,0
DA:19,0
DA:20,0
DA:22,0
DA:25,0
DA:26,0
DA:27,0
DA:29,0
DA:30,0
DA:32,0
DA:34,0
DA:35,0
DA:38,0
DA:39,0
DA:42,0
DA:43,0
DA:51,0
DA:52,0
DA:54,0
DA:55,0
DA:56,0
DA:59,0
DA:60,0
DA:62,0
DA:63,0
DA:76,0
DA:77,0
DA:78,0
DA:79,0
DA:89,0
DA:90,0
DA:99,0
DA:100,0
DA:103,0
DA:105,0
DA:109,0
DA:117,0
DA:118,0
DA:119,0
DA:121,0
DA:122,0
DA:131,0
DA:135,0
DA:158,0
DA:171,0
DA:194,0
DA:214,0
DA:234,0
DA:254,0
DA:275,0
DA:288,0
DA:322,0
DA:330,0
LF:59
LH:0
BRDA:26,0,0,0
BRDA:26,0,1,0
BRDA:30,1,0,0
BRDA:30,1,1,0
BRDA:34,2,0,0
BRDA:34,2,1,0
BRDA:43,3,0,0
BRDA:43,3,1,0
BRDA:43,3,2,0
BRDA:43,3,3,0
BRDA:43,3,4,0
BRDA:43,3,5,0
BRDA:54,4,0,0
BRDA:54,4,1,0
BRDA:76,5,0,0
BRDA:76,5,1,0
BRDA:89,6,0,0
BRDA:89,6,1,0
BRDA:117,7,0,0
BRDA:117,7,1,0
BRDA:305,8,0,0
BRDA:305,8,1,0
BRDA:310,9,0,0
BRDA:310,9,1,0
BRDA:311,10,0,0
BRDA:311,10,1,0
BRDA:312,11,0,0
BRDA:312,11,1,0
BRDA:346,12,0,0
BRDA:346,12,1,0
BRDA:350,13,0,0
BRDA:350,13,1,0
BRDA:350,14,0,0
BRDA:350,14,1,0
BRDA:353,15,0,0
BRDA:353,15,1,0
BRDA:353,16,0,0
BRDA:353,16,1,0
BRDA:356,17,0,0
BRDA:356,17,1,0
BRF:40
BRH:0
end_of_record
TN:
SF:src\components\admin\NewOfferPage.jsx
FN:4,(anonymous_0)
FN:34,(anonymous_1)
FN:44,(anonymous_2)
FN:50,(anonymous_3)
FN:58,(anonymous_4)
FN:64,(anonymous_5)
FN:65,(anonymous_6)
FN:67,(anonymous_7)
FN:71,(anonymous_8)
FN:72,(anonymous_9)
FN:197,(anonymous_10)
FN:197,(anonymous_11)
FN:232,(anonymous_12)
FN:232,(anonymous_13)
FN:250,(anonymous_14)
FN:250,(anonymous_15)
FN:265,(anonymous_16)
FN:265,(anonymous_17)
FN:282,(anonymous_18)
FN:282,(anonymous_19)
FN:323,(anonymous_20)
FN:323,(anonymous_21)
FN:353,(anonymous_22)
FN:353,(anonymous_23)
FN:382,(anonymous_24)
FN:382,(anonymous_25)
FN:420,(anonymous_26)
FN:420,(anonymous_27)
FN:452,(anonymous_28)
FN:452,(anonymous_29)
FN:464,(anonymous_30)
FN:464,(anonymous_31)
FN:594,(anonymous_32)
FN:603,(anonymous_33)
FN:617,(anonymous_34)
FN:633,(anonymous_35)
FN:669,(anonymous_36)
FNF:37
FNH:0
FNDA:0,(anonymous_0)
FNDA:0,(anonymous_1)
FNDA:0,(anonymous_2)
FNDA:0,(anonymous_3)
FNDA:0,(anonymous_4)
FNDA:0,(anonymous_5)
FNDA:0,(anonymous_6)
FNDA:0,(anonymous_7)
FNDA:0,(anonymous_8)
FNDA:0,(anonymous_9)
FNDA:0,(anonymous_10)
FNDA:0,(anonymous_11)
FNDA:0,(anonymous_12)
FNDA:0,(anonymous_13)
FNDA:0,(anonymous_14)
FNDA:0,(anonymous_15)
FNDA:0,(anonymous_16)
FNDA:0,(anonymous_17)
FNDA:0,(anonymous_18)
FNDA:0,(anonymous_19)
FNDA:0,(anonymous_20)
FNDA:0,(anonymous_21)
FNDA:0,(anonymous_22)
FNDA:0,(anonymous_23)
FNDA:0,(anonymous_24)
FNDA:0,(anonymous_25)
FNDA:0,(anonymous_26)
FNDA:0,(anonymous_27)
FNDA:0,(anonymous_28)
FNDA:0,(anonymous_29)
FNDA:0,(anonymous_30)
FNDA:0,(anonymous_31)
FNDA:0,(anonymous_32)
FNDA:0,(anonymous_33)
FNDA:0,(anonymous_34)
FNDA:0,(anonymous_35)
FNDA:0,(anonymous_36)
DA:4,0
DA:5,0
DA:34,0
DA:35,0
DA:44,0
DA:50,0
DA:51,0
DA:52,0
DA:54,0
DA:55,0
DA:58,0
DA:64,0
DA:65,0
DA:67,0
DA:71,0
DA:72,0
DA:75,0
DA:197,0
DA:232,0
DA:250,0
DA:265,0
DA:282,0
DA:323,0
DA:353,0
DA:382,0
DA:420,0
DA:452,0
DA:464,0
DA:595,0
DA:603,0
DA:617,0
DA:633,0
DA:669,0
LF:33
LH:0
BRDA:54,0,0,0
BRDA:54,0,1,0
BRDA:54,1,0,0
BRDA:54,1,1,0
BRDA:617,2,0,0
BRDA:617,2,1,0
BRDA:633,3,0,0
BRDA:633,3,1,0
BRF:8
BRH:0
end_of_record
TN:
SF:src\components\admin\OfferForm.jsx
FN:3,(anonymous_0)
FN:5,(anonymous_1)
FN:13,(anonymous_2)
FN:57,(anonymous_3)
FN:57,(anonymous_4)
FN:62,(anonymous_5)
FN:123,(anonymous_6)
FN:123,(anonymous_7)
FN:133,(anonymous_8)
FN:133,(anonymous_9)
FN:166,(anonymous_10)
FN:166,(anonymous_11)
FN:221,(anonymous_12)
FN:229,(anonymous_13)
FN:237,(anonymous_14)
FN:247,(anonymous_15)
FN:260,(anonymous_16)
FNF:17
FNH:0
FNDA:0,(anonymous_0)
FNDA:0,(anonymous_1)
FNDA:0,(anonymous_2)
FNDA:0,(anonymous_3)
FNDA:0,(anonymous_4)
FNDA:0,(anonymous_5)
FNDA:0,(anonymous_6)
FNDA:0,(anonymous_7)
FNDA:0,(anonymous_8)
FNDA:0,(anonymous_9)
FNDA:0,(anonymous_10)
FNDA:0,(anonymous_11)
FNDA:0,(anonymous_12)
FNDA:0,(anonymous_13)
FNDA:0,(anonymous_14)
FNDA:0,(anonymous_15)
FNDA:0,(anonymous_16)
DA:3,0
DA:4,0
DA:5,0
DA:7,0
DA:13,0
DA:57,0
DA:63,0
DA:123,0
DA:133,0
DA:166,0
DA:222,0
DA:229,0
DA:237,0
DA:247,0
DA:260,0
LF:15
LH:0
BRDA:25,0,0,0
BRDA:25,0,1,0
BRDA:49,1,0,0
BRDA:49,1,1,0
BRDA:63,2,0,0
BRDA:63,2,1,0
BRDA:64,3,0,0
BRDA:64,3,1,0
BRDA:75,4,0,0
BRDA:75,4,1,0
BRDA:83,5,0,0
BRDA:83,5,1,0
BRDA:90,6,0,0
BRDA:90,6,1,0
BRDA:132,7,0,0
BRDA:132,7,1,0
BRDA:161,8,0,0
BRDA:161,8,1,0
BRDA:237,9,0,0
BRDA:237,9,1,0
BRDA:247,10,0,0
BRDA:247,10,1,0
BRF:22
BRH:0
end_of_record
TN:
SF:src\components\admin\OfferModule.jsx
FN:6,(anonymous_0)
FN:36,(anonymous_1)
FN:43,(anonymous_2)
FN:59,(anonymous_3)
FN:62,(anonymous_4)
FN:95,(anonymous_5)
FN:102,(anonymous_6)
FN:109,(anonymous_7)
FN:122,(anonymous_8)
FN:137,(anonymous_9)
FN:142,(anonymous_10)
FN:148,(anonymous_11)
FN:157,(anonymous_12)
FN:163,(anonymous_13)
FN:176,(anonymous_14)
FN:179,(anonymous_15)
FN:180,(anonymous_16)
FN:182,(anonymous_17)
FN:186,(anonymous_18)
FN:187,(anonymous_19)
FN:195,(anonymous_20)
FN:217,(anonymous_21)
FN:316,(anonymous_22)
FN:319,(anonymous_23)
FN:328,(anonymous_24)
FN:334,(anonymous_25)
FN:350,(anonymous_26)
FN:360,(anonymous_27)
FN:363,(anonymous_28)
FN:372,(anonymous_29)
FN:412,(anonymous_30)
FN:439,(anonymous_31)
FN:454,(anonymous_32)
FN:506,(anonymous_33)
FN:521,(anonymous_34)
FN:530,(anonymous_35)
FN:543,(anonymous_36)
FN:559,(anonymous_37)
FN:592,(anonymous_38)
FN:592,(anonymous_39)
FN:608,(anonymous_40)
FN:624,(anonymous_41)
FN:638,(anonymous_42)
FN:652,(anonymous_43)
FNF:44
FNH:0
FNDA:0,(anonymous_0)
FNDA:0,(anonymous_1)
FNDA:0,(anonymous_2)
FNDA:0,(anonymous_3)
FNDA:0,(anonymous_4)
FNDA:0,(anonymous_5)
FNDA:0,(anonymous_6)
FNDA:0,(anonymous_7)
FNDA:0,(anonymous_8)
FNDA:0,(anonymous_9)
FNDA:0,(anonymous_10)
FNDA:0,(anonymous_11)
FNDA:0,(anonymous_12)
FNDA:0,(anonymous_13)
FNDA:0,(anonymous_14)
FNDA:0,(anonymous_15)
FNDA:0,(anonymous_16)
FNDA:0,(anonymous_17)
FNDA:0,(anonymous_18)
FNDA:0,(anonymous_19)
FNDA:0,(anonymous_20)
FNDA:0,(anonymous_21)
FNDA:0,(anonymous_22)
FNDA:0,(anonymous_23)
FNDA:0,(anonymous_24)
FNDA:0,(anonymous_25)
FNDA:0,(anonymous_26)
FNDA:0,(anonymous_27)
FNDA:0,(anonymous_28)
FNDA:0,(anonymous_29)
FNDA:0,(anonymous_30)
FNDA:0,(anonymous_31)
FNDA:0,(anonymous_32)
FNDA:0,(anonymous_33)
FNDA:0,(anonymous_34)
FNDA:0,(anonymous_35)
FNDA:0,(anonymous_36)
FNDA:0,(anonymous_37)
FNDA:0,(anonymous_38)
FNDA:0,(anonymous_39)
FNDA:0,(anonymous_40)
FNDA:0,(anonymous_41)
FNDA:0,(anonymous_42)
FNDA:0,(anonymous_43)
DA:6,0
DA:7,0
DA:8,0
DA:9,0
DA:10,0
DA:11,0
DA:12,0
DA:13,0
DA:15,0
DA:27,0
DA:36,0
DA:37,0
DA:38,0
DA:39,0
DA:40,0
DA:43,0
DA:44,0
DA:45,0
DA:48,0
DA:49,0
DA:50,0
DA:51,0
DA:54,0
DA:55,0
DA:59,0
DA:60,0
DA:62,0
DA:63,0
DA:64,0
DA:65,0
DA:69,0
DA:87,0
DA:88,0
DA:89,0
DA:91,0
DA:92,0
DA:95,0
DA:96,0
DA:97,0
DA:100,0
DA:101,0
DA:102,0
DA:105,0
DA:109,0
DA:110,0
DA:111,0
DA:114,0
DA:115,0
DA:118,0
DA:122,0
DA:123,0
DA:124,0
DA:127,0
DA:128,0
DA:129,0
DA:132,0
DA:133,0
DA:135,0
DA:136,0
DA:137,0
DA:142,0
DA:143,0
DA:144,0
DA:145,0
DA:148,0
DA:149,0
DA:157,0
DA:163,0
DA:164,0
DA:165,0
DA:170,0
DA:171,0
DA:172,0
DA:173,0
DA:176,0
DA:179,0
DA:180,0
DA:182,0
DA:186,0
DA:187,0
DA:188,0
DA:189,0
DA:190,0
DA:192,0
DA:195,0
DA:196,0
DA:214,0
DA:217,0
DA:218,0
DA:219,0
DA:220,0
DA:223,0
DA:224,0
DA:226,0
DA:237,0
DA:246,0
DA:247,0
DA:250,0
DA:251,0
DA:256,0
DA:260,0
DA:261,0
DA:265,0
DA:266,0
DA:267,0
DA:268,0
DA:269,0
DA:270,0
DA:271,0
DA:274,0
DA:277,0
DA:278,0
DA:279,0
DA:280,0
DA:282,0
DA:285,0
DA:288,0
DA:289,0
DA:301,0
DA:302,0
DA:303,0
DA:305,0
DA:306,0
DA:307,0
DA:309,0
DA:310,0
DA:311,0
DA:312,0
DA:316,0
DA:317,0
DA:319,0
DA:320,0
DA:322,0
DA:323,0
DA:325,0
DA:328,0
DA:329,0
DA:330,0
DA:331,0
DA:334,0
DA:335,0
DA:336,0
DA:337,0
DA:340,0
DA:341,0
DA:350,0
DA:351,0
DA:352,0
DA:354,0
DA:355,0
DA:356,0
DA:357,0
DA:360,0
DA:361,0
DA:363,0
DA:364,0
DA:366,0
DA:367,0
DA:369,0
DA:372,0
DA:373,0
DA:374,0
DA:380,0
DA:412,0
DA:436,0
DA:439,0
DA:440,0
DA:441,0
DA:454,0
DA:455,0
DA:463,0
DA:476,0
DA:477,0
DA:496,0
DA:506,0
DA:521,0
DA:531,0
DA:544,0
DA:559,0
DA:592,0
DA:593,0
DA:608,0
DA:624,0
DA:638,0
DA:652,0
LF:185
LH:0
BRDA:48,0,0,0
BRDA:48,0,1,0
BRDA:55,1,0,0
BRDA:55,1,1,0
BRDA:60,2,0,0
BRDA:60,2,1,0
BRDA:63,3,0,0
BRDA:63,3,1,0
BRDA:74,4,0,0
BRDA:74,4,1,0
BRDA:76,5,0,0
BRDA:76,5,1,0
BRDA:87,6,0,0
BRDA:87,6,1,0
BRDA:100,7,0,0
BRDA:100,7,1,0
BRDA:102,8,0,0
BRDA:102,8,1,0
BRDA:114,9,0,0
BRDA:114,9,1,0
BRDA:127,10,0,0
BRDA:127,10,1,0
BRDA:133,11,0,0
BRDA:133,11,1,0
BRDA:135,12,0,0
BRDA:135,12,1,0
BRDA:136,13,0,0
BRDA:136,13,1,0
BRDA:170,14,0,0
BRDA:170,14,1,0
BRDA:170,15,0,0
BRDA:170,15,1,0
BRDA:171,16,0,0
BRDA:171,16,1,0
BRDA:172,17,0,0
BRDA:172,17,1,0
BRDA:203,18,0,0
BRDA:203,18,1,0
BRDA:204,19,0,0
BRDA:204,19,1,0
BRDA:206,20,0,0
BRDA:206,20,1,0
BRDA:207,21,0,0
BRDA:207,21,1,0
BRDA:218,22,0,0
BRDA:218,22,1,0
BRDA:228,23,0,0
BRDA:228,23,1,0
BRDA:246,24,0,0
BRDA:246,24,1,0
BRDA:265,25,0,0
BRDA:265,25,1,0
BRDA:292,26,0,0
BRDA:292,26,1,0
BRDA:301,27,0,0
BRDA:301,27,1,0
BRDA:305,28,0,0
BRDA:305,28,1,0
BRDA:317,29,0,0
BRDA:317,29,1,0
BRDA:320,30,0,0
BRDA:320,30,1,0
BRDA:329,31,0,0
BRDA:329,31,1,0
BRDA:335,32,0,0
BRDA:335,32,1,0
BRDA:350,33,0,0
BRDA:350,33,1,0
BRDA:361,34,0,0
BRDA:361,34,1,0
BRDA:364,35,0,0
BRDA:364,35,1,0
BRDA:375,36,0,0
BRDA:375,36,1,0
BRDA:376,37,0,0
BRDA:376,37,1,0
BRDA:377,38,0,0
BRDA:377,38,1,0
BRDA:412,39,0,0
BRDA:412,39,1,0
BRDA:430,40,0,0
BRDA:430,40,1,0
BRDA:469,41,0,0
BRDA:469,41,1,0
BRDA:476,42,0,0
BRDA:476,42,1,0
BRDA:476,43,0,0
BRDA:476,43,1,0
BRDA:531,44,0,0
BRDA:531,44,1,0
BRDA:539,45,0,0
BRDA:539,45,1,0
BRDA:592,46,0,0
BRDA:592,46,1,0
BRDA:600,47,0,0
BRDA:600,47,1,0
BRDA:621,48,0,0
BRDA:621,48,1,0
BRF:98
BRH:0
end_of_record
TN:
SF:src\components\admin\ServiceRequestsOverview.jsx
FN:5,(anonymous_0)
FN:12,(anonymous_1)
FN:16,(anonymous_2)
FN:20,(anonymous_3)
FN:26,(anonymous_4)
FN:33,(anonymous_5)
FN:49,(anonymous_6)
FN:50,(anonymous_7)
FN:53,(anonymous_8)
FN:66,(anonymous_9)
FN:78,(anonymous_10)
FN:82,(anonymous_11)
FN:87,(anonymous_12)
FN:91,(anonymous_13)
FN:95,(anonymous_14)
FN:106,(anonymous_15)
FN:108,(anonymous_16)
FN:141,(anonymous_17)
FN:163,(anonymous_18)
FN:226,(anonymous_19)
FN:262,(anonymous_20)
FN:275,(anonymous_21)
FN:285,(anonymous_22)
FN:288,(anonymous_23)
FN:298,(anonymous_24)
FN:303,(anonymous_25)
FN:339,(anonymous_26)
FN:363,(anonymous_27)
FNF:28
FNH:0
FNDA:0,(anonymous_0)
FNDA:0,(anonymous_1)
FNDA:0,(anonymous_2)
FNDA:0,(anonymous_3)
FNDA:0,(anonymous_4)
FNDA:0,(anonymous_5)
FNDA:0,(anonymous_6)
FNDA:0,(anonymous_7)
FNDA:0,(anonymous_8)
FNDA:0,(anonymous_9)
FNDA:0,(anonymous_10)
FNDA:0,(anonymous_11)
FNDA:0,(anonymous_12)
FNDA:0,(anonymous_13)
FNDA:0,(anonymous_14)
FNDA:0,(anonymous_15)
FNDA:0,(anonymous_16)
FNDA:0,(anonymous_17)
FNDA:0,(anonymous_18)
FNDA:0,(anonymous_19)
FNDA:0,(anonymous_20)
FNDA:0,(anonymous_21)
FNDA:0,(anonymous_22)
FNDA:0,(anonymous_23)
FNDA:0,(anonymous_24)
FNDA:0,(anonymous_25)
FNDA:0,(anonymous_26)
FNDA:0,(anonymous_27)
DA:5,0
DA:6,0
DA:7,0
DA:8,0
DA:9,0
DA:10,0
DA:12,0
DA:13,0
DA:16,0
DA:17,0
DA:18,0
DA:19,0
DA:20,0
DA:21,0
DA:23,0
DA:26,0
DA:27,0
DA:28,0
DA:31,0
DA:32,0
DA:33,0
DA:37,0
DA:38,0
DA:40,0
DA:44,0
DA:45,0
DA:48,0
DA:49,0
DA:50,0
DA:52,0
DA:53,0
DA:57,0
DA:60,0
DA:62,0
DA:66,0
DA:67,0
DA:68,0
DA:77,0
DA:78,0
DA:79,0
DA:81,0
DA:82,0
DA:83,0
DA:84,0
DA:87,0
DA:88,0
DA:90,0
DA:91,0
DA:92,0
DA:94,0
DA:95,0
DA:96,0
DA:98,0
DA:100,0
DA:104,0
DA:106,0
DA:108,0
DA:109,0
DA:116,0
DA:129,0
DA:130,0
DA:137,0
DA:138,0
DA:141,0
DA:159,0
DA:160,0
DA:163,0
DA:227,0
DA:228,0
DA:252,0
DA:262,0
DA:275,0
DA:285,0
DA:288,0
DA:298,0
DA:303,0
DA:340,0
DA:363,0
LF:78
LH:0
BRDA:18,0,0,0
BRDA:18,0,1,0
BRDA:21,1,0,0
BRDA:21,1,1,0
BRDA:31,2,0,0
BRDA:31,2,1,0
BRDA:45,3,0,0
BRDA:45,3,1,0
BRDA:48,4,0,0
BRDA:48,4,1,0
BRDA:52,5,0,0
BRDA:52,5,1,0
BRDA:77,6,0,0
BRDA:77,6,1,0
BRDA:79,7,0,0
BRDA:79,7,1,0
BRDA:82,8,0,0
BRDA:82,8,1,0
BRDA:88,9,0,0
BRDA:88,9,1,0
BRDA:91,10,0,0
BRDA:91,10,1,0
BRDA:94,11,0,0
BRDA:94,11,1,0
BRDA:96,12,0,0
BRDA:96,12,1,0
BRDA:104,13,0,0
BRDA:104,13,1,0
BRDA:122,14,0,0
BRDA:122,14,1,0
BRDA:129,15,0,0
BRDA:129,15,1,0
BRDA:137,16,0,0
BRDA:137,16,1,0
BRDA:159,17,0,0
BRDA:159,17,1,0
BRDA:180,18,0,0
BRDA:180,18,1,0
BRDA:188,19,0,0
BRDA:188,19,1,0
BRDA:189,20,0,0
BRDA:189,20,1,0
BRDA:190,21,0,0
BRDA:190,21,1,0
BRDA:191,22,0,0
BRDA:191,22,1,0
BRDA:197,23,0,0
BRDA:197,23,1,0
BRDA:205,24,0,0
BRDA:205,24,1,0
BRDA:206,25,0,0
BRDA:206,25,1,0
BRDA:214,26,0,0
BRDA:214,26,1,0
BRDA:217,27,0,0
BRDA:217,27,1,0
BRDA:225,28,0,0
BRDA:225,28,1,0
BRDA:266,29,0,0
BRDA:266,29,1,0
BRDA:267,30,0,0
BRDA:267,30,1,0
BRDA:279,31,0,0
BRDA:279,31,1,0
BRDA:280,32,0,0
BRDA:280,32,1,0
BRDA:292,33,0,0
BRDA:292,33,1,0
BRDA:293,34,0,0
BRDA:293,34,1,0
BRDA:332,35,0,0
BRDA:332,35,1,0
BRDA:342,36,0,0
BRDA:342,36,1,0
BRDA:349,37,0,0
BRDA:349,37,1,0
BRDA:359,38,0,0
BRDA:359,38,1,0
BRF:78
BRH:0
end_of_record
TN:
SF:src\components\admin\angebot\AngebotForm.jsx
FN:5,(anonymous_0)
FN:24,(anonymous_1)
FN:37,(anonymous_2)
FN:43,(anonymous_3)
FN:53,(anonymous_4)
FN:56,(anonymous_5)
FN:57,(anonymous_6)
FN:59,(anonymous_7)
FN:63,(anonymous_8)
FN:64,(anonymous_9)
FN:72,(anonymous_10)
FN:113,(anonymous_11)
FN:113,(anonymous_12)
FN:131,(anonymous_13)
FN:131,(anonymous_14)
FN:148,(anonymous_15)
FN:152,(anonymous_16)
FN:170,(anonymous_17)
FN:181,(anonymous_18)
FN:184,(anonymous_19)
FN:193,(anonymous_20)
FN:201,(anonymous_21)
FN:211,(anonymous_22)
FN:223,(anonymous_23)
FN:240,(anonymous_24)
FN:264,(anonymous_25)
FN:264,(anonymous_26)
FNF:27
FNH:0
FNDA:0,(anonymous_0)
FNDA:0,(anonymous_1)
FNDA:0,(anonymous_2)
FNDA:0,(anonymous_3)
FNDA:0,(anonymous_4)
FNDA:0,(anonymous_5)
FNDA:0,(anonymous_6)
FNDA:0,(anonymous_7)
FNDA:0,(anonymous_8)
FNDA:0,(anonymous_9)
FNDA:0,(anonymous_10)
FNDA:0,(anonymous_11)
FNDA:0,(anonymous_12)
FNDA:0,(anonymous_13)
FNDA:0,(anonymous_14)
FNDA:0,(anonymous_15)
FNDA:0,(anonymous_16)
FNDA:0,(anonymous_17)
FNDA:0,(anonymous_18)
FNDA:0,(anonymous_19)
FNDA:0,(anonymous_20)
FNDA:0,(anonymous_21)
FNDA:0,(anonymous_22)
FNDA:0,(anonymous_23)
FNDA:0,(anonymous_24)
FNDA:0,(anonymous_25)
FNDA:0,(anonymous_26)
DA:5,0
DA:6,0
DA:13,0
DA:15,0
DA:24,0
DA:25,0
DA:26,0
DA:27,0
DA:29,0
DA:37,0
DA:43,0
DA:44,0
DA:45,0
DA:53,0
DA:56,0
DA:57,0
DA:59,0
DA:63,0
DA:64,0
DA:65,0
DA:66,0
DA:67,0
DA:69,0
DA:72,0
DA:73,0
DA:74,0
DA:76,0
DA:77,0
DA:81,0
DA:83,0
DA:85,0
DA:89,0
DA:91,0
DA:113,0
DA:131,0
DA:149,0
DA:150,0
DA:153,0
DA:154,0
DA:155,0
DA:171,0
DA:181,0
DA:185,0
DA:193,0
DA:201,0
DA:211,0
DA:223,0
DA:240,0
DA:264,0
LF:49
LH:0
BRDA:25,0,0,0
BRDA:25,0,1,0
BRDA:48,1,0,0
BRDA:48,1,1,0
BRDA:48,2,0,0
BRDA:48,2,1,0
BRDA:49,3,0,0
BRDA:49,3,1,0
BRDA:50,4,0,0
BRDA:50,4,1,0
BRDA:77,5,0,0
BRDA:77,5,1,0
BRDA:100,6,0,0
BRDA:100,6,1,0
BRDA:201,7,0,0
BRDA:201,7,1,0
BRDA:211,8,0,0
BRDA:211,8,1,0
BRDA:239,9,0,0
BRDA:239,9,1,0
BRDA:264,10,0,0
BRDA:264,10,1,0
BRDA:322,11,0,0
BRDA:322,11,1,0
BRDA:325,12,0,0
BRDA:325,12,1,0
BRDA:328,13,0,0
BRDA:328,13,1,0
BRF:28
BRH:0
end_of_record
TN:
SF:src\components\admin\rechnung\RechnungForm.jsx
FN:5,(anonymous_0)
FN:23,(anonymous_1)
FN:24,(anonymous_2)
FN:31,(anonymous_3)
FN:45,(anonymous_4)
FN:50,(anonymous_5)
FN:86,(anonymous_6)
FN:86,(anonymous_7)
FN:105,(anonymous_8)
FN:105,(anonymous_9)
FN:122,(anonymous_10)
FN:130,(anonymous_11)
FN:147,(anonymous_12)
FN:147,(anonymous_13)
FN:163,(anonymous_14)
FNF:15
FNH:0
FNDA:0,(anonymous_0)
FNDA:0,(anonymous_1)
FNDA:0,(anonymous_2)
FNDA:0,(anonymous_3)
FNDA:0,(anonymous_4)
FNDA:0,(anonymous_5)
FNDA:0,(anonymous_6)
FNDA:0,(anonymous_7)
FNDA:0,(anonymous_8)
FNDA:0,(anonymous_9)
FNDA:0,(anonymous_10)
FNDA:0,(anonymous_11)
FNDA:0,(anonymous_12)
FNDA:0,(anonymous_13)
FNDA:0,(anonymous_14)
DA:5,0
DA:6,0
DA:14,0
DA:16,0
DA:23,0
DA:24,0
DA:25,0
DA:26,0
DA:28,0
DA:31,0
DA:32,0
DA:33,0
DA:35,0
DA:36,0
DA:37,0
DA:39,0
DA:41,0
DA:45,0
DA:46,0
DA:48,0
DA:49,0
DA:50,0
DA:51,0
DA:53,0
DA:57,0
DA:59,0
DA:86,0
DA:105,0
DA:122,0
DA:131,0
DA:147,0
DA:164,0
LF:32
LH:0
BRDA:7,0,0,0
BRDA:7,0,1,0
BRDA:9,1,0,0
BRDA:9,1,1,0
BRDA:46,2,0,0
BRDA:46,2,1,0
BRDA:68,3,0,0
BRDA:68,3,1,0
BRDA:69,4,0,0
BRDA:69,4,1,0
BRDA:115,5,0,0
BRDA:115,5,1,0
BRDA:121,6,0,0
BRDA:121,6,1,0
BRDA:164,7,0,0
BRDA:164,7,1,0
BRDA:226,8,0,0
BRDA:226,8,1,0
BRDA:233,9,0,0
BRDA:233,9,1,0
BRDA:236,10,0,0
BRDA:236,10,1,0
BRDA:239,11,0,0
BRDA:239,11,1,0
BRF:24
BRH:0
end_of_record
TN:
SF:src\components\auth\Login.jsx
FN:4,(anonymous_0)
FN:9,(anonymous_1)
FN:56,(anonymous_2)
FNF:3
FNH:0
FNDA:0,(anonymous_0)
FNDA:0,(anonymous_1)
FNDA:0,(anonymous_2)
DA:4,0
DA:5,0
DA:6,0
DA:7,0
DA:9,0
DA:10,0
DA:11,0
DA:12,0
DA:14,0
DA:15,0
DA:16,0
DA:17,0
DA:19,0
DA:22,0
DA:24,0
DA:28,0
DA:56,0
LF:17
LH:0
BRDA:16,0,0,0
BRDA:16,0,1,0
BRDA:69,1,0,0
BRDA:69,1,1,0
BRDA:81,2,0,0
BRDA:81,2,1,0
BRDA:90,3,0,0
BRDA:90,3,1,0
BRDA:91,4,0,0
BRDA:91,4,1,0
BRDA:91,5,0,0
BRDA:91,5,1,0
BRDA:94,6,0,0
BRDA:94,6,1,0
BRF:14
BRH:0
end_of_record
TN:
SF:src\components\auth\SecureLogin.jsx
FN:5,(anonymous_0)
FN:11,(anonymous_1)
FN:65,(anonymous_2)
FNF:3
FNH:0
FNDA:0,(anonymous_0)
FNDA:0,(anonymous_1)
FNDA:0,(anonymous_2)
DA:5,0
DA:6,0
DA:7,0
DA:8,0
DA:9,0
DA:11,0
DA:12,0
DA:13,0
DA:14,0
DA:16,0
DA:17,0
DA:18,0
DA:20,0
DA:21,0
DA:24,0
DA:26,0
DA:30,0
DA:65,0
LF:18
LH:0
BRDA:20,0,0,0
BRDA:20,0,1,0
BRDA:21,1,0,0
BRDA:21,1,1,0
BRDA:79,2,0,0
BRDA:79,2,1,0
BRDA:94,3,0,0
BRDA:94,3,1,0
BRDA:98,4,0,0
BRDA:98,4,1,0
BRDA:103,5,0,0
BRDA:103,5,1,0
BRDA:106,6,0,0
BRDA:106,6,1,0
BRF:14
BRH:0
end_of_record
TN:
SF:src\components\customer\CustomerInvoiceView.jsx
FN:4,(anonymous_0)
FN:8,(anonymous_1)
FN:12,(anonymous_2)
FN:25,(anonymous_3)
FN:32,(anonymous_4)
FN:66,(anonymous_5)
FN:94,(anonymous_6)
FN:139,(anonymous_7)
FN:154,(anonymous_8)
FNF:9
FNH:0
FNDA:0,(anonymous_0)
FNDA:0,(anonymous_1)
FNDA:0,(anonymous_2)
FNDA:0,(anonymous_3)
FNDA:0,(anonymous_4)
FNDA:0,(anonymous_5)
FNDA:0,(anonymous_6)
FNDA:0,(anonymous_7)
FNDA:0,(anonymous_8)
DA:4,0
DA:5,0
DA:6,0
DA:8,0
DA:9,0
DA:12,0
DA:13,0
DA:14,0
DA:17,0
DA:18,0
DA:19,0
DA:22,0
DA:23,0
DA:24,0
DA:25,0
DA:28,0
DA:32,0
DA:33,0
DA:34,0
DA:66,0
DA:91,0
DA:94,0
DA:95,0
DA:102,0
DA:115,0
DA:117,0
DA:140,0
DA:154,0
LF:28
LH:0
BRDA:14,0,0,0
BRDA:14,0,1,0
BRDA:17,1,0,0
BRDA:17,1,1,0
BRDA:23,2,0,0
BRDA:23,2,1,0
BRDA:25,3,0,0
BRDA:25,3,1,0
BRDA:66,4,0,0
BRDA:66,4,1,0
BRDA:85,5,0,0
BRDA:85,5,1,0
BRDA:108,6,0,0
BRDA:108,6,1,0
BRDA:115,7,0,0
BRDA:115,7,1,0
BRDA:121,8,0,0
BRDA:121,8,1,0
BRDA:146,9,0,0
BRDA:146,9,1,0
BRF:20
BRH:0
end_of_record
TN:
SF:src\components\customer\CustomerOfferView.jsx
FN:5,(anonymous_0)
FN:10,(anonymous_1)
FN:14,(anonymous_2)
FN:27,(anonymous_3)
FN:34,(anonymous_4)
FN:41,(anonymous_5)
FN:78,(anonymous_6)
FN:87,(anonymous_7)
FN:128,(anonymous_8)
FN:163,(anonymous_9)
FN:188,(anonymous_10)
FN:216,(anonymous_11)
FN:257,(anonymous_12)
FN:297,(anonymous_13)
FN:313,(anonymous_14)
FN:326,(anonymous_15)
FN:368,(anonymous_16)
FN:383,(anonymous_17)
FNF:18
FNH:0
FNDA:0,(anonymous_0)
FNDA:0,(anonymous_1)
FNDA:0,(anonymous_2)
FNDA:0,(anonymous_3)
FNDA:0,(anonymous_4)
FNDA:0,(anonymous_5)
FNDA:0,(anonymous_6)
FNDA:0,(anonymous_7)
FNDA:0,(anonymous_8)
FNDA:0,(anonymous_9)
FNDA:0,(anonymous_10)
FNDA:0,(anonymous_11)
FNDA:0,(anonymous_12)
FNDA:0,(anonymous_13)
FNDA:0,(anonymous_14)
FNDA:0,(anonymous_15)
FNDA:0,(anonymous_16)
FNDA:0,(anonymous_17)
DA:5,0
DA:6,0
DA:7,0
DA:8,0
DA:10,0
DA:11,0
DA:14,0
DA:15,0
DA:16,0
DA:19,0
DA:20,0
DA:21,0
DA:24,0
DA:25,0
DA:26,0
DA:27,0
DA:30,0
DA:34,0
DA:35,0
DA:37,0
DA:38,0
DA:39,0
DA:40,0
DA:41,0
DA:42,0
DA:43,0
DA:44,0
DA:45,0
DA:46,0
DA:50,0
DA:51,0
DA:64,0
DA:70,0
DA:71,0
DA:72,0
DA:74,0
DA:78,0
DA:79,0
DA:80,0
DA:82,0
DA:84,0
DA:85,0
DA:86,0
DA:87,0
DA:88,0
DA:89,0
DA:90,0
DA:91,0
DA:92,0
DA:93,0
DA:98,0
DA:99,0
DA:113,0
DA:120,0
DA:121,0
DA:122,0
DA:124,0
DA:128,0
DA:129,0
DA:130,0
DA:163,0
DA:184,0
DA:185,0
DA:188,0
DA:189,0
DA:197,0
DA:210,0
DA:212,0
DA:213,0
DA:216,0
DA:258,0
DA:297,0
DA:313,0
DA:326,0
DA:346,0
DA:369,0
DA:383,0
LF:77
LH:0
BRDA:16,0,0,0
BRDA:16,0,1,0
BRDA:19,1,0,0
BRDA:19,1,1,0
BRDA:25,2,0,0
BRDA:25,2,1,0
BRDA:27,3,0,0
BRDA:27,3,1,0
BRDA:35,4,0,0
BRDA:35,4,1,0
BRDA:39,5,0,0
BRDA:39,5,1,0
BRDA:42,6,0,0
BRDA:42,6,1,0
BRDA:44,7,0,0
BRDA:44,7,1,0
BRDA:58,8,0,0
BRDA:58,8,1,0
BRDA:66,9,0,0
BRDA:66,9,1,0
BRDA:80,10,0,0
BRDA:80,10,1,0
BRDA:85,11,0,0
BRDA:85,11,1,0
BRDA:88,12,0,0
BRDA:88,12,1,0
BRDA:90,13,0,0
BRDA:90,13,1,0
BRDA:106,14,0,0
BRDA:106,14,1,0
BRDA:115,15,0,0
BRDA:115,15,1,0
BRDA:180,16,0,0
BRDA:180,16,1,0
BRDA:203,17,0,0
BRDA:203,17,1,0
BRDA:210,18,0,0
BRDA:210,18,1,0
BRDA:212,19,0,0
BRDA:212,19,1,0
BRDA:288,20,0,0
BRDA:288,20,1,0
BRDA:310,21,0,0
BRDA:310,21,1,0
BRDA:350,22,0,0
BRDA:350,22,1,0
BRDA:375,23,0,0
BRDA:375,23,1,0
BRF:48
BRH:0
end_of_record
TN:
SF:src\components\customer\CustomerPortal.jsx
FN:4,(anonymous_0)
FN:11,(anonymous_1)
FN:15,(anonymous_2)
FN:60,(anonymous_3)
FN:65,(anonymous_4)
FN:68,(anonymous_5)
FN:68,(anonymous_6)
FN:77,(anonymous_7)
FN:99,(anonymous_8)
FN:147,(anonymous_9)
FN:150,(anonymous_10)
FN:179,(anonymous_11)
FN:185,(anonymous_12)
FN:191,(anonymous_13)
FN:191,(anonymous_14)
FN:200,(anonymous_15)
FN:202,(anonymous_16)
FN:260,(anonymous_17)
FN:272,(anonymous_18)
FN:312,(anonymous_19)
FN:328,(anonymous_20)
FN:343,(anonymous_21)
FN:385,(anonymous_22)
FN:400,(anonymous_23)
FNF:24
FNH:0
FNDA:0,(anonymous_0)
FNDA:0,(anonymous_1)
FNDA:0,(anonymous_2)
FNDA:0,(anonymous_3)
FNDA:0,(anonymous_4)
FNDA:0,(anonymous_5)
FNDA:0,(anonymous_6)
FNDA:0,(anonymous_7)
FNDA:0,(anonymous_8)
FNDA:0,(anonymous_9)
FNDA:0,(anonymous_10)
FNDA:0,(anonymous_11)
FNDA:0,(anonymous_12)
FNDA:0,(anonymous_13)
FNDA:0,(anonymous_14)
FNDA:0,(anonymous_15)
FNDA:0,(anonymous_16)
FNDA:0,(anonymous_17)
FNDA:0,(anonymous_18)
FNDA:0,(anonymous_19)
FNDA:0,(anonymous_20)
FNDA:0,(anonymous_21)
FNDA:0,(anonymous_22)
FNDA:0,(anonymous_23)
DA:4,0
DA:5,0
DA:6,0
DA:7,0
DA:8,0
DA:9,0
DA:11,0
DA:12,0
DA:15,0
DA:16,0
DA:18,0
DA:28,0
DA:39,0
DA:50,0
DA:51,0
DA:52,0
DA:54,0
DA:56,0
DA:60,0
DA:62,0
DA:65,0
DA:66,0
DA:68,0
DA:69,0
DA:71,0
DA:73,0
DA:77,0
DA:78,0
DA:99,0
DA:100,0
DA:111,0
DA:124,0
DA:125,0
DA:132,0
DA:148,0
DA:150,0
DA:179,0
DA:185,0
DA:191,0
DA:200,0
DA:203,0
DA:261,0
DA:272,0
DA:313,0
DA:328,0
DA:343,0
DA:386,0
DA:400,0
LF:48
LH:0
BRDA:69,0,0,0
BRDA:69,0,1,0
BRDA:77,1,0,0
BRDA:91,2,0,0
BRDA:91,2,1,0
BRDA:117,3,0,0
BRDA:117,3,1,0
BRDA:124,4,0,0
BRDA:124,4,1,0
BRDA:136,5,0,0
BRDA:136,5,1,0
BRDA:155,6,0,0
BRDA:155,6,1,0
BRDA:156,7,0,0
BRDA:156,7,1,0
BRDA:158,8,0,0
BRDA:158,8,1,0
BRDA:168,9,0,0
BRDA:168,9,1,0
BRDA:244,10,0,0
BRDA:244,10,1,0
BRDA:295,11,0,0
BRDA:295,11,1,0
BRDA:341,12,0,0
BRDA:341,12,1,0
BRDA:368,13,0,0
BRDA:368,13,1,0
BRF:27
BRH:0
end_of_record
TN:
SF:src\components\customer\CustomerServiceRequestsList.jsx
FN:3,(anonymous_0)
FN:8,(anonymous_1)
FN:12,(anonymous_2)
FN:23,(anonymous_3)
FN:39,(anonymous_4)
FN:52,(anonymous_5)
FN:81,(anonymous_6)
FN:147,(anonymous_7)
FN:175,(anonymous_8)
FN:198,(anonymous_9)
FNF:10
FNH:0
FNDA:0,(anonymous_0)
FNDA:0,(anonymous_1)
FNDA:0,(anonymous_2)
FNDA:0,(anonymous_3)
FNDA:0,(anonymous_4)
FNDA:0,(anonymous_5)
FNDA:0,(anonymous_6)
FNDA:0,(anonymous_7)
FNDA:0,(anonymous_8)
FNDA:0,(anonymous_9)
DA:3,0
DA:4,0
DA:5,0
DA:6,0
DA:8,0
DA:9,0
DA:12,0
DA:13,0
DA:15,0
DA:21,0
DA:22,0
DA:23,0
DA:24,0
DA:26,0
DA:27,0
DA:30,0
DA:34,0
DA:35,0
DA:36,0
DA:38,0
DA:39,0
DA:40,0
DA:43,0
DA:45,0
DA:46,0
DA:48,0
DA:52,0
DA:53,0
DA:60,0
DA:73,0
DA:74,0
DA:77,0
DA:78,0
DA:81,0
DA:139,0
DA:147,0
DA:176,0
DA:198,0
LF:38
LH:0
BRDA:21,0,0,0
BRDA:21,0,1,0
BRDA:24,1,0,0
BRDA:24,1,1,0
BRDA:35,2,0,0
BRDA:35,2,1,0
BRDA:36,3,0,0
BRDA:36,3,1,0
BRDA:40,4,0,0
BRDA:40,4,1,0
BRDA:66,5,0,0
BRDA:66,5,1,0
BRDA:73,6,0,0
BRDA:73,6,1,0
BRDA:77,7,0,0
BRDA:77,7,1,0
BRDA:98,8,0,0
BRDA:98,8,1,0
BRDA:109,9,0,0
BRDA:109,9,1,0
BRDA:112,10,0,0
BRDA:112,10,1,0
BRDA:118,11,0,0
BRDA:118,11,1,0
BRDA:125,12,0,0
BRDA:125,12,1,0
BRDA:143,13,0,0
BRDA:143,13,1,0
BRDA:184,14,0,0
BRDA:184,14,1,0
BRDA:194,15,0,0
BRDA:194,15,1,0
BRF:32
BRH:0
end_of_record
TN:
SF:src\components\customer\form\ServiceRequestForm.jsx
FN:4,(anonymous_0)
FN:32,(anonymous_1)
FN:35,(anonymous_2)
FN:43,(anonymous_3)
FN:44,(anonymous_4)
FN:49,(anonymous_5)
FN:55,(anonymous_6)
FN:59,(anonymous_7)
FN:74,(anonymous_8)
FN:79,(anonymous_9)
FN:94,(anonymous_10)
FN:98,(anonymous_11)
FN:105,(anonymous_12)
FN:111,(anonymous_13)
FN:116,(anonymous_14)
FN:124,(anonymous_15)
FN:141,(anonymous_16)
FN:150,(anonymous_17)
FN:151,(anonymous_18)
FN:154,(anonymous_19)
FN:162,(anonymous_20)
FN:171,(anonymous_21)
FN:191,(anonymous_22)
FN:202,(anonymous_23)
FN:205,(anonymous_24)
FN:218,(anonymous_25)
FN:221,(anonymous_26)
FN:228,(anonymous_27)
FN:237,(anonymous_28)
FN:238,(anonymous_29)
FN:241,(anonymous_30)
FN:243,(anonymous_31)
FN:248,(anonymous_32)
FN:250,(anonymous_33)
FN:251,(anonymous_34)
FN:263,(anonymous_35)
FN:264,(anonymous_36)
FN:264,(anonymous_37)
FN:267,(anonymous_38)
FN:285,(anonymous_39)
FN:414,(anonymous_40)
FN:422,(anonymous_41)
FN:470,(anonymous_42)
FN:470,(anonymous_43)
FN:506,(anonymous_44)
FN:511,(anonymous_45)
FN:545,(anonymous_46)
FN:560,(anonymous_47)
FN:574,(anonymous_48)
FN:584,(anonymous_49)
FN:603,(anonymous_50)
FN:622,(anonymous_51)
FN:630,(anonymous_52)
FN:661,(anonymous_53)
FNF:54
FNH:0
FNDA:0,(anonymous_0)
FNDA:0,(anonymous_1)
FNDA:0,(anonymous_2)
FNDA:0,(anonymous_3)
FNDA:0,(anonymous_4)
FNDA:0,(anonymous_5)
FNDA:0,(anonymous_6)
FNDA:0,(anonymous_7)
FNDA:0,(anonymous_8)
FNDA:0,(anonymous_9)
FNDA:0,(anonymous_10)
FNDA:0,(anonymous_11)
FNDA:0,(anonymous_12)
FNDA:0,(anonymous_13)
FNDA:0,(anonymous_14)
FNDA:0,(anonymous_15)
FNDA:0,(anonymous_16)
FNDA:0,(anonymous_17)
FNDA:0,(anonymous_18)
FNDA:0,(anonymous_19)
FNDA:0,(anonymous_20)
FNDA:0,(anonymous_21)
FNDA:0,(anonymous_22)
FNDA:0,(anonymous_23)
FNDA:0,(anonymous_24)
FNDA:0,(anonymous_25)
FNDA:0,(anonymous_26)
FNDA:0,(anonymous_27)
FNDA:0,(anonymous_28)
FNDA:0,(anonymous_29)
FNDA:0,(anonymous_30)
FNDA:0,(anonymous_31)
FNDA:0,(anonymous_32)
FNDA:0,(anonymous_33)
FNDA:0,(anonymous_34)
FNDA:0,(anonymous_35)
FNDA:0,(anonymous_36)
FNDA:0,(anonymous_37)
FNDA:0,(anonymous_38)
FNDA:0,(anonymous_39)
FNDA:0,(anonymous_40)
FNDA:0,(anonymous_41)
FNDA:0,(anonymous_42)
FNDA:0,(anonymous_43)
FNDA:0,(anonymous_44)
FNDA:0,(anonymous_45)
FNDA:0,(anonymous_46)
FNDA:0,(anonymous_47)
FNDA:0,(anonymous_48)
FNDA:0,(anonymous_49)
FNDA:0,(anonymous_50)
FNDA:0,(anonymous_51)
FNDA:0,(anonymous_52)
FNDA:0,(anonymous_53)
DA:4,0
DA:5,0
DA:18,0
DA:19,0
DA:20,0
DA:21,0
DA:22,0
DA:23,0
DA:24,0
DA:25,0
DA:26,0
DA:27,0
DA:28,0
DA:30,0
DA:32,0
DA:33,0
DA:34,0
DA:35,0
DA:36,0
DA:38,0
DA:40,0
DA:41,0
DA:43,0
DA:44,0
DA:46,0
DA:47,0
DA:49,0
DA:50,0
DA:51,0
DA:55,0
DA:56,0
DA:59,0
DA:60,0
DA:61,0
DA:64,0
DA:65,0
DA:66,0
DA:69,0
DA:70,0
DA:72,0
DA:73,0
DA:74,0
DA:79,0
DA:80,0
DA:81,0
DA:82,0
DA:83,0
DA:86,0
DA:87,0
DA:90,0
DA:91,0
DA:92,0
DA:94,0
DA:95,0
DA:98,0
DA:99,0
DA:100,0
DA:102,0
DA:103,0
DA:104,0
DA:105,0
DA:106,0
DA:107,0
DA:111,0
DA:112,0
DA:116,0
DA:117,0
DA:118,0
DA:121,0
DA:122,0
DA:123,0
DA:124,0
DA:126,0
DA:127,0
DA:128,0
DA:130,0
DA:133,0
DA:134,0
DA:136,0
DA:137,0
DA:138,0
DA:140,0
DA:141,0
DA:143,0
DA:144,0
DA:145,0
DA:150,0
DA:151,0
DA:152,0
DA:153,0
DA:154,0
DA:161,0
DA:162,0
DA:171,0
DA:172,0
DA:173,0
DA:175,0
DA:177,0
DA:178,0
DA:182,0
DA:183,0
DA:185,0
DA:186,0
DA:187,0
DA:190,0
DA:191,0
DA:197,0
DA:199,0
DA:202,0
DA:203,0
DA:204,0
DA:205,0
DA:211,0
DA:213,0
DA:218,0
DA:219,0
DA:221,0
DA:224,0
DA:225,0
DA:228,0
DA:229,0
DA:230,0
DA:231,0
DA:232,0
DA:233,0
DA:237,0
DA:238,0
DA:241,0
DA:242,0
DA:243,0
DA:244,0
DA:248,0
DA:249,0
DA:250,0
DA:251,0
DA:259,0
DA:263,0
DA:264,0
DA:267,0
DA:268,0
DA:269,0
DA:272,0
DA:273,0
DA:274,0
DA:275,0
DA:276,0
DA:277,0
DA:278,0
DA:282,0
DA:285,0
DA:286,0
DA:287,0
DA:288,0
DA:291,0
DA:293,0
DA:294,0
DA:310,0
DA:311,0
DA:312,0
DA:321,0
DA:323,0
DA:325,0
DA:328,0
DA:330,0
DA:331,0
DA:332,0
DA:333,0
DA:337,0
DA:338,0
DA:339,0
DA:340,0
DA:343,0
DA:344,0
DA:357,0
DA:358,0
DA:359,0
DA:362,0
DA:363,0
DA:365,0
DA:369,0
DA:415,0
DA:416,0
DA:423,0
DA:470,0
DA:506,0
DA:512,0
DA:545,0
DA:560,0
DA:574,0
DA:584,0
DA:603,0
DA:623,0
DA:630,0
DA:661,0
LF:194
LH:0
BRDA:6,0,0,0
BRDA:6,0,1,0
BRDA:6,0,2,0
BRDA:7,1,0,0
BRDA:7,1,1,0
BRDA:8,2,0,0
BRDA:8,2,1,0
BRDA:9,3,0,0
BRDA:9,3,1,0
BRDA:10,4,0,0
BRDA:10,4,1,0
BRDA:22,5,0,0
BRDA:22,5,1,0
BRDA:33,6,0,0
BRDA:33,6,1,0
BRDA:34,7,0,0
BRDA:34,7,1,0
BRDA:64,8,0,0
BRDA:64,8,1,0
BRDA:70,9,0,0
BRDA:70,9,1,0
BRDA:72,10,0,0
BRDA:72,10,1,0
BRDA:73,11,0,0
BRDA:73,11,1,0
BRDA:80,12,0,0
BRDA:80,12,1,0
BRDA:90,13,0,0
BRDA:90,13,1,0
BRDA:99,14,0,0
BRDA:99,14,1,0
BRDA:103,15,0,0
BRDA:103,15,1,0
BRDA:106,16,0,0
BRDA:106,16,1,0
BRDA:121,17,0,0
BRDA:121,17,1,0
BRDA:123,18,0,0
BRDA:123,18,1,0
BRDA:124,19,0,0
BRDA:124,19,1,0
BRDA:127,20,0,0
BRDA:127,20,1,0
BRDA:134,21,0,0
BRDA:134,21,1,0
BRDA:137,22,0,0
BRDA:137,22,1,0
BRDA:138,23,0,0
BRDA:138,23,1,0
BRDA:140,24,0,0
BRDA:140,24,1,0
BRDA:141,25,0,0
BRDA:141,25,1,0
BRDA:144,26,0,0
BRDA:144,26,1,0
BRDA:152,27,0,0
BRDA:152,27,1,0
BRDA:157,28,0,0
BRDA:157,28,1,0
BRDA:158,29,0,0
BRDA:158,29,1,0
BRDA:173,30,0,0
BRDA:173,30,1,0
BRDA:182,31,0,0
BRDA:182,31,1,0
BRDA:185,32,0,0
BRDA:185,32,1,0
BRDA:194,33,0,0
BRDA:194,33,1,0
BRDA:195,34,0,0
BRDA:195,34,1,0
BRDA:203,35,0,0
BRDA:203,35,1,0
BRDA:203,36,0,0
BRDA:203,36,1,0
BRDA:208,37,0,0
BRDA:208,37,1,0
BRDA:209,38,0,0
BRDA:209,38,1,0
BRDA:230,39,0,0
BRDA:230,39,1,0
BRDA:244,40,0,0
BRDA:244,40,1,0
BRDA:268,41,0,0
BRDA:268,41,1,0
BRDA:268,42,0,0
BRDA:268,42,1,0
BRDA:268,42,2,0
BRDA:268,42,3,0
BRDA:272,43,0,0
BRDA:272,43,1,0
BRDA:276,44,0,0
BRDA:276,44,1,0
BRDA:286,45,0,0
BRDA:286,45,1,0
BRDA:298,46,0,0
BRDA:298,46,1,0
BRDA:301,47,0,0
BRDA:301,47,1,0
BRDA:302,48,0,0
BRDA:302,48,1,0
BRDA:310,49,0,0
BRDA:310,49,1,0
BRDA:321,50,0,0
BRDA:321,50,1,0
BRDA:330,51,0,0
BRDA:330,51,1,0
BRDA:337,52,0,0
BRDA:337,52,1,0
BRDA:345,53,0,0
BRDA:345,53,1,0
BRDA:345,54,0,0
BRDA:345,54,1,0
BRDA:379,55,0,0
BRDA:379,55,1,0
BRDA:382,56,0,0
BRDA:382,56,1,0
BRDA:384,57,0,0
BRDA:384,57,1,0
BRDA:409,58,0,0
BRDA:409,58,1,0
BRDA:423,59,0,0
BRDA:423,59,1,0
BRDA:431,60,0,0
BRDA:431,60,1,0
BRDA:441,61,0,0
BRDA:441,61,1,0
BRDA:445,62,0,0
BRDA:445,62,1,0
BRDA:449,63,0,0
BRDA:449,63,1,0
BRDA:453,64,0,0
BRDA:453,64,1,0
BRDA:477,65,0,0
BRDA:477,65,1,0
BRDA:480,66,0,0
BRDA:480,66,1,0
BRDA:480,67,0,0
BRDA:480,67,1,0
BRDA:484,68,0,0
BRDA:484,68,1,0
BRDA:484,69,0,0
BRDA:484,69,1,0
BRDA:490,70,0,0
BRDA:490,70,1,0
BRDA:495,71,0,0
BRDA:495,71,1,0
BRDA:495,71,2,0
BRDA:513,72,0,0
BRDA:513,72,1,0
BRDA:519,73,0,0
BRDA:519,73,1,0
BRDA:523,74,0,0
BRDA:523,74,1,0
BRDA:678,75,0,0
BRDA:678,75,1,0
BRDA:682,76,0,0
BRDA:682,76,1,0
BRDA:682,77,0,0
BRDA:682,77,1,0
BRDA:685,78,0,0
BRDA:685,78,1,0
BRDA:685,79,0,0
BRDA:685,79,1,0
BRDA:688,80,0,0
BRDA:688,80,1,0
BRF:166
BRH:0
end_of_record
TN:
SF:src\components\dashboard\CustomerDashboardWidgets.jsx
FN:3,(anonymous_0)
FN:6,(anonymous_1)
FN:8,(anonymous_2)
FN:13,(anonymous_3)
FN:38,(anonymous_4)
FN:66,(anonymous_5)
FN:71,(anonymous_6)
FN:87,(anonymous_7)
FN:103,(anonymous_8)
FN:119,(anonymous_9)
FN:138,(anonymous_10)
FN:141,(anonymous_11)
FN:143,(anonymous_12)
FN:167,(anonymous_13)
FN:185,(anonymous_14)
FN:188,(anonymous_15)
FN:190,(anonymous_16)
FN:195,(anonymous_17)
FN:219,(anonymous_18)
FNF:19
FNH:0
FNDA:0,(anonymous_0)
FNDA:0,(anonymous_1)
FNDA:0,(anonymous_2)
FNDA:0,(anonymous_3)
FNDA:0,(anonymous_4)
FNDA:0,(anonymous_5)
FNDA:0,(anonymous_6)
FNDA:0,(anonymous_7)
FNDA:0,(anonymous_8)
FNDA:0,(anonymous_9)
FNDA:0,(anonymous_10)
FNDA:0,(anonymous_11)
FNDA:0,(anonymous_12)
FNDA:0,(anonymous_13)
FNDA:0,(anonymous_14)
FNDA:0,(anonymous_15)
FNDA:0,(anonymous_16)
FNDA:0,(anonymous_17)
FNDA:0,(anonymous_18)
DA:3,0
DA:4,0
DA:6,0
DA:7,0
DA:8,0
DA:10,0
DA:13,0
DA:14,0
DA:15,0
DA:18,0
DA:39,0
DA:66,0
DA:67,0
DA:71,0
DA:87,0
DA:103,0
DA:119,0
DA:138,0
DA:139,0
DA:141,0
DA:142,0
DA:143,0
DA:145,0
DA:148,0
DA:168,0
DA:185,0
DA:186,0
DA:188,0
DA:189,0
DA:190,0
DA:192,0
DA:195,0
DA:196,0
DA:197,0
DA:200,0
DA:220,0
LF:36
LH:0
BRDA:7,0,0,0
BRDA:7,0,1,0
BRDA:8,1,0,0
BRDA:8,1,1,0
BRDA:15,2,0,0
BRDA:15,2,1,0
BRDA:31,3,0,0
BRDA:31,3,1,0
BRDA:142,4,0,0
BRDA:142,4,1,0
BRDA:143,5,0,0
BRDA:143,5,1,0
BRDA:160,6,0,0
BRDA:160,6,1,0
BRDA:174,7,0,0
BRDA:174,7,1,0
BRDA:189,8,0,0
BRDA:189,8,1,0
BRDA:190,9,0,0
BRDA:190,9,1,0
BRDA:197,10,0,0
BRDA:197,10,1,0
BRDA:212,11,0,0
BRDA:212,11,1,0
BRDA:223,12,0,0
BRDA:223,12,1,0
BRF:26
BRH:0
end_of_record
TN:
SF:src\components\dashboard\DashboardCharts.jsx
FN:3,(anonymous_0)
FN:21,(anonymous_1)
FN:53,(anonymous_2)
FN:57,(anonymous_3)
FN:82,(anonymous_4)
FN:97,(anonymous_5)
FN:110,(anonymous_6)
FN:129,(anonymous_7)
FNF:8
FNH:0
FNDA:0,(anonymous_0)
FNDA:0,(anonymous_1)
FNDA:0,(anonymous_2)
FNDA:0,(anonymous_3)
FNDA:0,(anonymous_4)
FNDA:0,(anonymous_5)
FNDA:0,(anonymous_6)
FNDA:0,(anonymous_7)
DA:3,0
DA:4,0
DA:22,0
DA:53,0
DA:54,0
DA:58,0
DA:82,0
DA:83,0
DA:98,0
DA:110,0
DA:111,0
DA:130,0
LF:12
LH:0
BRDA:62,0,0,0
BRDA:62,0,1,0
BRF:2
BRH:0
end_of_record
TN:
SF:src\components\dashboard\DashboardStats.jsx
FN:3,(anonymous_0)
FN:4,(anonymous_1)
FNF:2
FNH:0
FNDA:0,(anonymous_0)
FNDA:0,(anonymous_1)
DA:3,0
DA:4,0
DA:5,0
DA:37,0
LF:4
LH:0
BRDA:16,0,0,0
BRDA:16,0,1,0
BRDA:18,1,0,0
BRDA:18,1,1,0
BRDA:26,2,0,0
BRDA:26,2,1,0
BRDA:29,3,0,0
BRDA:29,3,1,0
BRDA:41,4,0,0
BRDA:41,4,1,0
BRDA:47,5,0,0
BRDA:47,5,1,0
BRDA:53,6,0,0
BRDA:53,6,1,0
BRDA:59,7,0,0
BRDA:59,7,1,0
BRF:16
BRH:0
end_of_record
TN:
SF:src\components\dashboard\DashboardWidgets.jsx
FN:3,(anonymous_0)
FN:6,(anonymous_1)
FN:11,(anonymous_2)
FN:30,(anonymous_3)
FN:58,(anonymous_4)
FN:67,(anonymous_5)
FN:77,(anonymous_6)
FN:80,(anonymous_7)
FN:97,(anonymous_8)
FN:112,(anonymous_9)
FN:115,(anonymous_10)
FN:132,(anonymous_11)
FNF:12
FNH:0
FNDA:0,(anonymous_0)
FNDA:0,(anonymous_1)
FNDA:0,(anonymous_2)
FNDA:0,(anonymous_3)
FNDA:0,(anonymous_4)
FNDA:0,(anonymous_5)
FNDA:0,(anonymous_6)
FNDA:0,(anonymous_7)
FNDA:0,(anonymous_8)
FNDA:0,(anonymous_9)
FNDA:0,(anonymous_10)
FNDA:0,(anonymous_11)
DA:3,0
DA:4,0
DA:6,0
DA:7,0
DA:8,0
DA:11,0
DA:12,0
DA:13,0
DA:16,0
DA:31,0
DA:58,0
DA:59,0
DA:68,0
DA:77,0
DA:78,0
DA:80,0
DA:81,0
DA:82,0
DA:85,0
DA:98,0
DA:112,0
DA:113,0
DA:115,0
DA:116,0
DA:117,0
DA:120,0
DA:133,0
LF:27
LH:0
BRDA:7,0,0,0
BRDA:7,0,1,0
BRDA:13,1,0,0
BRDA:13,1,1,0
BRDA:81,2,0,0
BRDA:81,2,1,0
BRDA:102,3,0,0
BRDA:102,3,1,0
BRDA:116,4,0,0
BRDA:116,4,1,0
BRDA:137,5,0,0
BRDA:137,5,1,0
BRF:12
BRH:0
end_of_record
TN:
SF:src\components\formSections\AnlagendatenSection.jsx
FN:3,(anonymous_0)
FN:52,(anonymous_1)
FNF:2
FNH:0
FNDA:0,(anonymous_0)
FNDA:0,(anonymous_1)
DA:3,0
DA:4,0
DA:52,0
LF:3
LH:0
BRDA:25,0,0,0
BRDA:25,0,1,0
BRDA:57,1,0,0
BRDA:57,1,1,0
BRDA:72,2,0,0
BRDA:72,2,1,0
BRF:6
BRH:0
end_of_record
TN:
SF:src\components\formSections\FormContainer.jsx
FN:10,(anonymous_0)
FN:11,(anonymous_1)
FN:14,(anonymous_2)
FN:23,(anonymous_3)
FN:34,(anonymous_4)
FN:35,(anonymous_5)
FN:38,(anonymous_6)
FN:42,(anonymous_7)
FN:59,(anonymous_8)
FNF:9
FNH:0
FNDA:0,(anonymous_0)
FNDA:0,(anonymous_1)
FNDA:0,(anonymous_2)
FNDA:0,(anonymous_3)
FNDA:0,(anonymous_4)
FNDA:0,(anonymous_5)
FNDA:0,(anonymous_6)
FNDA:0,(anonymous_7)
FNDA:0,(anonymous_8)
DA:10,0
DA:11,0
DA:12,0
DA:14,0
DA:15,0
DA:16,0
DA:17,0
DA:18,0
DA:19,0
DA:23,0
DA:24,0
DA:25,0
DA:26,0
DA:28,0
DA:34,0
DA:35,0
DA:38,0
DA:42,0
DA:43,0
DA:44,0
DA:59,0
DA:60,0
DA:62,0
DA:64,0
DA:65,0
DA:66,0
DA:70,0
DA:76,0
DA:79,0
DA:88,0
DA:89,0
DA:91,0
DA:95,0
LF:33
LH:0
BRDA:16,0,0,0
BRDA:16,0,1,0
BRDA:48,1,0,0
BRDA:48,1,1,0
BRDA:64,2,0,0
BRDA:64,2,1,0
BRDA:64,3,0,0
BRDA:64,3,1,0
BRDA:112,4,0,0
BRDA:112,4,1,0
BRDA:118,5,0,0
BRDA:118,5,1,0
BRDA:121,6,0,0
BRDA:121,6,1,0
BRF:14
BRH:0
end_of_record
TN:
SF:src\components\formSections\KundendatenSection.jsx
FN:3,(anonymous_0)
FNF:1
FNH:0
FNDA:0,(anonymous_0)
DA:3,0
DA:4,0
LF:2
LH:0
BRF:0
BRH:0
end_of_record
TN:
SF:src\components\formSections\LazyFormSections.jsx
FN:4,(anonymous_0)
FN:5,(anonymous_1)
FN:6,(anonymous_2)
FN:7,(anonymous_3)
FN:8,(anonymous_4)
FN:11,(anonymous_5)
FN:23,(anonymous_6)
FNF:7
FNH:0
FNDA:0,(anonymous_0)
FNDA:0,(anonymous_1)
FNDA:0,(anonymous_2)
FNDA:0,(anonymous_3)
FNDA:0,(anonymous_4)
FNDA:0,(anonymous_5)
FNDA:0,(anonymous_6)
DA:4,0
DA:5,0
DA:6,0
DA:7,0
DA:8,0
DA:11,0
DA:12,0
DA:23,0
DA:24,0
LF:9
LH:0
BRDA:23,0,0,0
BRF:1
BRH:0
end_of_record
TN:
SF:src\components\formSections\RechtlichesSection.jsx
FN:3,(anonymous_0)
FNF:1
FNH:0
FNDA:0,(anonymous_0)
DA:3,0
DA:4,0
LF:2
LH:0
BRDA:25,0,0,0
BRDA:25,0,1,0
BRDA:43,1,0,0
BRDA:43,1,1,0
BRF:4
BRH:0
end_of_record
TN:
SF:src\components\formSections\ServiceangabenSection.jsx
FN:3,(anonymous_0)
FNF:1
FNH:0
FNDA:0,(anonymous_0)
DA:3,0
DA:4,0
LF:2
LH:0
BRDA:25,0,0,0
BRDA:25,0,1,0
BRDA:65,1,0,0
BRDA:65,1,1,0
BRF:4
BRH:0
end_of_record
TN:
SF:src\components\formSections\ZusatzinformationenSection.jsx
FN:3,(anonymous_0)
FN:7,(anonymous_1)
FN:9,(anonymous_2)
FN:19,(anonymous_3)
FN:32,(anonymous_4)
FN:33,(anonymous_5)
FN:77,(anonymous_6)
FN:95,(anonymous_7)
FNF:8
FNH:0
FNDA:0,(anonymous_0)
FNDA:0,(anonymous_1)
FNDA:0,(anonymous_2)
FNDA:0,(anonymous_3)
FNDA:0,(anonymous_4)
FNDA:0,(anonymous_5)
FNDA:0,(anonymous_6)
FNDA:0,(anonymous_7)
DA:3,0
DA:4,0
DA:5,0
DA:7,0
DA:8,0
DA:9,0
DA:10,0
DA:14,0
DA:15,0
DA:16,0
DA:19,0
DA:27,0
DA:28,0
DA:29,0
DA:32,0
DA:33,0
DA:34,0
DA:35,0
DA:38,0
DA:78,0
DA:95,0
LF:21
LH:0
BRDA:10,0,0,0
BRDA:10,0,1,0
BRDA:10,0,2,0
BRDA:14,1,0,0
BRDA:14,1,1,0
BRDA:70,2,0,0
BRDA:70,2,1,0
BRDA:119,3,0,0
BRDA:119,3,1,0
BRF:9
BRH:0
end_of_record
TN:
SF:src\components\forms\FormContainer.jsx
FN:10,(anonymous_0)
FN:33,(anonymous_1)
FN:63,(anonymous_2)
FN:68,(anonymous_3)
FN:118,(anonymous_4)
FN:135,(anonymous_5)
FNF:6
FNH:0
FNDA:0,(anonymous_0)
FNDA:0,(anonymous_1)
FNDA:0,(anonymous_2)
FNDA:0,(anonymous_3)
FNDA:0,(anonymous_4)
FNDA:0,(anonymous_5)
DA:10,0
DA:11,0
DA:12,0
DA:14,0
DA:25,0
DA:33,0
DA:34,0
DA:35,0
DA:36,0
DA:37,0
DA:39,0
DA:40,0
DA:42,0
DA:46,0
DA:48,0
DA:64,0
DA:68,0
DA:118,0
DA:135,0
LF:19
LH:0
BRDA:17,0,0,0
BRDA:17,0,1,0
BRDA:73,1,0,0
BRDA:73,1,1,0
BRDA:74,2,0,0
BRDA:74,2,1,0
BRDA:83,3,0,0
BRDA:83,3,1,0
BRDA:122,4,0,0
BRDA:122,4,1,0
BRDA:126,5,0,0
BRDA:126,5,1,0
BRDA:132,6,0,0
BRDA:132,6,1,0
BRDA:153,7,0,0
BRDA:153,7,1,0
BRDA:157,8,0,0
BRDA:157,8,1,0
BRDA:160,9,0,0
BRDA:160,9,1,0
BRF:20
BRH:0
end_of_record
TN:
SF:src\components\forms\ServiceForm.jsx
FN:4,(anonymous_0)
FNF:1
FNH:0
FNDA:0,(anonymous_0)
DA:4,0
DA:5,0
LF:2
LH:0
BRF:0
BRH:0
end_of_record
TN:
SF:src\components\forms\VibeForm.jsx
FNF:0
FNH:0
LF:0
LH:0
BRF:0
BRH:0
end_of_record
TN:
SF:src\components\layout\Layout.jsx
FN:3,(anonymous_0)
FNF:1
FNH:0
FNDA:0,(anonymous_0)
DA:3,0
DA:4,0
LF:2
LH:0
BRDA:9,0,0,0
BRDA:9,0,1,0
BRDA:12,1,0,0
BRDA:12,1,1,0
BRF:4
BRH:0
end_of_record
TN:
SF:src\components\layout\Sidebar.jsx
FN:4,(anonymous_0)
FN:62,(anonymous_1)
FN:120,(anonymous_2)
FN:135,(anonymous_3)
FN:155,(anonymous_4)
FN:161,(anonymous_5)
FNF:6
FNH:0
FNDA:0,(anonymous_0)
FNDA:0,(anonymous_1)
FNDA:0,(anonymous_2)
FNDA:0,(anonymous_3)
FNDA:0,(anonymous_4)
FNDA:0,(anonymous_5)
DA:4,0
DA:5,0
DA:6,0
DA:7,0
DA:9,0
DA:38,0
DA:56,0
DA:58,0
DA:62,0
DA:121,0
DA:136,0
DA:137,0
DA:156,0
DA:157,0
DA:158,0
DA:162,0
DA:163,0
DA:164,0
LF:18
LH:0
BRDA:56,0,0,0
BRDA:56,0,1,0
BRDA:85,1,0,0
BRDA:85,1,1,0
BRDA:103,2,0,0
BRDA:103,2,1,0
BRDA:106,3,0,0
BRDA:106,3,1,0
BRDA:110,4,0,0
BRDA:110,4,1,0
BRDA:114,5,0,0
BRDA:114,5,1,0
BRDA:122,6,0,0
BRDA:122,6,1,0
BRDA:136,7,0,0
BRDA:136,7,1,0
BRDA:144,8,0,0
BRDA:144,8,1,0
BRDA:145,9,0,0
BRDA:145,9,1,0
BRDA:147,10,0,0
BRDA:147,10,1,0
BRDA:148,11,0,0
BRDA:148,11,1,0
BRDA:151,12,0,0
BRDA:151,12,1,0
BRDA:153,13,0,0
BRDA:153,13,1,0
BRDA:156,14,0,0
BRDA:156,14,1,0
BRDA:162,15,0,0
BRDA:162,15,1,0
BRDA:169,16,0,0
BRDA:169,16,1,0
BRDA:179,17,0,0
BRDA:179,17,1,0
BRDA:182,18,0,0
BRDA:182,18,1,0
BRDA:182,18,2,0
BRF:39
BRH:0
end_of_record
TN:
SF:src\components\layout\TopBar.jsx
FN:3,(anonymous_0)
FN:7,(anonymous_1)
FN:8,(anonymous_2)
FN:9,(anonymous_3)
FN:12,(anonymous_4)
FN:50,(anonymous_5)
FN:106,(anonymous_6)
FNF:7
FNH:0
FNDA:0,(anonymous_0)
FNDA:0,(anonymous_1)
FNDA:0,(anonymous_2)
FNDA:0,(anonymous_3)
FNDA:0,(anonymous_4)
FNDA:0,(anonymous_5)
FNDA:0,(anonymous_6)
DA:3,0
DA:4,0
DA:5,0
DA:7,0
DA:8,0
DA:9,0
DA:12,0
DA:13,0
DA:21,0
DA:50,0
DA:107,0
DA:108,0
LF:12
LH:0
BRDA:73,0,0,0
BRDA:73,0,1,0
BRDA:80,1,0,0
BRDA:80,1,1,0
BRDA:86,2,0,0
BRDA:86,2,1,0
BRDA:102,3,0,0
BRDA:102,3,1,0
BRF:8
BRH:0
end_of_record
TN:
SF:src\components\profile\ProfileSettings.jsx
FN:4,(anonymous_0)
FN:33,(anonymous_1)
FN:37,(anonymous_2)
FN:107,(anonymous_3)
FN:113,(anonymous_4)
FN:116,(anonymous_5)
FN:122,(anonymous_6)
FN:137,(anonymous_7)
FN:145,(anonymous_8)
FN:198,(anonymous_9)
FN:201,(anonymous_10)
FN:230,(anonymous_11)
FN:230,(anonymous_12)
FN:237,(anonymous_13)
FN:237,(anonymous_14)
FN:246,(anonymous_15)
FN:246,(anonymous_16)
FN:253,(anonymous_17)
FN:253,(anonymous_18)
FN:263,(anonymous_19)
FN:263,(anonymous_20)
FN:269,(anonymous_21)
FN:269,(anonymous_22)
FN:277,(anonymous_23)
FN:277,(anonymous_24)
FN:294,(anonymous_25)
FN:294,(anonymous_26)
FN:316,(anonymous_27)
FN:316,(anonymous_28)
FN:321,(anonymous_29)
FN:321,(anonymous_30)
FN:332,(anonymous_31)
FN:332,(anonymous_32)
FN:339,(anonymous_33)
FN:339,(anonymous_34)
FN:348,(anonymous_35)
FN:348,(anonymous_36)
FN:355,(anonymous_37)
FN:355,(anonymous_38)
FN:397,(anonymous_39)
FN:397,(anonymous_40)
FN:419,(anonymous_41)
FN:419,(anonymous_42)
FN:441,(anonymous_43)
FN:441,(anonymous_44)
FNF:45
FNH:0
FNDA:0,(anonymous_0)
FNDA:0,(anonymous_1)
FNDA:0,(anonymous_2)
FNDA:0,(anonymous_3)
FNDA:0,(anonymous_4)
FNDA:0,(anonymous_5)
FNDA:0,(anonymous_6)
FNDA:0,(anonymous_7)
FNDA:0,(anonymous_8)
FNDA:0,(anonymous_9)
FNDA:0,(anonymous_10)
FNDA:0,(anonymous_11)
FNDA:0,(anonymous_12)
FNDA:0,(anonymous_13)
FNDA:0,(anonymous_14)
FNDA:0,(anonymous_15)
FNDA:0,(anonymous_16)
FNDA:0,(anonymous_17)
FNDA:0,(anonymous_18)
FNDA:0,(anonymous_19)
FNDA:0,(anonymous_20)
FNDA:0,(anonymous_21)
FNDA:0,(anonymous_22)
FNDA:0,(anonymous_23)
FNDA:0,(anonymous_24)
FNDA:0,(anonymous_25)
FNDA:0,(anonymous_26)
FNDA:0,(anonymous_27)
FNDA:0,(anonymous_28)
FNDA:0,(anonymous_29)
FNDA:0,(anonymous_30)
FNDA:0,(anonymous_31)
FNDA:0,(anonymous_32)
FNDA:0,(anonymous_33)
FNDA:0,(anonymous_34)
FNDA:0,(anonymous_35)
FNDA:0,(anonymous_36)
FNDA:0,(anonymous_37)
FNDA:0,(anonymous_38)
FNDA:0,(anonymous_39)
FNDA:0,(anonymous_40)
FNDA:0,(anonymous_41)
FNDA:0,(anonymous_42)
FNDA:0,(anonymous_43)
FNDA:0,(anonymous_44)
DA:4,0
DA:5,0
DA:6,0
DA:7,0
DA:8,0
DA:10,0
DA:27,0
DA:33,0
DA:34,0
DA:37,0
DA:38,0
DA:39,0
DA:40,0
DA:44,0
DA:45,0
DA:46,0
DA:64,0
DA:65,0
DA:84,0
DA:86,0
DA:87,0
DA:107,0
DA:108,0
DA:109,0
DA:111,0
DA:112,0
DA:113,0
DA:115,0
DA:116,0
DA:118,0
DA:122,0
DA:123,0
DA:124,0
DA:125,0
DA:128,0
DA:129,0
DA:130,0
DA:133,0
DA:134,0
DA:135,0
DA:136,0
DA:137,0
DA:139,0
DA:141,0
DA:145,0
DA:146,0
DA:173,0
DA:199,0
DA:201,0
DA:230,0
DA:237,0
DA:246,0
DA:253,0
DA:263,0
DA:269,0
DA:277,0
DA:294,0
DA:316,0
DA:321,0
DA:332,0
DA:339,0
DA:348,0
DA:355,0
DA:397,0
DA:419,0
DA:441,0
LF:66
LH:0
BRDA:5,0,0,0
BRDA:5,0,1,0
BRDA:44,1,0,0
BRDA:44,1,1,0
BRDA:47,2,0,0
BRDA:47,2,1,0
BRDA:48,3,0,0
BRDA:48,3,1,0
BRDA:49,4,0,0
BRDA:49,4,1,0
BRDA:50,5,0,0
BRDA:50,5,1,0
BRDA:51,6,0,0
BRDA:51,6,1,0
BRDA:52,7,0,0
BRDA:52,7,1,0
BRDA:53,8,0,0
BRDA:53,8,1,0
BRDA:54,9,0,0
BRDA:54,9,1,0
BRDA:55,10,0,0
BRDA:55,10,1,0
BRDA:56,11,0,0
BRDA:56,11,1,0
BRDA:57,12,0,0
BRDA:57,12,1,0
BRDA:58,13,0,0
BRDA:58,13,1,0
BRDA:59,14,0,0
BRDA:59,14,1,0
BRDA:60,15,0,0
BRDA:60,15,1,0
BRDA:64,16,0,0
BRDA:64,16,1,0
BRDA:66,17,0,0
BRDA:66,17,1,0
BRDA:67,18,0,0
BRDA:67,18,1,0
BRDA:68,19,0,0
BRDA:68,19,1,0
BRDA:69,20,0,0
BRDA:69,20,1,0
BRDA:70,21,0,0
BRDA:70,21,1,0
BRDA:71,22,0,0
BRDA:71,22,1,0
BRDA:72,23,0,0
BRDA:72,23,1,0
BRDA:73,24,0,0
BRDA:73,24,1,0
BRDA:74,25,0,0
BRDA:74,25,1,0
BRDA:75,26,0,0
BRDA:75,26,1,0
BRDA:76,27,0,0
BRDA:76,27,1,0
BRDA:77,28,0,0
BRDA:77,28,1,0
BRDA:78,29,0,0
BRDA:78,29,1,0
BRDA:79,30,0,0
BRDA:79,30,1,0
BRDA:86,31,0,0
BRDA:86,31,1,0
BRDA:88,32,0,0
BRDA:88,32,1,0
BRDA:89,33,0,0
BRDA:89,33,1,0
BRDA:90,34,0,0
BRDA:90,34,1,0
BRDA:91,35,0,0
BRDA:91,35,1,0
BRDA:92,36,0,0
BRDA:92,36,1,0
BRDA:93,37,0,0
BRDA:93,37,1,0
BRDA:94,38,0,0
BRDA:94,38,1,0
BRDA:95,39,0,0
BRDA:95,39,1,0
BRDA:96,40,0,0
BRDA:96,40,1,0
BRDA:97,41,0,0
BRDA:97,41,1,0
BRDA:98,42,0,0
BRDA:98,42,1,0
BRDA:99,43,0,0
BRDA:99,43,1,0
BRDA:100,44,0,0
BRDA:100,44,1,0
BRDA:101,45,0,0
BRDA:101,45,1,0
BRDA:123,46,0,0
BRDA:123,46,1,0
BRDA:128,47,0,0
BRDA:128,47,1,0
BRDA:145,48,0,0
BRDA:145,49,0,0
BRDA:145,50,0,0
BRDA:153,51,0,0
BRDA:153,51,1,0
BRDA:157,52,0,0
BRDA:157,52,1,0
BRDA:159,53,0,0
BRDA:159,53,1,0
BRDA:166,54,0,0
BRDA:166,54,1,0
BRDA:166,55,0,0
BRDA:166,55,1,0
BRDA:167,56,0,0
BRDA:167,56,1,0
BRDA:167,57,0,0
BRDA:167,57,1,0
BRDA:180,58,0,0
BRDA:180,58,1,0
BRDA:185,59,0,0
BRDA:185,59,1,0
BRDA:186,60,0,0
BRDA:186,60,1,0
BRDA:187,61,0,0
BRDA:187,61,1,0
BRDA:206,62,0,0
BRDA:206,62,1,0
BRDA:207,63,0,0
BRDA:207,63,1,0
BRDA:209,64,0,0
BRDA:209,64,1,0
BRDA:222,65,0,0
BRDA:222,65,1,0
BRDA:226,66,0,0
BRDA:226,66,1,0
BRDA:233,67,0,0
BRDA:233,67,1,0
BRDA:242,68,0,0
BRDA:242,68,1,0
BRDA:249,69,0,0
BRDA:249,69,1,0
BRDA:258,70,0,0
BRDA:258,70,1,0
BRDA:273,71,0,0
BRDA:273,71,1,0
BRDA:282,72,0,0
BRDA:282,72,1,0
BRDA:302,73,0,0
BRDA:302,73,1,0
BRDA:303,74,0,0
BRDA:303,74,1,0
BRDA:311,75,0,0
BRDA:311,75,1,0
BRDA:327,76,0,0
BRDA:327,76,1,0
BRDA:335,77,0,0
BRDA:335,77,1,0
BRDA:351,78,0,0
BRDA:351,78,1,0
BRDA:359,79,0,0
BRDA:359,79,1,0
BRDA:369,80,0,0
BRDA:369,80,1,0
BRDA:371,81,0,0
BRDA:371,81,1,0
BRDA:374,82,0,0
BRDA:374,82,1,0
BRDA:380,83,0,0
BRDA:380,83,1,0
BRDA:455,84,0,0
BRDA:455,84,1,0
BRDA:455,84,2,0
BRDA:462,85,0,0
BRDA:462,85,1,0
BRDA:462,86,0,0
BRDA:462,86,1,0
BRDA:462,86,2,0
BRDA:464,87,0,0
BRDA:464,87,1,0
BRDA:464,88,0,0
BRDA:464,88,1,0
BRDA:464,88,2,0
BRDA:467,89,0,0
BRDA:467,89,1,0
BRF:180
BRH:0
end_of_record
TN:
SF:src\components\ui\ConnectionStatus.jsx
FN:4,(anonymous_0)
FN:5,(anonymous_1)
FN:12,(anonymous_2)
FN:19,(anonymous_3)
FN:26,(anonymous_4)
FNF:5
FNH:0
FNDA:0,(anonymous_0)
FNDA:0,(anonymous_1)
FNDA:0,(anonymous_2)
FNDA:0,(anonymous_3)
FNDA:0,(anonymous_4)
DA:4,0
DA:5,0
DA:6,0
DA:7,0
DA:8,0
DA:9,0
DA:12,0
DA:13,0
DA:14,0
DA:15,0
DA:16,0
DA:19,0
DA:20,0
DA:21,0
DA:22,0
DA:23,0
DA:26,0
DA:27,0
DA:28,0
DA:32,0
LF:20
LH:0
BRDA:6,0,0,0
BRDA:6,0,1,0
BRDA:7,1,0,0
BRDA:7,1,1,0
BRDA:8,2,0,0
BRDA:8,2,1,0
BRDA:13,3,0,0
BRDA:13,3,1,0
BRDA:14,4,0,0
BRDA:14,4,1,0
BRDA:15,5,0,0
BRDA:15,5,1,0
BRDA:20,6,0,0
BRDA:20,6,1,0
BRDA:21,7,0,0
BRDA:21,7,1,0
BRDA:22,8,0,0
BRDA:22,8,1,0
BRDA:27,9,0,0
BRDA:27,9,1,0
BRDA:27,10,0,0
BRDA:27,10,1,0
BRDA:49,11,0,0
BRDA:49,11,1,0
BRDA:54,12,0,0
BRDA:54,12,1,0
BRDA:60,13,0,0
BRDA:60,13,1,0
BRF:28
BRH:0
end_of_record
TN:
SF:src\components\ui\SyncStatusIndicator.jsx
FN:3,(anonymous_0)
FN:6,(anonymous_1)
FN:7,(anonymous_2)
FN:8,(anonymous_3)
FN:13,(anonymous_4)
FNF:5
FNH:0
FNDA:0,(anonymous_0)
FNDA:0,(anonymous_1)
FNDA:0,(anonymous_2)
FNDA:0,(anonymous_3)
FNDA:0,(anonymous_4)
DA:3,0
DA:4,0
DA:6,0
DA:7,0
DA:8,0
DA:10,0
DA:11,0
DA:13,0
DA:14,0
DA:15,0
DA:19,0
DA:21,0
LF:12
LH:0
BRDA:19,0,0,0
BRDA:19,0,1,0
BRF:2
BRH:0
end_of_record
TN:
SF:src\examples\NewOfferIntegration.jsx
FN:9,(anonymous_0)
FNF:1
FNH:0
FNDA:0,(anonymous_0)
DA:9,0
DA:10,0
LF:2
LH:0
BRF:0
BRH:0
end_of_record
TN:
SF:src\hooks\useAuth.js
FN:5,(anonymous_0)
FN:11,(anonymous_1)
FN:15,(anonymous_2)
FN:32,(anonymous_3)
FN:56,(anonymous_4)
FN:63,(anonymous_5)
FN:67,(anonymous_6)
FN:72,(anonymous_7)
FN:76,(anonymous_8)
FN:85,(anonymous_9)
FN:90,(anonymous_10)
FN:103,(anonymous_11)
FN:108,(anonymous_12)
FNF:13
FNH:0
FNDA:0,(anonymous_0)
FNDA:0,(anonymous_1)
FNDA:0,(anonymous_2)
FNDA:0,(anonymous_3)
FNDA:0,(anonymous_4)
FNDA:0,(anonymous_5)
FNDA:0,(anonymous_6)
FNDA:0,(anonymous_7)
FNDA:0,(anonymous_8)
FNDA:0,(anonymous_9)
FNDA:0,(anonymous_10)
FNDA:0,(anonymous_11)
FNDA:0,(anonymous_12)
DA:3,0
DA:5,0
DA:6,0
DA:7,0
DA:8,0
DA:9,0
DA:11,0
DA:12,0
DA:15,0
DA:16,0
DA:17,0
DA:18,0
DA:19,0
DA:20,0
DA:21,0
DA:22,0
DA:25,0
DA:26,0
DA:28,0
DA:32,0
DA:33,0
DA:34,0
DA:35,0
DA:38,0
DA:40,0
DA:41,0
DA:44,0
DA:45,0
DA:46,0
DA:47,0
DA:49,0
DA:51,0
DA:52,0
DA:56,0
DA:57,0
DA:58,0
DA:59,0
DA:60,0
DA:63,0
DA:64,0
DA:67,0
DA:68,0
DA:72,0
DA:73,0
DA:76,0
DA:77,0
DA:78,0
DA:85,0
DA:86,0
DA:87,0
DA:90,0
DA:91,0
DA:92,0
DA:95,0
DA:96,0
DA:97,0
DA:100,0
DA:103,0
DA:104,0
DA:105,0
DA:108,0
DA:109,0
DA:112,0
LF:63
LH:0
BRDA:18,0,0,0
BRDA:18,0,1,0
BRDA:18,1,0,0
BRDA:18,1,1,0
BRDA:34,2,0,0
BRDA:34,2,1,0
BRDA:40,3,0,0
BRDA:40,3,1,0
BRDA:40,4,0,0
BRDA:40,4,1,0
BRDA:73,5,0,0
BRDA:73,5,1,0
BRDA:73,5,2,0
BRDA:80,6,0,0
BRDA:80,6,1,0
BRDA:95,7,0,0
BRDA:95,7,1,0
BRDA:95,8,0,0
BRDA:95,8,1,0
BRDA:109,9,0,0
BRDA:109,9,1,0
BRF:21
BRH:0
end_of_record
TN:
SF:src\pages\admin\Dashboard.jsx
FN:4,(anonymous_0)
FN:94,(anonymous_1)
FN:169,(anonymous_2)
FN:172,(anonymous_3)
FN:182,(anonymous_4)
FN:186,(anonymous_5)
FNF:6
FNH:0
FNDA:0,(anonymous_0)
FNDA:0,(anonymous_1)
FNDA:0,(anonymous_2)
FNDA:0,(anonymous_3)
FNDA:0,(anonymous_4)
FNDA:0,(anonymous_5)
DA:4,0
DA:5,0
DA:7,0
DA:45,0
DA:95,0
DA:170,0
DA:172,0
DA:183,0
DA:184,0
DA:187,0
DA:188,0
LF:11
LH:0
BRDA:100,0,0,0
BRDA:100,0,1,0
BRDA:101,1,0,0
BRDA:101,1,1,0
BRDA:110,2,0,0
BRDA:110,2,1,0
BRF:6
BRH:0
end_of_record
TN:
SF:src\pages\customer\Dashboard.jsx
FN:4,(anonymous_0)
FN:87,(anonymous_1)
FN:162,(anonymous_2)
FN:165,(anonymous_3)
FN:175,(anonymous_4)
FN:179,(anonymous_5)
FNF:6
FNH:0
FNDA:0,(anonymous_0)
FNDA:0,(anonymous_1)
FNDA:0,(anonymous_2)
FNDA:0,(anonymous_3)
FNDA:0,(anonymous_4)
FNDA:0,(anonymous_5)
DA:4,0
DA:5,0
DA:7,0
DA:38,0
DA:88,0
DA:163,0
DA:165,0
DA:176,0
DA:177,0
DA:180,0
DA:181,0
LF:11
LH:0
BRDA:93,0,0,0
BRDA:93,0,1,0
BRDA:94,1,0,0
BRDA:94,1,1,0
BRDA:103,2,0,0
BRDA:103,2,1,0
BRF:6
BRH:0
end_of_record
TN:
SF:src\services\api.js
FN:4,(anonymous_0)
FN:31,(anonymous_1)
FN:38,(anonymous_2)
FN:42,(anonymous_3)
FNF:4
FNH:0
FNDA:0,(anonymous_0)
FNDA:0,(anonymous_1)
FNDA:0,(anonymous_2)
FNDA:0,(anonymous_3)
DA:1,0
DA:3,0
DA:5,0
DA:7,0
DA:16,0
DA:17,0
DA:19,0
DA:20,0
DA:23,0
DA:25,0
DA:26,0
DA:32,0
DA:39,0
DA:43,0
LF:14
LH:0
BRDA:4,0,0,0
BRDA:10,1,0,0
BRDA:10,1,1,0
BRDA:19,2,0,0
BRDA:19,2,1,0
BRF:5
BRH:0
end_of_record
TN:
SF:src\services\authService.js
FN:2,(anonymous_0)
FN:7,(anonymous_1)
FN:13,(anonymous_2)
FN:18,(anonymous_3)
FN:23,(anonymous_4)
FN:43,(anonymous_5)
FN:49,(anonymous_6)
FNF:7
FNH:0
FNDA:0,(anonymous_0)
FNDA:0,(anonymous_1)
FNDA:0,(anonymous_2)
FNDA:0,(anonymous_3)
FNDA:0,(anonymous_4)
FNDA:0,(anonymous_5)
FNDA:0,(anonymous_6)
DA:3,0
DA:8,0
DA:9,0
DA:14,0
DA:19,0
DA:24,0
DA:27,0
DA:28,0
DA:29,0
DA:31,0
DA:32,0
DA:33,0
DA:35,0
DA:37,0
DA:38,0
DA:44,0
DA:45,0
DA:50,0
DA:51,0
DA:53,0
DA:54,0
DA:55,0
DA:59,0
LF:23
LH:0
BRDA:14,0,0,0
BRDA:14,0,1,0
BRDA:27,1,0,0
BRDA:27,1,1,0
BRDA:27,2,0,0
BRDA:27,2,1,0
BRDA:31,3,0,0
BRDA:31,3,1,0
BRDA:31,4,0,0
BRDA:31,4,1,0
BRDA:51,5,0,0
BRDA:51,5,1,0
BRDA:53,6,0,0
BRDA:53,6,1,0
BRDA:54,7,0,0
BRDA:54,7,1,0
BRF:16
BRH:0
end_of_record
TN:
SF:src\services\datevService.js
FN:2,(anonymous_0)
FN:14,(anonymous_1)
FN:41,(anonymous_2)
FNF:3
FNH:0
FNDA:0,(anonymous_0)
FNDA:0,(anonymous_1)
FNDA:0,(anonymous_2)
DA:3,0
DA:14,0
DA:15,0
DA:26,0
DA:38,0
DA:42,0
DA:43,0
DA:45,0
DA:46,0
DA:47,0
DA:48,0
DA:49,0
DA:50,0
DA:51,0
DA:52,0
DA:57,0
LF:16
LH:0
BRDA:41,0,0,0
BRDA:45,1,0,0
BRDA:45,1,1,0
BRF:3
BRH:0
end_of_record
TN:
SF:src\services\enhancedDB.js
FN:3,(anonymous_0)
FN:9,(anonymous_1)
FN:10,(anonymous_2)
FN:13,(anonymous_3)
FN:58,(anonymous_4)
FN:63,(anonymous_5)
FN:70,(anonymous_6)
FN:74,(anonymous_7)
FN:81,(anonymous_8)
FN:82,(anonymous_9)
FN:86,(anonymous_10)
FN:90,(anonymous_11)
FN:96,(anonymous_12)
FN:97,(anonymous_13)
FN:101,(anonymous_14)
FN:105,(anonymous_15)
FN:107,(anonymous_16)
FN:108,(anonymous_17)
FN:112,(anonymous_18)
FN:116,(anonymous_19)
FN:126,(anonymous_20)
FN:127,(anonymous_21)
FN:131,(anonymous_22)
FN:135,(anonymous_23)
FN:137,(anonymous_24)
FN:138,(anonymous_25)
FN:143,(anonymous_26)
FN:157,(anonymous_27)
FN:159,(anonymous_28)
FN:166,(anonymous_29)
FN:175,(anonymous_30)
FN:177,(anonymous_31)
FN:185,(anonymous_32)
FN:189,(anonymous_33)
FN:193,(anonymous_34)
FN:197,(anonymous_35)
FN:202,(anonymous_36)
FN:206,(anonymous_37)
FN:210,(anonymous_38)
FN:214,(anonymous_39)
FN:218,(anonymous_40)
FN:247,(anonymous_41)
FN:249,(anonymous_42)
FN:252,(anonymous_43)
FN:255,(anonymous_44)
FN:274,(anonymous_45)
FN:284,(anonymous_46)
FN:291,(anonymous_47)
FN:292,(anonymous_48)
FN:294,(anonymous_49)
FN:295,(anonymous_50)
FN:303,(anonymous_51)
FN:304,(anonymous_52)
FN:310,(anonymous_53)
FNF:54
FNH:0
FNDA:0,(anonymous_0)
FNDA:0,(anonymous_1)
FNDA:0,(anonymous_2)
FNDA:0,(anonymous_3)
FNDA:0,(anonymous_4)
FNDA:0,(anonymous_5)
FNDA:0,(anonymous_6)
FNDA:0,(anonymous_7)
FNDA:0,(anonymous_8)
FNDA:0,(anonymous_9)
FNDA:0,(anonymous_10)
FNDA:0,(anonymous_11)
FNDA:0,(anonymous_12)
FNDA:0,(anonymous_13)
FNDA:0,(anonymous_14)
FNDA:0,(anonymous_15)
FNDA:0,(anonymous_16)
FNDA:0,(anonymous_17)
FNDA:0,(anonymous_18)
FNDA:0,(anonymous_19)
FNDA:0,(anonymous_20)
FNDA:0,(anonymous_21)
FNDA:0,(anonymous_22)
FNDA:0,(anonymous_23)
FNDA:0,(anonymous_24)
FNDA:0,(anonymous_25)
FNDA:0,(anonymous_26)
FNDA:0,(anonymous_27)
FNDA:0,(anonymous_28)
FNDA:0,(anonymous_29)
FNDA:0,(anonymous_30)
FNDA:0,(anonymous_31)
FNDA:0,(anonymous_32)
FNDA:0,(anonymous_33)
FNDA:0,(anonymous_34)
FNDA:0,(anonymous_35)
FNDA:0,(anonymous_36)
FNDA:0,(anonymous_37)
FNDA:0,(anonymous_38)
FNDA:0,(anonymous_39)
FNDA:0,(anonymous_40)
FNDA:0,(anonymous_41)
FNDA:0,(anonymous_42)
FNDA:0,(anonymous_43)
FNDA:0,(anonymous_44)
FNDA:0,(anonymous_45)
FNDA:0,(anonymous_46)
FNDA:0,(anonymous_47)
FNDA:0,(anonymous_48)
FNDA:0,(anonymous_49)
FNDA:0,(anonymous_50)
FNDA:0,(anonymous_51)
FNDA:0,(anonymous_52)
FNDA:0,(anonymous_53)
DA:4,0
DA:5,0
DA:6,0
DA:10,0
DA:11,0
DA:13,0
DA:14,0
DA:17,0
DA:18,0
DA:19,0
DA:20,0
DA:21,0
DA:25,0
DA:26,0
DA:27,0
DA:28,0
DA:29,0
DA:30,0
DA:34,0
DA:35,0
DA:36,0
DA:37,0
DA:38,0
DA:39,0
DA:40,0
DA:44,0
DA:45,0
DA:46,0
DA:47,0
DA:48,0
DA:52,0
DA:53,0
DA:54,0
DA:58,0
DA:59,0
DA:60,0
DA:63,0
DA:64,0
DA:71,0
DA:72,0
DA:74,0
DA:75,0
DA:81,0
DA:82,0
DA:87,0
DA:88,0
DA:90,0
DA:91,0
DA:96,0
DA:97,0
DA:102,0
DA:103,0
DA:105,0
DA:106,0
DA:107,0
DA:108,0
DA:113,0
DA:114,0
DA:116,0
DA:119,0
DA:120,0
DA:121,0
DA:123,0
DA:126,0
DA:127,0
DA:132,0
DA:133,0
DA:135,0
DA:136,0
DA:137,0
DA:138,0
DA:144,0
DA:145,0
DA:154,0
DA:158,0
DA:159,0
DA:160,0
DA:161,0
DA:162,0
DA:167,0
DA:168,0
DA:169,0
DA:170,0
DA:171,0
DA:176,0
DA:177,0
DA:179,0
DA:180,0
DA:186,0
DA:190,0
DA:194,0
DA:198,0
DA:203,0
DA:207,0
DA:211,0
DA:215,0
DA:219,0
DA:220,0
DA:221,0
DA:224,0
DA:225,0
DA:226,0
DA:227,0
DA:229,0
DA:243,0
DA:248,0
DA:249,0
DA:250,0
DA:252,0
DA:256,0
DA:257,0
DA:258,0
DA:261,0
DA:270,0
DA:275,0
DA:281,0
DA:282,0
DA:284,0
DA:285,0
DA:286,0
DA:290,0
DA:291,0
DA:292,0
DA:294,0
DA:295,0
DA:297,0
DA:303,0
DA:304,0
DA:312,0
DA:315,0
DA:316,0
DA:317,0
DA:319,0
DA:320,0
DA:322,0
DA:329,0
LF:136
LH:0
BRDA:17,0,0,0
BRDA:17,0,1,0
BRDA:25,1,0,0
BRDA:25,1,1,0
BRDA:34,2,0,0
BRDA:34,2,1,0
BRDA:44,3,0,0
BRDA:44,3,1,0
BRDA:52,4,0,0
BRDA:52,4,1,0
BRDA:77,5,0,0
BRDA:77,5,1,0
BRDA:112,6,0,0
BRDA:112,7,0,0
BRDA:119,8,0,0
BRDA:119,8,1,0
BRDA:119,9,0,0
BRDA:119,9,1,0
BRDA:126,10,0,0
BRDA:126,10,1,0
BRDA:157,11,0,0
BRDA:161,12,0,0
BRDA:161,12,1,0
BRDA:162,13,0,0
BRDA:162,13,1,0
BRDA:162,13,2,0
BRDA:168,14,0,0
BRDA:168,14,1,0
BRDA:220,15,0,0
BRDA:220,15,1,0
BRDA:250,16,0,0
BRDA:250,16,1,0
BRDA:250,16,2,0
BRDA:257,17,0,0
BRDA:257,17,1,0
BRDA:266,18,0,0
BRDA:266,18,1,0
BRDA:286,19,0,0
BRDA:286,19,1,0
BRDA:320,20,0,0
BRDA:320,20,1,0
BRDA:320,21,0,0
BRDA:320,21,1,0
BRF:43
BRH:0
end_of_record
TN:
SF:src\services\offerHistoryService.js
FN:2,(anonymous_0)
FN:19,(anonymous_1)
FN:21,(anonymous_2)
FN:25,(anonymous_3)
FN:27,(anonymous_4)
FN:27,(anonymous_5)
FN:32,(anonymous_6)
FN:49,(anonymous_7)
FN:51,(anonymous_8)
FN:55,(anonymous_9)
FN:57,(anonymous_10)
FN:57,(anonymous_11)
FNF:12
FNH:0
FNDA:0,(anonymous_0)
FNDA:0,(anonymous_1)
FNDA:0,(anonymous_2)
FNDA:0,(anonymous_3)
FNDA:0,(anonymous_4)
FNDA:0,(anonymous_5)
FNDA:0,(anonymous_6)
FNDA:0,(anonymous_7)
FNDA:0,(anonymous_8)
FNDA:0,(anonymous_9)
FNDA:0,(anonymous_10)
FNDA:0,(anonymous_11)
DA:1,0
DA:3,0
DA:12,0
DA:13,0
DA:14,0
DA:16,0
DA:20,0
DA:21,0
DA:22,0
DA:26,0
DA:27,0
DA:31,0
DA:33,0
DA:42,0
DA:43,0
DA:44,0
DA:46,0
DA:50,0
DA:51,0
DA:52,0
DA:56,0
DA:57,0
LF:22
LH:0
BRDA:12,0,0,0
BRDA:12,0,1,0
BRDA:20,1,0,0
BRDA:20,1,1,0
BRDA:26,2,0,0
BRDA:26,2,1,0
BRDA:42,3,0,0
BRDA:42,3,1,0
BRDA:50,4,0,0
BRDA:50,4,1,0
BRDA:56,5,0,0
BRDA:56,5,1,0
BRF:12
BRH:0
end_of_record
TN:
SF:src\services\offlineService.js
FN:3,(anonymous_0)
FN:13,(anonymous_1)
FN:17,(anonymous_2)
FNF:3
FNH:0
FNDA:0,(anonymous_0)
FNDA:0,(anonymous_1)
FNDA:0,(anonymous_2)
DA:3,0
DA:4,0
DA:5,0
DA:9,0
DA:10,0
DA:13,0
DA:14,0
DA:17,0
DA:19,0
LF:9
LH:0
BRDA:4,0,0,0
BRDA:4,0,1,0
BRF:2
BRH:0
end_of_record
TN:
SF:src\services\optimizedDB.js
FN:2,(anonymous_0)
FN:8,(anonymous_1)
FN:9,(anonymous_2)
FN:12,(anonymous_3)
FN:41,(anonymous_4)
FN:46,(anonymous_5)
FN:51,(anonymous_6)
FN:54,(anonymous_7)
FN:63,(anonymous_8)
FN:64,(anonymous_9)
FN:69,(anonymous_10)
FN:72,(anonymous_11)
FN:79,(anonymous_12)
FN:81,(anonymous_13)
FN:85,(anonymous_14)
FN:91,(anonymous_15)
FN:106,(anonymous_16)
FN:109,(anonymous_17)
FN:114,(anonymous_18)
FN:123,(anonymous_19)
FN:128,(anonymous_20)
FN:138,(anonymous_21)
FNF:22
FNH:18
FNDA:1,(anonymous_0)
FNDA:5,(anonymous_1)
FNDA:5,(anonymous_2)
FNDA:1,(anonymous_3)
FNDA:5,(anonymous_4)
FNDA:0,(anonymous_5)
FNDA:1,(anonymous_6)
FNDA:1,(anonymous_7)
FNDA:1,(anonymous_8)
FNDA:0,(anonymous_9)
FNDA:1,(anonymous_10)
FNDA:1,(anonymous_11)
FNDA:1,(anonymous_12)
FNDA:1,(anonymous_13)
FNDA:0,(anonymous_14)
FNDA:4,(anonymous_15)
FNDA:4,(anonymous_16)
FNDA:4,(anonymous_17)
FNDA:4,(anonymous_18)
FNDA:0,(anonymous_19)
FNDA:1,(anonymous_20)
FNDA:3,(anonymous_21)
DA:3,1
DA:4,1
DA:5,1
DA:9,5
DA:10,5
DA:12,5
DA:13,1
DA:16,1
DA:17,1
DA:23,1
DA:24,1
DA:25,1
DA:26,1
DA:30,1
DA:31,1
DA:35,1
DA:36,1
DA:37,1
DA:41,5
DA:42,5
DA:43,5
DA:46,5
DA:52,1
DA:54,1
DA:55,1
DA:56,1
DA:57,1
DA:60,1
DA:61,1
DA:63,1
DA:64,1
DA:70,1
DA:72,1
DA:73,1
DA:74,1
DA:76,1
DA:77,1
DA:79,1
DA:80,1
DA:81,1
DA:82,1
DA:83,1
DA:85,1
DA:92,4
DA:94,4
DA:101,4
DA:102,4
DA:103,4
DA:107,4
DA:109,4
DA:110,4
DA:111,4
DA:112,4
DA:114,4
DA:115,4
DA:116,4
DA:117,2
DA:119,2
DA:123,4
DA:129,1
DA:131,1
DA:132,1
DA:133,1
DA:135,1
DA:136,1
DA:138,1
DA:139,3
DA:140,3
DA:141,2
DA:142,2
DA:148,1
LF:71
LH:71
BRDA:16,0,0,1
BRDA:16,0,1,0
BRDA:30,1,0,1
BRDA:30,1,1,0
BRDA:35,2,0,1
BRDA:35,2,1,0
BRDA:52,3,0,0
BRDA:52,3,1,1
BRDA:63,4,0,1
BRDA:63,4,1,0
BRDA:70,5,0,0
BRDA:70,5,1,1
BRDA:83,6,0,1
BRDA:83,6,1,0
BRDA:91,7,0,0
BRDA:92,8,0,0
BRDA:92,8,1,4
BRDA:107,9,0,0
BRDA:107,9,1,4
BRDA:116,10,0,2
BRDA:116,10,1,2
BRDA:116,11,0,4
BRDA:116,11,1,3
BRDA:129,12,0,0
BRDA:129,12,1,1
BRDA:140,13,0,2
BRDA:140,13,1,1
BRF:27
BRH:16
end_of_record
TN:
SF:src\services\pdfService.js
FN:4,(anonymous_0)
FN:29,(anonymous_1)
FN:49,(anonymous_2)
FN:74,(anonymous_3)
FNF:4
FNH:0
FNDA:0,(anonymous_0)
FNDA:0,(anonymous_1)
FNDA:0,(anonymous_2)
FNDA:0,(anonymous_3)
DA:5,0
DA:8,0
DA:9,0
DA:10,0
DA:11,0
DA:14,0
DA:15,0
DA:16,0
DA:17,0
DA:18,0
DA:21,0
DA:24,0
DA:25,0
DA:26,0
DA:27,0
DA:29,0
DA:30,0
DA:31,0
DA:32,0
DA:33,0
DA:34,0
DA:38,0
DA:39,0
DA:40,0
DA:41,0
DA:42,0
DA:43,0
DA:44,0
DA:46,0
DA:50,0
DA:53,0
DA:54,0
DA:55,0
DA:56,0
DA:59,0
DA:60,0
DA:61,0
DA:62,0
DA:63,0
DA:66,0
DA:69,0
DA:70,0
DA:71,0
DA:72,0
DA:74,0
DA:75,0
DA:76,0
DA:77,0
DA:78,0
DA:79,0
DA:83,0
DA:84,0
DA:85,0
DA:86,0
DA:87,0
DA:88,0
DA:89,0
DA:92,0
DA:93,0
DA:94,0
DA:95,0
DA:97,0
DA:101,0
LF:63
LH:0
BRF:0
BRH:0
end_of_record
TN:
SF:src\services\simple-auth.js
FN:5,(anonymous_0)
FN:32,(anonymous_1)
FN:53,(anonymous_2)
FN:57,(anonymous_3)
FNF:4
FNH:0
FNDA:0,(anonymous_0)
FNDA:0,(anonymous_1)
FNDA:0,(anonymous_2)
FNDA:0,(anonymous_3)
DA:4,0
DA:6,0
DA:7,0
DA:9,0
DA:10,0
DA:13,0
DA:14,0
DA:15,0
DA:28,0
DA:33,0
DA:34,0
DA:35,0
DA:36,0
DA:37,0
DA:39,0
DA:41,0
DA:42,0
DA:43,0
DA:49,0
DA:54,0
DA:58,0
LF:21
LH:0
BRDA:7,0,0,0
BRDA:7,0,1,0
BRDA:13,1,0,0
BRDA:13,1,1,0
BRDA:13,2,0,0
BRDA:13,2,1,0
BRDA:13,2,2,0
BRDA:18,3,0,0
BRDA:18,3,1,0
BRDA:19,4,0,0
BRDA:19,4,1,0
BRDA:20,5,0,0
BRDA:20,5,1,0
BRDA:21,6,0,0
BRDA:21,6,1,0
BRDA:22,7,0,0
BRDA:22,7,1,0
BRDA:23,8,0,0
BRDA:23,8,1,0
BRDA:24,9,0,0
BRDA:24,9,1,0
BRDA:34,10,0,0
BRDA:34,10,1,0
BRDA:41,11,0,0
BRDA:41,11,1,0
BRDA:41,12,0,0
BRDA:41,12,1,0
BRDA:41,12,2,0
BRDA:58,13,0,0
BRDA:58,13,1,0
BRF:30
BRH:0
end_of_record
TN:
SF:src\services\simple-services.js
FN:3,(anonymous_0)
FN:6,(anonymous_1)
FN:7,(anonymous_2)
FN:8,(anonymous_3)
FN:12,(anonymous_4)
FN:13,(anonymous_5)
FN:15,(anonymous_6)
FN:16,(anonymous_7)
FN:17,(anonymous_8)
FNF:9
FNH:0
FNDA:0,(anonymous_0)
FNDA:0,(anonymous_1)
FNDA:0,(anonymous_2)
FNDA:0,(anonymous_3)
FNDA:0,(anonymous_4)
FNDA:0,(anonymous_5)
FNDA:0,(anonymous_6)
FNDA:0,(anonymous_7)
FNDA:0,(anonymous_8)
DA:2,0
DA:4,0
DA:6,0
DA:7,0
DA:8,0
DA:11,0
DA:13,0
DA:15,0
DA:16,0
DA:17,0
LF:10
LH:0
BRF:0
BRH:0
end_of_record
TN:
SF:src\services\storage.js
FN:16,(anonymous_0)
FN:20,(anonymous_1)
FN:23,(anonymous_2)
FN:51,(anonymous_3)
FN:60,(anonymous_4)
FN:64,(anonymous_5)
FN:72,(anonymous_6)
FN:76,(anonymous_7)
FNF:8
FNH:0
FNDA:0,(anonymous_0)
FNDA:0,(anonymous_1)
FNDA:0,(anonymous_2)
FNDA:0,(anonymous_3)
FNDA:0,(anonymous_4)
FNDA:0,(anonymous_5)
FNDA:0,(anonymous_6)
FNDA:0,(anonymous_7)
DA:3,0
DA:4,0
DA:7,0
DA:17,0
DA:21,0
DA:22,0
DA:25,0
DA:26,0
DA:30,0
DA:31,0
DA:35,0
DA:36,0
DA:40,0
DA:41,0
DA:46,0
DA:47,0
DA:52,0
DA:57,0
DA:61,0
DA:65,0
DA:66,0
DA:67,0
DA:68,0
DA:73,0
DA:77,0
DA:81,0
LF:26
LH:0
BRDA:25,0,0,0
BRDA:25,0,1,0
BRDA:35,1,0,0
BRDA:35,1,1,0
BRDA:40,2,0,0
BRDA:40,2,1,0
BRDA:66,3,0,0
BRDA:66,3,1,0
BRDA:76,4,0,0
BRF:9
BRH:0
end_of_record
TN:
SF:src\services\sync.js
FN:2,(anonymous_0)
FN:8,(anonymous_1)
FN:9,(anonymous_2)
FN:14,(anonymous_3)
FN:19,(anonymous_4)
FN:36,(anonymous_5)
FN:54,(anonymous_6)
FN:57,(anonymous_7)
FN:60,(anonymous_8)
FNF:9
FNH:0
FNDA:0,(anonymous_0)
FNDA:0,(anonymous_1)
FNDA:0,(anonymous_2)
FNDA:0,(anonymous_3)
FNDA:0,(anonymous_4)
FNDA:0,(anonymous_5)
FNDA:0,(anonymous_6)
FNDA:0,(anonymous_7)
FNDA:0,(anonymous_8)
DA:3,0
DA:4,0
DA:5,0
DA:9,0
DA:10,0
DA:11,0
DA:14,0
DA:15,0
DA:20,0
DA:27,0
DA:29,0
DA:30,0
DA:33,0
DA:37,0
DA:39,0
DA:40,0
DA:42,0
DA:43,0
DA:44,0
DA:46,0
DA:47,0
DA:48,0
DA:56,0
DA:57,0
DA:61,0
DA:65,0
LF:26
LH:0
BRDA:29,0,0,0
BRDA:29,0,1,0
BRDA:37,1,0,0
BRDA:37,1,1,0
BRDA:37,2,0,0
BRDA:37,2,1,0
BRDA:46,3,0,0
BRDA:46,3,1,0
BRF:8
BRH:0
end_of_record
TN:
SF:src\services\syncService.js
FN:4,(anonymous_0)
FN:8,(anonymous_1)
FN:13,(anonymous_2)
FN:19,(anonymous_3)
FN:23,(anonymous_4)
FN:24,(anonymous_5)
FN:27,(anonymous_6)
FN:28,(anonymous_7)
FN:31,(anonymous_8)
FN:36,(anonymous_9)
FNF:10
FNH:10
FNDA:1,(anonymous_0)
FNDA:1,(anonymous_1)
FNDA:3,(anonymous_2)
FNDA:2,(anonymous_3)
FNDA:2,(anonymous_4)
FNDA:2,(anonymous_5)
FNDA:4,(anonymous_6)
FNDA:2,(anonymous_7)
FNDA:1,(anonymous_8)
FNDA:2,(anonymous_9)
DA:5,1
DA:6,1
DA:8,1
DA:9,1
DA:10,1
DA:13,1
DA:14,3
DA:15,3
DA:20,2
DA:24,2
DA:28,4
DA:33,1
DA:37,2
DA:44,1
LF:14
LH:14
BRF:0
BRH:0
end_of_record
TN:
SF:src\utils\performance.js
FN:6,(anonymous_0)
FN:11,(anonymous_1)
FN:19,(anonymous_2)
FN:24,(anonymous_3)
FN:30,(anonymous_4)
FN:34,(anonymous_5)
FN:35,(anonymous_6)
FN:37,(anonymous_7)
FN:38,(anonymous_8)
FN:43,(anonymous_9)
FN:45,(anonymous_10)
FN:46,(anonymous_11)
FN:50,(anonymous_12)
FN:51,(anonymous_13)
FNF:14
FNH:0
FNDA:0,(anonymous_0)
FNDA:0,(anonymous_1)
FNDA:0,(anonymous_2)
FNDA:0,(anonymous_3)
FNDA:0,(anonymous_4)
FNDA:0,(anonymous_5)
FNDA:0,(anonymous_6)
FNDA:0,(anonymous_7)
FNDA:0,(anonymous_8)
FNDA:0,(anonymous_9)
FNDA:0,(anonymous_10)
FNDA:0,(anonymous_11)
FNDA:0,(anonymous_12)
FNDA:0,(anonymous_13)
DA:2,0
DA:7,0
DA:12,0
DA:13,0
DA:14,0
DA:20,0
DA:25,0
DA:30,0
DA:31,0
DA:34,0
DA:35,0
DA:36,0
DA:37,0
DA:38,0
DA:43,0
DA:44,0
DA:45,0
DA:46,0
DA:49,0
DA:50,0
DA:51,0
LF:21
LH:0
BRDA:12,0,0,0
BRDA:12,0,1,0
BRF:2
BRH:0
end_of_record
TN:
SF:src\utils\security.js
FN:4,(anonymous_0)
FN:16,(anonymous_1)
FN:22,(anonymous_2)
FN:28,(anonymous_3)
FN:34,(anonymous_4)
FN:45,(anonymous_5)
FNF:6
FNH:0
FNDA:0,(anonymous_0)
FNDA:0,(anonymous_1)
FNDA:0,(anonymous_2)
FNDA:0,(anonymous_3)
FNDA:0,(anonymous_4)
FNDA:0,(anonymous_5)
DA:2,0
DA:5,0
DA:7,0
DA:17,0
DA:18,0
DA:23,0
DA:24,0
DA:29,0
DA:36,0
DA:37,0
DA:39,0
DA:40,0
DA:46,0
DA:47,0
DA:49,0
DA:50,0
LF:16
LH:0
BRDA:5,0,0,0
BRDA:5,0,1,0
BRDA:29,1,0,0
BRDA:29,1,1,0
BRF:4
BRH:0
end_of_record
